{"C:\\Users\\ILYASANATE\\Documents\\AndelaProjects\\PostIt\\server\\tests\\auth.test.js":{"path":"C:\\Users\\ILYASANATE\\Documents\\AndelaProjects\\PostIt\\server\\tests\\auth.test.js","statementMap":{"0":{"start":{"line":3,"column":0},"end":{"line":3,"column":27}},"1":{"start":{"line":5,"column":14},"end":{"line":5,"column":34}},"2":{"start":{"line":6,"column":13},"end":{"line":6,"column":35}},"3":{"start":{"line":7,"column":16},"end":{"line":7,"column":37}},"4":{"start":{"line":8,"column":10},"end":{"line":8,"column":32}},"5":{"start":{"line":9,"column":13},"end":{"line":9,"column":40}},"6":{"start":{"line":10,"column":11},"end":{"line":10,"column":47}},"7":{"start":{"line":11,"column":9},"end":{"line":11,"column":40}},"8":{"start":{"line":14,"column":0},"end":{"line":70,"column":3}},"9":{"start":{"line":15,"column":2},"end":{"line":15,"column":29}},"10":{"start":{"line":16,"column":2},"end":{"line":16,"column":33}},"11":{"start":{"line":18,"column":2},"end":{"line":24,"column":5}},"12":{"start":{"line":19,"column":4},"end":{"line":23,"column":7}},"13":{"start":{"line":20,"column":6},"end":{"line":20,"column":32}},"14":{"start":{"line":20,"column":15},"end":{"line":20,"column":32}},"15":{"start":{"line":21,"column":6},"end":{"line":21,"column":90}},"16":{"start":{"line":22,"column":6},"end":{"line":22,"column":13}},"17":{"start":{"line":25,"column":2},"end":{"line":31,"column":5}},"18":{"start":{"line":26,"column":4},"end":{"line":30,"column":7}},"19":{"start":{"line":27,"column":6},"end":{"line":27,"column":32}},"20":{"start":{"line":27,"column":15},"end":{"line":27,"column":32}},"21":{"start":{"line":28,"column":6},"end":{"line":28,"column":53}},"22":{"start":{"line":29,"column":6},"end":{"line":29,"column":13}},"23":{"start":{"line":32,"column":2},"end":{"line":38,"column":5}},"24":{"start":{"line":33,"column":4},"end":{"line":37,"column":7}},"25":{"start":{"line":34,"column":6},"end":{"line":34,"column":32}},"26":{"start":{"line":34,"column":15},"end":{"line":34,"column":32}},"27":{"start":{"line":35,"column":6},"end":{"line":35,"column":60}},"28":{"start":{"line":36,"column":6},"end":{"line":36,"column":13}},"29":{"start":{"line":39,"column":2},"end":{"line":45,"column":5}},"30":{"start":{"line":40,"column":4},"end":{"line":44,"column":7}},"31":{"start":{"line":41,"column":6},"end":{"line":41,"column":32}},"32":{"start":{"line":41,"column":15},"end":{"line":41,"column":32}},"33":{"start":{"line":42,"column":6},"end":{"line":42,"column":70}},"34":{"start":{"line":43,"column":6},"end":{"line":43,"column":13}},"35":{"start":{"line":46,"column":2},"end":{"line":56,"column":5}},"36":{"start":{"line":47,"column":4},"end":{"line":55,"column":7}},"37":{"start":{"line":48,"column":6},"end":{"line":48,"column":32}},"38":{"start":{"line":48,"column":15},"end":{"line":48,"column":32}},"39":{"start":{"line":49,"column":25},"end":{"line":49,"column":44}},"40":{"start":{"line":50,"column":6},"end":{"line":50,"column":58}},"41":{"start":{"line":51,"column":6},"end":{"line":51,"column":54}},"42":{"start":{"line":52,"column":21},"end":{"line":52,"column":45}},"43":{"start":{"line":53,"column":6},"end":{"line":53,"column":48}},"44":{"start":{"line":54,"column":6},"end":{"line":54,"column":13}},"45":{"start":{"line":57,"column":2},"end":{"line":69,"column":5}},"46":{"start":{"line":58,"column":4},"end":{"line":68,"column":7}},"47":{"start":{"line":59,"column":6},"end":{"line":59,"column":32}},"48":{"start":{"line":59,"column":15},"end":{"line":59,"column":32}},"49":{"start":{"line":60,"column":6},"end":{"line":67,"column":9}},"50":{"start":{"line":63,"column":8},"end":{"line":63,"column":51}},"51":{"start":{"line":64,"column":8},"end":{"line":64,"column":15}},"52":{"start":{"line":66,"column":8},"end":{"line":66,"column":25}},"53":{"start":{"line":72,"column":0},"end":{"line":114,"column":3}},"54":{"start":{"line":74,"column":2},"end":{"line":74,"column":25}},"55":{"start":{"line":83,"column":2},"end":{"line":83,"column":29}},"56":{"start":{"line":84,"column":2},"end":{"line":90,"column":5}},"57":{"start":{"line":85,"column":4},"end":{"line":89,"column":7}},"58":{"start":{"line":86,"column":6},"end":{"line":86,"column":32}},"59":{"start":{"line":86,"column":15},"end":{"line":86,"column":32}},"60":{"start":{"line":87,"column":6},"end":{"line":87,"column":90}},"61":{"start":{"line":88,"column":6},"end":{"line":88,"column":13}},"62":{"start":{"line":91,"column":2},"end":{"line":97,"column":5}},"63":{"start":{"line":92,"column":4},"end":{"line":96,"column":7}},"64":{"start":{"line":93,"column":6},"end":{"line":93,"column":32}},"65":{"start":{"line":93,"column":15},"end":{"line":93,"column":32}},"66":{"start":{"line":94,"column":6},"end":{"line":94,"column":47}},"67":{"start":{"line":95,"column":6},"end":{"line":95,"column":13}},"68":{"start":{"line":98,"column":2},"end":{"line":104,"column":5}},"69":{"start":{"line":99,"column":4},"end":{"line":103,"column":7}},"70":{"start":{"line":100,"column":6},"end":{"line":100,"column":32}},"71":{"start":{"line":100,"column":15},"end":{"line":100,"column":32}},"72":{"start":{"line":101,"column":6},"end":{"line":101,"column":51}},"73":{"start":{"line":102,"column":6},"end":{"line":102,"column":13}},"74":{"start":{"line":105,"column":2},"end":{"line":113,"column":5}},"75":{"start":{"line":106,"column":4},"end":{"line":112,"column":7}},"76":{"start":{"line":107,"column":6},"end":{"line":107,"column":32}},"77":{"start":{"line":107,"column":15},"end":{"line":107,"column":32}},"78":{"start":{"line":108,"column":6},"end":{"line":108,"column":30}},"79":{"start":{"line":109,"column":25},"end":{"line":109,"column":44}},"80":{"start":{"line":110,"column":6},"end":{"line":110,"column":52}},"81":{"start":{"line":111,"column":6},"end":{"line":111,"column":13}}},"fnMap":{"0":{"name":"(anonymous_0)","decl":{"start":{"line":14,"column":33},"end":{"line":14,"column":34}},"loc":{"start":{"line":14,"column":45},"end":{"line":70,"column":1}},"line":14},"1":{"name":"(anonymous_1)","decl":{"start":{"line":18,"column":95},"end":{"line":18,"column":96}},"loc":{"start":{"line":18,"column":111},"end":{"line":24,"column":3}},"line":18},"2":{"name":"(anonymous_2)","decl":{"start":{"line":19,"column":154},"end":{"line":19,"column":155}},"loc":{"start":{"line":19,"column":174},"end":{"line":23,"column":5}},"line":19},"3":{"name":"(anonymous_3)","decl":{"start":{"line":25,"column":78},"end":{"line":25,"column":79}},"loc":{"start":{"line":25,"column":94},"end":{"line":31,"column":3}},"line":25},"4":{"name":"(anonymous_4)","decl":{"start":{"line":26,"column":158},"end":{"line":26,"column":159}},"loc":{"start":{"line":26,"column":178},"end":{"line":30,"column":5}},"line":26},"5":{"name":"(anonymous_5)","decl":{"start":{"line":32,"column":65},"end":{"line":32,"column":66}},"loc":{"start":{"line":32,"column":81},"end":{"line":38,"column":3}},"line":32},"6":{"name":"(anonymous_6)","decl":{"start":{"line":33,"column":159},"end":{"line":33,"column":160}},"loc":{"start":{"line":33,"column":179},"end":{"line":37,"column":5}},"line":33},"7":{"name":"(anonymous_7)","decl":{"start":{"line":39,"column":82},"end":{"line":39,"column":83}},"loc":{"start":{"line":39,"column":98},"end":{"line":45,"column":3}},"line":39},"8":{"name":"(anonymous_8)","decl":{"start":{"line":40,"column":156},"end":{"line":40,"column":157}},"loc":{"start":{"line":40,"column":176},"end":{"line":44,"column":5}},"line":40},"9":{"name":"(anonymous_9)","decl":{"start":{"line":46,"column":101},"end":{"line":46,"column":102}},"loc":{"start":{"line":46,"column":117},"end":{"line":56,"column":3}},"line":46},"10":{"name":"(anonymous_10)","decl":{"start":{"line":47,"column":157},"end":{"line":47,"column":158}},"loc":{"start":{"line":47,"column":177},"end":{"line":55,"column":5}},"line":47},"11":{"name":"(anonymous_11)","decl":{"start":{"line":57,"column":87},"end":{"line":57,"column":88}},"loc":{"start":{"line":57,"column":103},"end":{"line":69,"column":3}},"line":57},"12":{"name":"(anonymous_12)","decl":{"start":{"line":58,"column":157},"end":{"line":58,"column":158}},"loc":{"start":{"line":58,"column":177},"end":{"line":68,"column":5}},"line":58},"13":{"name":"(anonymous_13)","decl":{"start":{"line":62,"column":14},"end":{"line":62,"column":15}},"loc":{"start":{"line":62,"column":30},"end":{"line":65,"column":7}},"line":62},"14":{"name":"(anonymous_14)","decl":{"start":{"line":65,"column":15},"end":{"line":65,"column":16}},"loc":{"start":{"line":65,"column":30},"end":{"line":67,"column":7}},"line":65},"15":{"name":"(anonymous_15)","decl":{"start":{"line":72,"column":33},"end":{"line":72,"column":34}},"loc":{"start":{"line":72,"column":45},"end":{"line":114,"column":1}},"line":72},"16":{"name":"(anonymous_16)","decl":{"start":{"line":84,"column":98},"end":{"line":84,"column":99}},"loc":{"start":{"line":84,"column":114},"end":{"line":90,"column":3}},"line":84},"17":{"name":"(anonymous_17)","decl":{"start":{"line":85,"column":100},"end":{"line":85,"column":101}},"loc":{"start":{"line":85,"column":120},"end":{"line":89,"column":5}},"line":85},"18":{"name":"(anonymous_18)","decl":{"start":{"line":91,"column":70},"end":{"line":91,"column":71}},"loc":{"start":{"line":91,"column":86},"end":{"line":97,"column":3}},"line":91},"19":{"name":"(anonymous_19)","decl":{"start":{"line":92,"column":105},"end":{"line":92,"column":106}},"loc":{"start":{"line":92,"column":125},"end":{"line":96,"column":5}},"line":92},"20":{"name":"(anonymous_20)","decl":{"start":{"line":98,"column":80},"end":{"line":98,"column":81}},"loc":{"start":{"line":98,"column":96},"end":{"line":104,"column":3}},"line":98},"21":{"name":"(anonymous_21)","decl":{"start":{"line":99,"column":106},"end":{"line":99,"column":107}},"loc":{"start":{"line":99,"column":126},"end":{"line":103,"column":5}},"line":99},"22":{"name":"(anonymous_22)","decl":{"start":{"line":105,"column":78},"end":{"line":105,"column":79}},"loc":{"start":{"line":105,"column":94},"end":{"line":113,"column":3}},"line":105},"23":{"name":"(anonymous_23)","decl":{"start":{"line":106,"column":106},"end":{"line":106,"column":107}},"loc":{"start":{"line":106,"column":126},"end":{"line":112,"column":5}},"line":106}},"branchMap":{"0":{"loc":{"start":{"line":20,"column":6},"end":{"line":20,"column":32}},"type":"if","locations":[{"start":{"line":20,"column":6},"end":{"line":20,"column":32}},{"start":{"line":20,"column":6},"end":{"line":20,"column":32}}],"line":20},"1":{"loc":{"start":{"line":27,"column":6},"end":{"line":27,"column":32}},"type":"if","locations":[{"start":{"line":27,"column":6},"end":{"line":27,"column":32}},{"start":{"line":27,"column":6},"end":{"line":27,"column":32}}],"line":27},"2":{"loc":{"start":{"line":34,"column":6},"end":{"line":34,"column":32}},"type":"if","locations":[{"start":{"line":34,"column":6},"end":{"line":34,"column":32}},{"start":{"line":34,"column":6},"end":{"line":34,"column":32}}],"line":34},"3":{"loc":{"start":{"line":41,"column":6},"end":{"line":41,"column":32}},"type":"if","locations":[{"start":{"line":41,"column":6},"end":{"line":41,"column":32}},{"start":{"line":41,"column":6},"end":{"line":41,"column":32}}],"line":41},"4":{"loc":{"start":{"line":48,"column":6},"end":{"line":48,"column":32}},"type":"if","locations":[{"start":{"line":48,"column":6},"end":{"line":48,"column":32}},{"start":{"line":48,"column":6},"end":{"line":48,"column":32}}],"line":48},"5":{"loc":{"start":{"line":59,"column":6},"end":{"line":59,"column":32}},"type":"if","locations":[{"start":{"line":59,"column":6},"end":{"line":59,"column":32}},{"start":{"line":59,"column":6},"end":{"line":59,"column":32}}],"line":59},"6":{"loc":{"start":{"line":86,"column":6},"end":{"line":86,"column":32}},"type":"if","locations":[{"start":{"line":86,"column":6},"end":{"line":86,"column":32}},{"start":{"line":86,"column":6},"end":{"line":86,"column":32}}],"line":86},"7":{"loc":{"start":{"line":93,"column":6},"end":{"line":93,"column":32}},"type":"if","locations":[{"start":{"line":93,"column":6},"end":{"line":93,"column":32}},{"start":{"line":93,"column":6},"end":{"line":93,"column":32}}],"line":93},"8":{"loc":{"start":{"line":100,"column":6},"end":{"line":100,"column":32}},"type":"if","locations":[{"start":{"line":100,"column":6},"end":{"line":100,"column":32}},{"start":{"line":100,"column":6},"end":{"line":100,"column":32}}],"line":100},"9":{"loc":{"start":{"line":107,"column":6},"end":{"line":107,"column":32}},"type":"if","locations":[{"start":{"line":107,"column":6},"end":{"line":107,"column":32}},{"start":{"line":107,"column":6},"end":{"line":107,"column":32}}],"line":107}},"s":{"0":1,"1":1,"2":1,"3":1,"4":1,"5":1,"6":1,"7":1,"8":1,"9":1,"10":1,"11":1,"12":1,"13":1,"14":0,"15":1,"16":1,"17":1,"18":1,"19":1,"20":0,"21":1,"22":1,"23":1,"24":1,"25":1,"26":0,"27":1,"28":1,"29":1,"30":1,"31":1,"32":0,"33":1,"34":1,"35":1,"36":1,"37":1,"38":0,"39":1,"40":1,"41":1,"42":1,"43":1,"44":1,"45":1,"46":1,"47":1,"48":0,"49":1,"50":1,"51":1,"52":0,"53":1,"54":1,"55":1,"56":1,"57":1,"58":1,"59":0,"60":1,"61":1,"62":1,"63":1,"64":1,"65":0,"66":1,"67":1,"68":1,"69":1,"70":1,"71":0,"72":1,"73":1,"74":1,"75":1,"76":1,"77":0,"78":1,"79":1,"80":1,"81":1},"f":{"0":1,"1":1,"2":1,"3":1,"4":1,"5":1,"6":1,"7":1,"8":1,"9":1,"10":1,"11":1,"12":1,"13":1,"14":0,"15":1,"16":1,"17":1,"18":1,"19":1,"20":1,"21":1,"22":1,"23":1},"b":{"0":[0,1],"1":[0,1],"2":[0,1],"3":[0,1],"4":[0,1],"5":[0,1],"6":[0,1],"7":[0,1],"8":[0,1],"9":[0,1]},"_coverageSchema":"332fd63041d2c1bcb487cc26dd0d5f7d97098a6c","hash":"611dd4c116dc8f6f82dcb8fe648bab3a52ef86fa","contentHash":"eb3362efed068320792d2111518feadf_11.0.3"},"C:\\Users\\ILYASANATE\\Documents\\AndelaProjects\\PostIt\\app.js":{"path":"C:\\Users\\ILYASANATE\\Documents\\AndelaProjects\\PostIt\\app.js","statementMap":{"0":{"start":{"line":3,"column":0},"end":{"line":3,"column":27}},"1":{"start":{"line":4,"column":14},"end":{"line":4,"column":32}},"2":{"start":{"line":7,"column":10},"end":{"line":7,"column":19}},"3":{"start":{"line":8,"column":17},"end":{"line":8,"column":39}},"4":{"start":{"line":9,"column":13},"end":{"line":9,"column":30}},"5":{"start":{"line":10,"column":11},"end":{"line":10,"column":26}},"6":{"start":{"line":11,"column":11},"end":{"line":11,"column":26}},"7":{"start":{"line":13,"column":0},"end":{"line":13,"column":23}},"8":{"start":{"line":15,"column":0},"end":{"line":15,"column":27}},"9":{"start":{"line":16,"column":0},"end":{"line":16,"column":51}},"10":{"start":{"line":17,"column":0},"end":{"line":17,"column":42}},"11":{"start":{"line":18,"column":0},"end":{"line":18,"column":58}},"12":{"start":{"line":21,"column":0},"end":{"line":21,"column":38}},"13":{"start":{"line":23,"column":13},"end":{"line":23,"column":35}},"14":{"start":{"line":25,"column":0},"end":{"line":30,"column":3}},"15":{"start":{"line":26,"column":2},"end":{"line":28,"column":3}},"16":{"start":{"line":27,"column":4},"end":{"line":27,"column":14}},"17":{"start":{"line":29,"column":2},"end":{"line":29,"column":54}},"18":{"start":{"line":32,"column":0},"end":{"line":32,"column":21}}},"fnMap":{"0":{"name":"(anonymous_0)","decl":{"start":{"line":25,"column":31},"end":{"line":25,"column":32}},"loc":{"start":{"line":25,"column":46},"end":{"line":30,"column":1}},"line":25}},"branchMap":{"0":{"loc":{"start":{"line":17,"column":16},"end":{"line":17,"column":40}},"type":"binary-expr","locations":[{"start":{"line":17,"column":16},"end":{"line":17,"column":32}},{"start":{"line":17,"column":36},"end":{"line":17,"column":40}}],"line":17},"1":{"loc":{"start":{"line":26,"column":2},"end":{"line":28,"column":3}},"type":"if","locations":[{"start":{"line":26,"column":2},"end":{"line":28,"column":3}},{"start":{"line":26,"column":2},"end":{"line":28,"column":3}}],"line":26}},"s":{"0":1,"1":1,"2":1,"3":1,"4":1,"5":1,"6":1,"7":1,"8":1,"9":1,"10":1,"11":1,"12":1,"13":1,"14":1,"15":1,"16":0,"17":1,"18":1},"f":{"0":1},"b":{"0":[1,1],"1":[0,1]},"_coverageSchema":"332fd63041d2c1bcb487cc26dd0d5f7d97098a6c","hash":"0bed6e0349cfb93a3d3a4e048b58694c1d15dffd","contentHash":"fcb67bd43943a227c5ca43838ffa7a34_11.0.3"},"C:\\Users\\ILYASANATE\\Documents\\AndelaProjects\\PostIt\\server\\routes\\index.js":{"path":"C:\\Users\\ILYASANATE\\Documents\\AndelaProjects\\PostIt\\server\\routes\\index.js","statementMap":{"0":{"start":{"line":3,"column":0},"end":{"line":12,"column":2}},"1":{"start":{"line":4,"column":2},"end":{"line":6,"column":5}},"2":{"start":{"line":5,"column":4},"end":{"line":5,"column":103}},"3":{"start":{"line":7,"column":2},"end":{"line":7,"column":37}},"4":{"start":{"line":8,"column":2},"end":{"line":8,"column":38}},"5":{"start":{"line":9,"column":2},"end":{"line":11,"column":5}},"6":{"start":{"line":10,"column":4},"end":{"line":10,"column":72}}},"fnMap":{"0":{"name":"(anonymous_0)","decl":{"start":{"line":3,"column":17},"end":{"line":3,"column":18}},"loc":{"start":{"line":3,"column":32},"end":{"line":12,"column":1}},"line":3},"1":{"name":"(anonymous_1)","decl":{"start":{"line":4,"column":18},"end":{"line":4,"column":19}},"loc":{"start":{"line":4,"column":38},"end":{"line":6,"column":3}},"line":4},"2":{"name":"(anonymous_2)","decl":{"start":{"line":9,"column":20},"end":{"line":9,"column":21}},"loc":{"start":{"line":9,"column":40},"end":{"line":11,"column":3}},"line":9}},"branchMap":{},"s":{"0":1,"1":1,"2":1,"3":1,"4":1,"5":1,"6":1},"f":{"0":1,"1":1,"2":1},"b":{},"_coverageSchema":"332fd63041d2c1bcb487cc26dd0d5f7d97098a6c","hash":"29299c77087c332a0ac78e540a55b51e0e39b4c3","contentHash":"fd1ccf7aeb5a1f4ec35551d11d59aae2_11.0.3"},"C:\\Users\\ILYASANATE\\Documents\\AndelaProjects\\PostIt\\server\\routes\\auth.js":{"path":"C:\\Users\\ILYASANATE\\Documents\\AndelaProjects\\PostIt\\server\\routes\\auth.js","statementMap":{"0":{"start":{"line":3,"column":13},"end":{"line":3,"column":40}},"1":{"start":{"line":4,"column":21},"end":{"line":4,"column":51}},"2":{"start":{"line":6,"column":0},"end":{"line":36,"column":29}},"3":{"start":{"line":37,"column":0},"end":{"line":59,"column":29}},"4":{"start":{"line":60,"column":0},"end":{"line":60,"column":24}}},"fnMap":{},"branchMap":{},"s":{"0":1,"1":1,"2":1,"3":1,"4":1},"f":{},"b":{},"_coverageSchema":"332fd63041d2c1bcb487cc26dd0d5f7d97098a6c","hash":"6b0dceeeef3c591e50614953a3dcd0731333952f","contentHash":"9772fe2ac11a756abdb52eaf713135c2_11.0.3"},"C:\\Users\\ILYASANATE\\Documents\\AndelaProjects\\PostIt\\server\\controllers\\auth.js":{"path":"C:\\Users\\ILYASANATE\\Documents\\AndelaProjects\\PostIt\\server\\controllers\\auth.js","statementMap":{"0":{"start":{"line":3,"column":0},"end":{"line":3,"column":27}},"1":{"start":{"line":4,"column":11},"end":{"line":4,"column":45}},"2":{"start":{"line":5,"column":10},"end":{"line":5,"column":33}},"3":{"start":{"line":6,"column":8},"end":{"line":6,"column":25}},"4":{"start":{"line":7,"column":16},"end":{"line":7,"column":38}},"5":{"start":{"line":9,"column":15},"end":{"line":9,"column":44}},"6":{"start":{"line":10,"column":18},"end":{"line":10,"column":38}},"7":{"start":{"line":11,"column":20},"end":{"line":11,"column":42}},"8":{"start":{"line":13,"column":0},"end":{"line":80,"column":2}},"9":{"start":{"line":19,"column":14},"end":{"line":19,"column":22}},"10":{"start":{"line":20,"column":20},"end":{"line":20,"column":58}},"11":{"start":{"line":21,"column":4},"end":{"line":52,"column":5}},"12":{"start":{"line":22,"column":6},"end":{"line":24,"column":7}},"13":{"start":{"line":23,"column":8},"end":{"line":23,"column":56}},"14":{"start":{"line":25,"column":6},"end":{"line":47,"column":9}},"15":{"start":{"line":30,"column":8},"end":{"line":35,"column":9}},"16":{"start":{"line":31,"column":24},"end":{"line":31,"column":26}},"17":{"start":{"line":32,"column":10},"end":{"line":32,"column":98}},"18":{"start":{"line":32,"column":48},"end":{"line":32,"column":98}},"19":{"start":{"line":33,"column":10},"end":{"line":33,"column":94}},"20":{"start":{"line":33,"column":54},"end":{"line":33,"column":94}},"21":{"start":{"line":34,"column":10},"end":{"line":34,"column":41}},"22":{"start":{"line":37,"column":8},"end":{"line":39,"column":9}},"23":{"start":{"line":38,"column":10},"end":{"line":38,"column":26}},"24":{"start":{"line":40,"column":8},"end":{"line":40,"column":101}},"25":{"start":{"line":42,"column":19},"end":{"line":42,"column":87}},"26":{"start":{"line":43,"column":20},"end":{"line":43,"column":58}},"27":{"start":{"line":44,"column":8},"end":{"line":44,"column":46}},"28":{"start":{"line":46,"column":8},"end":{"line":46,"column":37}},"29":{"start":{"line":48,"column":11},"end":{"line":52,"column":5}},"30":{"start":{"line":49,"column":6},"end":{"line":49,"column":73}},"31":{"start":{"line":51,"column":6},"end":{"line":51,"column":66}},"32":{"start":{"line":55,"column":15},"end":{"line":55,"column":57}},"33":{"start":{"line":56,"column":20},"end":{"line":56,"column":58}},"34":{"start":{"line":57,"column":4},"end":{"line":59,"column":5}},"35":{"start":{"line":58,"column":6},"end":{"line":58,"column":73}},"36":{"start":{"line":60,"column":4},"end":{"line":78,"column":7}},"37":{"start":{"line":65,"column":6},"end":{"line":67,"column":7}},"38":{"start":{"line":66,"column":8},"end":{"line":66,"column":72}},"39":{"start":{"line":68,"column":6},"end":{"line":70,"column":7}},"40":{"start":{"line":69,"column":8},"end":{"line":69,"column":52}},"41":{"start":{"line":72,"column":17},"end":{"line":72,"column":70}},"42":{"start":{"line":74,"column":18},"end":{"line":74,"column":56}},"43":{"start":{"line":75,"column":6},"end":{"line":75,"column":44}},"44":{"start":{"line":77,"column":6},"end":{"line":77,"column":35}}},"fnMap":{"0":{"name":"signup","decl":{"start":{"line":14,"column":19},"end":{"line":14,"column":25}},"loc":{"start":{"line":14,"column":36},"end":{"line":53,"column":3}},"line":14},"1":{"name":"(anonymous_1)","decl":{"start":{"line":29,"column":14},"end":{"line":29,"column":15}},"loc":{"start":{"line":29,"column":38},"end":{"line":41,"column":7}},"line":29},"2":{"name":"(anonymous_2)","decl":{"start":{"line":41,"column":14},"end":{"line":41,"column":15}},"loc":{"start":{"line":41,"column":35},"end":{"line":45,"column":7}},"line":41},"3":{"name":"(anonymous_3)","decl":{"start":{"line":45,"column":15},"end":{"line":45,"column":16}},"loc":{"start":{"line":45,"column":30},"end":{"line":47,"column":7}},"line":45},"4":{"name":"signin","decl":{"start":{"line":54,"column":19},"end":{"line":54,"column":25}},"loc":{"start":{"line":54,"column":36},"end":{"line":79,"column":3}},"line":54},"5":{"name":"(anonymous_5)","decl":{"start":{"line":64,"column":12},"end":{"line":64,"column":13}},"loc":{"start":{"line":64,"column":28},"end":{"line":76,"column":5}},"line":64},"6":{"name":"(anonymous_6)","decl":{"start":{"line":76,"column":13},"end":{"line":76,"column":14}},"loc":{"start":{"line":76,"column":28},"end":{"line":78,"column":5}},"line":76}},"branchMap":{"0":{"loc":{"start":{"line":21,"column":4},"end":{"line":52,"column":5}},"type":"if","locations":[{"start":{"line":21,"column":4},"end":{"line":52,"column":5}},{"start":{"line":21,"column":4},"end":{"line":52,"column":5}}],"line":21},"1":{"loc":{"start":{"line":22,"column":6},"end":{"line":24,"column":7}},"type":"if","locations":[{"start":{"line":22,"column":6},"end":{"line":24,"column":7}},{"start":{"line":22,"column":6},"end":{"line":24,"column":7}}],"line":22},"2":{"loc":{"start":{"line":30,"column":8},"end":{"line":35,"column":9}},"type":"if","locations":[{"start":{"line":30,"column":8},"end":{"line":35,"column":9}},{"start":{"line":30,"column":8},"end":{"line":35,"column":9}}],"line":30},"3":{"loc":{"start":{"line":32,"column":10},"end":{"line":32,"column":98}},"type":"if","locations":[{"start":{"line":32,"column":10},"end":{"line":32,"column":98}},{"start":{"line":32,"column":10},"end":{"line":32,"column":98}}],"line":32},"4":{"loc":{"start":{"line":33,"column":10},"end":{"line":33,"column":94}},"type":"if","locations":[{"start":{"line":33,"column":10},"end":{"line":33,"column":94}},{"start":{"line":33,"column":10},"end":{"line":33,"column":94}}],"line":33},"5":{"loc":{"start":{"line":37,"column":8},"end":{"line":39,"column":9}},"type":"if","locations":[{"start":{"line":37,"column":8},"end":{"line":39,"column":9}},{"start":{"line":37,"column":8},"end":{"line":39,"column":9}}],"line":37},"6":{"loc":{"start":{"line":48,"column":11},"end":{"line":52,"column":5}},"type":"if","locations":[{"start":{"line":48,"column":11},"end":{"line":52,"column":5}},{"start":{"line":48,"column":11},"end":{"line":52,"column":5}}],"line":48},"7":{"loc":{"start":{"line":57,"column":4},"end":{"line":59,"column":5}},"type":"if","locations":[{"start":{"line":57,"column":4},"end":{"line":59,"column":5}},{"start":{"line":57,"column":4},"end":{"line":59,"column":5}}],"line":57},"8":{"loc":{"start":{"line":65,"column":6},"end":{"line":67,"column":7}},"type":"if","locations":[{"start":{"line":65,"column":6},"end":{"line":67,"column":7}},{"start":{"line":65,"column":6},"end":{"line":67,"column":7}}],"line":65},"9":{"loc":{"start":{"line":68,"column":6},"end":{"line":70,"column":7}},"type":"if","locations":[{"start":{"line":68,"column":6},"end":{"line":70,"column":7}},{"start":{"line":68,"column":6},"end":{"line":70,"column":7}}],"line":68}},"s":{"0":1,"1":1,"2":1,"3":1,"4":1,"5":1,"6":1,"7":1,"8":1,"9":6,"10":6,"11":6,"12":5,"13":1,"14":4,"15":4,"16":2,"17":2,"18":1,"19":2,"20":1,"21":2,"22":2,"23":0,"24":2,"25":2,"26":2,"27":2,"28":2,"29":1,"30":1,"31":0,"32":15,"33":15,"34":15,"35":1,"36":14,"37":14,"38":1,"39":13,"40":1,"41":12,"42":12,"43":12,"44":2},"f":{"0":6,"1":4,"2":2,"3":2,"4":15,"5":14,"6":2},"b":{"0":[5,1],"1":[1,4],"2":[2,2],"3":[1,1],"4":[1,1],"5":[0,2],"6":[1,0],"7":[1,14],"8":[1,13],"9":[1,12]},"_coverageSchema":"332fd63041d2c1bcb487cc26dd0d5f7d97098a6c","hash":"8732c0a4cfd8cd9bbe78d5777f8693c1d5c2007e","contentHash":"0945910f998474db6a8b2f9486c67a81_11.0.3"},"C:\\Users\\ILYASANATE\\Documents\\AndelaProjects\\PostIt\\server\\database\\models\\index.js":{"path":"C:\\Users\\ILYASANATE\\Documents\\AndelaProjects\\PostIt\\server\\database\\models\\index.js","statementMap":{"0":{"start":{"line":3,"column":9},"end":{"line":3,"column":22}},"1":{"start":{"line":4,"column":11},"end":{"line":4,"column":26}},"2":{"start":{"line":5,"column":16},"end":{"line":5,"column":36}},"3":{"start":{"line":7,"column":15},"end":{"line":7,"column":45}},"4":{"start":{"line":8,"column":13},"end":{"line":8,"column":40}},"5":{"start":{"line":10,"column":9},"end":{"line":10,"column":11}},"6":{"start":{"line":12,"column":16},"end":{"line":12,"column":22}},"7":{"start":{"line":13,"column":0},"end":{"line":17,"column":1}},"8":{"start":{"line":14,"column":2},"end":{"line":14,"column":66}},"9":{"start":{"line":16,"column":2},"end":{"line":16,"column":87}},"10":{"start":{"line":19,"column":0},"end":{"line":24,"column":3}},"11":{"start":{"line":20,"column":2},"end":{"line":20,"column":82}},"12":{"start":{"line":22,"column":14},"end":{"line":22,"column":58}},"13":{"start":{"line":23,"column":2},"end":{"line":23,"column":25}},"14":{"start":{"line":26,"column":0},"end":{"line":30,"column":3}},"15":{"start":{"line":27,"column":2},"end":{"line":29,"column":3}},"16":{"start":{"line":28,"column":4},"end":{"line":28,"column":32}},"17":{"start":{"line":32,"column":0},"end":{"line":32,"column":25}},"18":{"start":{"line":33,"column":0},"end":{"line":33,"column":25}},"19":{"start":{"line":35,"column":0},"end":{"line":35,"column":20}}},"fnMap":{"0":{"name":"(anonymous_0)","decl":{"start":{"line":19,"column":33},"end":{"line":19,"column":34}},"loc":{"start":{"line":19,"column":49},"end":{"line":21,"column":1}},"line":19},"1":{"name":"(anonymous_1)","decl":{"start":{"line":21,"column":11},"end":{"line":21,"column":12}},"loc":{"start":{"line":21,"column":27},"end":{"line":24,"column":1}},"line":21},"2":{"name":"(anonymous_2)","decl":{"start":{"line":26,"column":24},"end":{"line":26,"column":25}},"loc":{"start":{"line":26,"column":45},"end":{"line":30,"column":1}},"line":26}},"branchMap":{"0":{"loc":{"start":{"line":13,"column":0},"end":{"line":17,"column":1}},"type":"if","locations":[{"start":{"line":13,"column":0},"end":{"line":17,"column":1}},{"start":{"line":13,"column":0},"end":{"line":17,"column":1}}],"line":13},"1":{"loc":{"start":{"line":20,"column":9},"end":{"line":20,"column":81}},"type":"binary-expr","locations":[{"start":{"line":20,"column":9},"end":{"line":20,"column":32}},{"start":{"line":20,"column":36},"end":{"line":20,"column":53}},{"start":{"line":20,"column":57},"end":{"line":20,"column":81}}],"line":20},"2":{"loc":{"start":{"line":27,"column":2},"end":{"line":29,"column":3}},"type":"if","locations":[{"start":{"line":27,"column":2},"end":{"line":29,"column":3}},{"start":{"line":27,"column":2},"end":{"line":29,"column":3}}],"line":27}},"s":{"0":1,"1":1,"2":1,"3":1,"4":1,"5":1,"6":1,"7":1,"8":0,"9":1,"10":1,"11":6,"12":5,"13":5,"14":1,"15":5,"16":5,"17":1,"18":1,"19":1},"f":{"0":6,"1":5,"2":5},"b":{"0":[0,1],"1":[6,6,5],"2":[5,0]},"_coverageSchema":"332fd63041d2c1bcb487cc26dd0d5f7d97098a6c","hash":"9608c5a93d5e1fa169b585ed4a291debaf3da2cd","contentHash":"52e51245579390694cd472d06664073a_11.0.3"},"C:\\Users\\ILYASANATE\\Documents\\AndelaProjects\\PostIt\\server\\database\\config\\config.js":{"path":"C:\\Users\\ILYASANATE\\Documents\\AndelaProjects\\PostIt\\server\\database\\config\\config.js","statementMap":{"0":{"start":{"line":3,"column":13},"end":{"line":3,"column":30}},"1":{"start":{"line":5,"column":0},"end":{"line":5,"column":16}},"2":{"start":{"line":7,"column":13},"end":{"line":29,"column":1}},"3":{"start":{"line":30,"column":0},"end":{"line":30,"column":63}}},"fnMap":{},"branchMap":{"0":{"loc":{"start":{"line":30,"column":24},"end":{"line":30,"column":61}},"type":"binary-expr","locations":[{"start":{"line":30,"column":24},"end":{"line":30,"column":44}},{"start":{"line":30,"column":48},"end":{"line":30,"column":61}}],"line":30}},"s":{"0":1,"1":1,"2":1,"3":1},"f":{},"b":{"0":[1,0]},"_coverageSchema":"332fd63041d2c1bcb487cc26dd0d5f7d97098a6c","hash":"cf2cf82efd4ecc22a9a1882de3ab4b75b088d2d1","contentHash":"e8a50fcbff3b8b9cba3d99d4084c645e_11.0.3"},"C:\\Users\\ILYASANATE\\Documents\\AndelaProjects\\PostIt\\server\\database\\models\\group.js":{"path":"C:\\Users\\ILYASANATE\\Documents\\AndelaProjects\\PostIt\\server\\database\\models\\group.js","statementMap":{"0":{"start":{"line":3,"column":0},"end":{"line":16,"column":2}},"1":{"start":{"line":4,"column":14},"end":{"line":14,"column":4}},"2":{"start":{"line":10,"column":8},"end":{"line":10,"column":90}},"3":{"start":{"line":11,"column":8},"end":{"line":11,"column":65}},"4":{"start":{"line":15,"column":2},"end":{"line":15,"column":15}}},"fnMap":{"0":{"name":"(anonymous_0)","decl":{"start":{"line":3,"column":17},"end":{"line":3,"column":18}},"loc":{"start":{"line":3,"column":49},"end":{"line":16,"column":1}},"line":3},"1":{"name":"associate","decl":{"start":{"line":9,"column":26},"end":{"line":9,"column":35}},"loc":{"start":{"line":9,"column":44},"end":{"line":12,"column":7}},"line":9}},"branchMap":{},"s":{"0":1,"1":1,"2":1,"3":1,"4":1},"f":{"0":1,"1":1},"b":{},"_coverageSchema":"332fd63041d2c1bcb487cc26dd0d5f7d97098a6c","hash":"acef2f24f331dc0150b6a5add15b1f04597fc882","contentHash":"045c5ece1b5ac34b624079a979a6db5a_11.0.3"},"C:\\Users\\ILYASANATE\\Documents\\AndelaProjects\\PostIt\\server\\database\\models\\message.js":{"path":"C:\\Users\\ILYASANATE\\Documents\\AndelaProjects\\PostIt\\server\\database\\models\\message.js","statementMap":{"0":{"start":{"line":3,"column":0},"end":{"line":22,"column":2}},"1":{"start":{"line":4,"column":16},"end":{"line":20,"column":4}},"2":{"start":{"line":16,"column":8},"end":{"line":16,"column":65}},"3":{"start":{"line":17,"column":8},"end":{"line":17,"column":67}},"4":{"start":{"line":21,"column":2},"end":{"line":21,"column":17}}},"fnMap":{"0":{"name":"(anonymous_0)","decl":{"start":{"line":3,"column":17},"end":{"line":3,"column":18}},"loc":{"start":{"line":3,"column":49},"end":{"line":22,"column":1}},"line":3},"1":{"name":"associate","decl":{"start":{"line":15,"column":26},"end":{"line":15,"column":35}},"loc":{"start":{"line":15,"column":44},"end":{"line":18,"column":7}},"line":15}},"branchMap":{},"s":{"0":1,"1":1,"2":1,"3":1,"4":1},"f":{"0":1,"1":1},"b":{},"_coverageSchema":"332fd63041d2c1bcb487cc26dd0d5f7d97098a6c","hash":"5c6ac25ecf7accc81da54d4dc44649ddcc92c97d","contentHash":"1ab582568a1a21abe9aa3e95c2fb4fbf_11.0.3"},"C:\\Users\\ILYASANATE\\Documents\\AndelaProjects\\PostIt\\server\\database\\models\\user.js":{"path":"C:\\Users\\ILYASANATE\\Documents\\AndelaProjects\\PostIt\\server\\database\\models\\user.js","statementMap":{"0":{"start":{"line":3,"column":13},"end":{"line":3,"column":37}},"1":{"start":{"line":5,"column":0},"end":{"line":49,"column":2}},"2":{"start":{"line":6,"column":13},"end":{"line":47,"column":4}},"3":{"start":{"line":15,"column":8},"end":{"line":15,"column":89}},"4":{"start":{"line":16,"column":8},"end":{"line":16,"column":63}},"5":{"start":{"line":19,"column":8},"end":{"line":25,"column":10}},"6":{"start":{"line":28,"column":8},"end":{"line":31,"column":10}},"7":{"start":{"line":36,"column":8},"end":{"line":36,"column":59}},"8":{"start":{"line":41,"column":19},"end":{"line":41,"column":41}},"9":{"start":{"line":42,"column":19},"end":{"line":42,"column":55}},"10":{"start":{"line":44,"column":8},"end":{"line":44,"column":29}},"11":{"start":{"line":48,"column":2},"end":{"line":48,"column":14}}},"fnMap":{"0":{"name":"(anonymous_0)","decl":{"start":{"line":5,"column":17},"end":{"line":5,"column":18}},"loc":{"start":{"line":5,"column":49},"end":{"line":49,"column":1}},"line":5},"1":{"name":"associate","decl":{"start":{"line":14,"column":26},"end":{"line":14,"column":35}},"loc":{"start":{"line":14,"column":44},"end":{"line":17,"column":7}},"line":14},"2":{"name":"signupRules","decl":{"start":{"line":18,"column":28},"end":{"line":18,"column":39}},"loc":{"start":{"line":18,"column":42},"end":{"line":26,"column":7}},"line":18},"3":{"name":"loginRules","decl":{"start":{"line":27,"column":27},"end":{"line":27,"column":37}},"loc":{"start":{"line":27,"column":40},"end":{"line":32,"column":7}},"line":27},"4":{"name":"comparePassword","decl":{"start":{"line":35,"column":32},"end":{"line":35,"column":47}},"loc":{"start":{"line":35,"column":58},"end":{"line":37,"column":7}},"line":35},"5":{"name":"beforeCreate","decl":{"start":{"line":40,"column":29},"end":{"line":40,"column":41}},"loc":{"start":{"line":40,"column":48},"end":{"line":45,"column":7}},"line":40}},"branchMap":{},"s":{"0":1,"1":1,"2":1,"3":1,"4":1,"5":6,"6":15,"7":13,"8":39,"9":39,"10":39,"11":1},"f":{"0":1,"1":1,"2":6,"3":15,"4":13,"5":39},"b":{},"_coverageSchema":"332fd63041d2c1bcb487cc26dd0d5f7d97098a6c","hash":"db52078027fd92f7c314f9bdcc56ba3fa1dc2b65","contentHash":"c685150996319068d495f6d68f7cf298_11.0.3"},"C:\\Users\\ILYASANATE\\Documents\\AndelaProjects\\PostIt\\server\\database\\models\\usergroup.js":{"path":"C:\\Users\\ILYASANATE\\Documents\\AndelaProjects\\PostIt\\server\\database\\models\\usergroup.js","statementMap":{"0":{"start":{"line":3,"column":0},"end":{"line":23,"column":2}},"1":{"start":{"line":4,"column":18},"end":{"line":21,"column":4}},"2":{"start":{"line":16,"column":8},"end":{"line":16,"column":69}},"3":{"start":{"line":17,"column":8},"end":{"line":17,"column":67}},"4":{"start":{"line":22,"column":2},"end":{"line":22,"column":19}}},"fnMap":{"0":{"name":"(anonymous_0)","decl":{"start":{"line":3,"column":17},"end":{"line":3,"column":18}},"loc":{"start":{"line":3,"column":49},"end":{"line":23,"column":1}},"line":3},"1":{"name":"associate","decl":{"start":{"line":15,"column":26},"end":{"line":15,"column":35}},"loc":{"start":{"line":15,"column":44},"end":{"line":18,"column":7}},"line":15}},"branchMap":{},"s":{"0":1,"1":1,"2":1,"3":1,"4":1},"f":{"0":1,"1":1},"b":{},"_coverageSchema":"332fd63041d2c1bcb487cc26dd0d5f7d97098a6c","hash":"75de3a45c0ca8030deecb74acb8c09bf2fc9d9b0","contentHash":"9baa7a1f7a3920e8c192c00c0e3ab798_11.0.3"},"C:\\Users\\ILYASANATE\\Documents\\AndelaProjects\\PostIt\\server\\database\\models\\usergroupadd.js":{"path":"C:\\Users\\ILYASANATE\\Documents\\AndelaProjects\\PostIt\\server\\database\\models\\usergroupadd.js","statementMap":{"0":{"start":{"line":3,"column":0},"end":{"line":25,"column":2}},"1":{"start":{"line":4,"column":21},"end":{"line":23,"column":4}},"2":{"start":{"line":24,"column":2},"end":{"line":24,"column":22}}},"fnMap":{"0":{"name":"(anonymous_0)","decl":{"start":{"line":3,"column":17},"end":{"line":3,"column":18}},"loc":{"start":{"line":3,"column":49},"end":{"line":25,"column":1}},"line":3},"1":{"name":"associate","decl":{"start":{"line":19,"column":26},"end":{"line":19,"column":35}},"loc":{"start":{"line":19,"column":44},"end":{"line":21,"column":7}},"line":19}},"branchMap":{},"s":{"0":1,"1":1,"2":1},"f":{"0":1,"1":1},"b":{},"_coverageSchema":"332fd63041d2c1bcb487cc26dd0d5f7d97098a6c","hash":"24f4a70cc7fccafb4dd4d5ce75aaa558f5e7f39c","contentHash":"1af33a910f7d2670874b3f42716114bc_11.0.3"},"C:\\Users\\ILYASANATE\\Documents\\AndelaProjects\\PostIt\\server\\helpers\\helpers.js":{"path":"C:\\Users\\ILYASANATE\\Documents\\AndelaProjects\\PostIt\\server\\helpers\\helpers.js","statementMap":{"0":{"start":{"line":4,"column":18},"end":{"line":13,"column":1}},"1":{"start":{"line":5,"column":2},"end":{"line":12,"column":3}},"2":{"start":{"line":7,"column":6},"end":{"line":7,"column":47}},"3":{"start":{"line":9,"column":6},"end":{"line":9,"column":47}},"4":{"start":{"line":11,"column":6},"end":{"line":11,"column":39}},"5":{"start":{"line":15,"column":20},"end":{"line":22,"column":1}},"6":{"start":{"line":16,"column":2},"end":{"line":21,"column":3}},"7":{"start":{"line":18,"column":6},"end":{"line":18,"column":40}},"8":{"start":{"line":20,"column":6},"end":{"line":20,"column":40}},"9":{"start":{"line":23,"column":0},"end":{"line":23,"column":76}}},"fnMap":{"0":{"name":"handleError","decl":{"start":{"line":4,"column":27},"end":{"line":4,"column":38}},"loc":{"start":{"line":4,"column":49},"end":{"line":13,"column":1}},"line":4},"1":{"name":"handleSuccess","decl":{"start":{"line":15,"column":29},"end":{"line":15,"column":42}},"loc":{"start":{"line":15,"column":60},"end":{"line":22,"column":1}},"line":15}},"branchMap":{"0":{"loc":{"start":{"line":5,"column":2},"end":{"line":12,"column":3}},"type":"switch","locations":[{"start":{"line":6,"column":4},"end":{"line":7,"column":47}},{"start":{"line":8,"column":4},"end":{"line":9,"column":47}},{"start":{"line":10,"column":4},"end":{"line":11,"column":39}}],"line":5},"1":{"loc":{"start":{"line":16,"column":2},"end":{"line":21,"column":3}},"type":"switch","locations":[{"start":{"line":17,"column":4},"end":{"line":18,"column":40}},{"start":{"line":19,"column":4},"end":{"line":20,"column":40}}],"line":16}},"s":{"0":1,"1":46,"2":0,"3":9,"4":37,"5":1,"6":26,"7":5,"8":21,"9":1},"f":{"0":46,"1":26},"b":{"0":[0,9,37],"1":[5,21]},"_coverageSchema":"332fd63041d2c1bcb487cc26dd0d5f7d97098a6c","hash":"201db579f861519d54f0ea5210322aa68b4a6961","contentHash":"c009e0b0ae55a72a1db44407df136d90_11.0.3"},"C:\\Users\\ILYASANATE\\Documents\\AndelaProjects\\PostIt\\server\\routes\\group.js":{"path":"C:\\Users\\ILYASANATE\\Documents\\AndelaProjects\\PostIt\\server\\routes\\group.js","statementMap":{"0":{"start":{"line":3,"column":13},"end":{"line":3,"column":40}},"1":{"start":{"line":4,"column":22},"end":{"line":4,"column":53}},"2":{"start":{"line":5,"column":19},"end":{"line":5,"column":57}},"3":{"start":{"line":7,"column":0},"end":{"line":12,"column":3}},"4":{"start":{"line":8,"column":4},"end":{"line":10,"column":5}},"5":{"start":{"line":9,"column":8},"end":{"line":9,"column":53}},"6":{"start":{"line":11,"column":4},"end":{"line":11,"column":53}},"7":{"start":{"line":13,"column":0},"end":{"line":35,"column":49}},"8":{"start":{"line":36,"column":0},"end":{"line":58,"column":52}},"9":{"start":{"line":59,"column":0},"end":{"line":83,"column":48}},"10":{"start":{"line":84,"column":0},"end":{"line":100,"column":49}},"11":{"start":{"line":103,"column":0},"end":{"line":103,"column":98}},"12":{"start":{"line":104,"column":0},"end":{"line":104,"column":107}},"13":{"start":{"line":105,"column":0},"end":{"line":105,"column":93}},"14":{"start":{"line":106,"column":0},"end":{"line":106,"column":93}},"15":{"start":{"line":107,"column":0},"end":{"line":107,"column":86}},"16":{"start":{"line":108,"column":0},"end":{"line":108,"column":70}},"17":{"start":{"line":109,"column":0},"end":{"line":109,"column":24}}},"fnMap":{"0":{"name":"(anonymous_0)","decl":{"start":{"line":7,"column":48},"end":{"line":7,"column":49}},"loc":{"start":{"line":7,"column":68},"end":{"line":12,"column":1}},"line":7}},"branchMap":{"0":{"loc":{"start":{"line":8,"column":4},"end":{"line":10,"column":5}},"type":"if","locations":[{"start":{"line":8,"column":4},"end":{"line":10,"column":5}},{"start":{"line":8,"column":4},"end":{"line":10,"column":5}}],"line":8}},"s":{"0":1,"1":1,"2":1,"3":1,"4":1,"5":1,"6":0,"7":1,"8":1,"9":1,"10":1,"11":1,"12":1,"13":1,"14":1,"15":1,"16":1,"17":1},"f":{"0":1},"b":{"0":[1,0]},"_coverageSchema":"332fd63041d2c1bcb487cc26dd0d5f7d97098a6c","hash":"c34a3b3b8cb1ae4298552161f6125be7528b9ed8","contentHash":"77c34b6f479eb50e17492555cd1f7db7_11.0.3"},"C:\\Users\\ILYASANATE\\Documents\\AndelaProjects\\PostIt\\server\\controllers\\group.js":{"path":"C:\\Users\\ILYASANATE\\Documents\\AndelaProjects\\PostIt\\server\\controllers\\group.js","statementMap":{"0":{"start":{"line":3,"column":8},"end":{"line":3,"column":25}},"1":{"start":{"line":4,"column":11},"end":{"line":4,"column":45}},"2":{"start":{"line":5,"column":12},"end":{"line":5,"column":47}},"3":{"start":{"line":6,"column":16},"end":{"line":6,"column":55}},"4":{"start":{"line":7,"column":19},"end":{"line":7,"column":61}},"5":{"start":{"line":8,"column":14},"end":{"line":8,"column":51}},"6":{"start":{"line":10,"column":15},"end":{"line":10,"column":44}},"7":{"start":{"line":11,"column":18},"end":{"line":11,"column":38}},"8":{"start":{"line":12,"column":20},"end":{"line":12,"column":42}},"9":{"start":{"line":14,"column":0},"end":{"line":672,"column":2}},"10":{"start":{"line":17,"column":4},"end":{"line":68,"column":5}},"11":{"start":{"line":18,"column":6},"end":{"line":20,"column":7}},"12":{"start":{"line":19,"column":8},"end":{"line":19,"column":55}},"13":{"start":{"line":21,"column":17},"end":{"line":21,"column":44}},"14":{"start":{"line":22,"column":22},"end":{"line":22,"column":33}},"15":{"start":{"line":26,"column":6},"end":{"line":63,"column":9}},"16":{"start":{"line":29,"column":8},"end":{"line":31,"column":9}},"17":{"start":{"line":30,"column":10},"end":{"line":30,"column":61}},"18":{"start":{"line":33,"column":8},"end":{"line":36,"column":11}},"19":{"start":{"line":39,"column":8},"end":{"line":41,"column":9}},"20":{"start":{"line":40,"column":10},"end":{"line":40,"column":65}},"21":{"start":{"line":44,"column":28},"end":{"line":47,"column":10}},"22":{"start":{"line":50,"column":26},"end":{"line":54,"column":10}},"23":{"start":{"line":56,"column":8},"end":{"line":56,"column":71}},"24":{"start":{"line":60,"column":8},"end":{"line":60,"column":55}},"25":{"start":{"line":62,"column":8},"end":{"line":62,"column":37}},"26":{"start":{"line":67,"column":6},"end":{"line":67,"column":96}},"27":{"start":{"line":74,"column":4},"end":{"line":76,"column":5}},"28":{"start":{"line":75,"column":6},"end":{"line":75,"column":78}},"29":{"start":{"line":78,"column":4},"end":{"line":80,"column":5}},"30":{"start":{"line":79,"column":6},"end":{"line":79,"column":60}},"31":{"start":{"line":82,"column":4},"end":{"line":84,"column":5}},"32":{"start":{"line":83,"column":6},"end":{"line":83,"column":75}},"33":{"start":{"line":86,"column":15},"end":{"line":86,"column":28}},"34":{"start":{"line":87,"column":18},"end":{"line":87,"column":36}},"35":{"start":{"line":89,"column":4},"end":{"line":148,"column":7}},"36":{"start":{"line":90,"column":6},"end":{"line":92,"column":7}},"37":{"start":{"line":91,"column":8},"end":{"line":91,"column":71}},"38":{"start":{"line":94,"column":6},"end":{"line":96,"column":9}},"39":{"start":{"line":99,"column":6},"end":{"line":101,"column":7}},"40":{"start":{"line":100,"column":8},"end":{"line":100,"column":84}},"41":{"start":{"line":103,"column":6},"end":{"line":105,"column":7}},"42":{"start":{"line":104,"column":8},"end":{"line":104,"column":85}},"43":{"start":{"line":108,"column":6},"end":{"line":112,"column":9}},"44":{"start":{"line":114,"column":6},"end":{"line":116,"column":7}},"45":{"start":{"line":115,"column":8},"end":{"line":115,"column":72}},"46":{"start":{"line":118,"column":22},"end":{"line":120,"column":8}},"47":{"start":{"line":121,"column":6},"end":{"line":121,"column":49}},"48":{"start":{"line":124,"column":6},"end":{"line":126,"column":7}},"49":{"start":{"line":125,"column":8},"end":{"line":125,"column":68}},"50":{"start":{"line":130,"column":22},"end":{"line":130,"column":93}},"51":{"start":{"line":133,"column":25},"end":{"line":135,"column":8}},"52":{"start":{"line":137,"column":6},"end":{"line":137,"column":74}},"53":{"start":{"line":140,"column":17},"end":{"line":144,"column":7}},"54":{"start":{"line":145,"column":6},"end":{"line":145,"column":43}},"55":{"start":{"line":147,"column":6},"end":{"line":147,"column":35}},"56":{"start":{"line":154,"column":4},"end":{"line":156,"column":5}},"57":{"start":{"line":155,"column":6},"end":{"line":155,"column":78}},"58":{"start":{"line":157,"column":4},"end":{"line":209,"column":5}},"59":{"start":{"line":158,"column":6},"end":{"line":160,"column":7}},"60":{"start":{"line":159,"column":8},"end":{"line":159,"column":57}},"61":{"start":{"line":161,"column":6},"end":{"line":166,"column":7}},"62":{"start":{"line":162,"column":25},"end":{"line":162,"column":57}},"63":{"start":{"line":163,"column":8},"end":{"line":165,"column":9}},"64":{"start":{"line":164,"column":10},"end":{"line":164,"column":101}},"65":{"start":{"line":167,"column":19},"end":{"line":167,"column":30}},"66":{"start":{"line":168,"column":17},"end":{"line":168,"column":33}},"67":{"start":{"line":169,"column":21},"end":{"line":169,"column":52}},"68":{"start":{"line":170,"column":20},"end":{"line":170,"column":38}},"69":{"start":{"line":172,"column":6},"end":{"line":208,"column":9}},"70":{"start":{"line":173,"column":8},"end":{"line":175,"column":9}},"71":{"start":{"line":174,"column":10},"end":{"line":174,"column":73}},"72":{"start":{"line":177,"column":8},"end":{"line":177,"column":33}},"73":{"start":{"line":181,"column":8},"end":{"line":183,"column":11}},"74":{"start":{"line":185,"column":8},"end":{"line":187,"column":9}},"75":{"start":{"line":186,"column":10},"end":{"line":186,"column":97}},"76":{"start":{"line":189,"column":8},"end":{"line":189,"column":100}},"77":{"start":{"line":191,"column":8},"end":{"line":193,"column":9}},"78":{"start":{"line":192,"column":10},"end":{"line":192,"column":96}},"79":{"start":{"line":196,"column":8},"end":{"line":196,"column":46}},"80":{"start":{"line":197,"column":8},"end":{"line":205,"column":11}},"81":{"start":{"line":202,"column":10},"end":{"line":202,"column":73}},"82":{"start":{"line":204,"column":10},"end":{"line":204,"column":39}},"83":{"start":{"line":207,"column":8},"end":{"line":207,"column":37}},"84":{"start":{"line":214,"column":4},"end":{"line":216,"column":5}},"85":{"start":{"line":215,"column":6},"end":{"line":215,"column":78}},"86":{"start":{"line":217,"column":4},"end":{"line":261,"column":5}},"87":{"start":{"line":218,"column":19},"end":{"line":218,"column":30}},"88":{"start":{"line":219,"column":20},"end":{"line":219,"column":38}},"89":{"start":{"line":220,"column":6},"end":{"line":222,"column":7}},"90":{"start":{"line":221,"column":8},"end":{"line":221,"column":133}},"91":{"start":{"line":223,"column":18},"end":{"line":223,"column":46}},"92":{"start":{"line":224,"column":6},"end":{"line":260,"column":9}},"93":{"start":{"line":225,"column":8},"end":{"line":227,"column":9}},"94":{"start":{"line":226,"column":10},"end":{"line":226,"column":73}},"95":{"start":{"line":229,"column":8},"end":{"line":231,"column":11}},"96":{"start":{"line":233,"column":8},"end":{"line":235,"column":9}},"97":{"start":{"line":234,"column":10},"end":{"line":234,"column":86}},"98":{"start":{"line":237,"column":22},"end":{"line":237,"column":23}},"99":{"start":{"line":238,"column":26},"end":{"line":238,"column":47}},"100":{"start":{"line":239,"column":21},"end":{"line":239,"column":48}},"101":{"start":{"line":240,"column":8},"end":{"line":257,"column":11}},"102":{"start":{"line":248,"column":22},"end":{"line":248,"column":57}},"103":{"start":{"line":249,"column":21},"end":{"line":253,"column":11}},"104":{"start":{"line":254,"column":10},"end":{"line":254,"column":47}},"105":{"start":{"line":256,"column":10},"end":{"line":256,"column":39}},"106":{"start":{"line":259,"column":8},"end":{"line":259,"column":37}},"107":{"start":{"line":266,"column":4},"end":{"line":268,"column":5}},"108":{"start":{"line":267,"column":6},"end":{"line":267,"column":78}},"109":{"start":{"line":269,"column":4},"end":{"line":298,"column":5}},"110":{"start":{"line":270,"column":19},"end":{"line":270,"column":30}},"111":{"start":{"line":271,"column":20},"end":{"line":271,"column":38}},"112":{"start":{"line":272,"column":22},"end":{"line":272,"column":42}},"113":{"start":{"line":273,"column":6},"end":{"line":297,"column":9}},"114":{"start":{"line":274,"column":8},"end":{"line":276,"column":9}},"115":{"start":{"line":275,"column":10},"end":{"line":275,"column":73}},"116":{"start":{"line":278,"column":8},"end":{"line":280,"column":11}},"117":{"start":{"line":282,"column":8},"end":{"line":284,"column":9}},"118":{"start":{"line":283,"column":10},"end":{"line":283,"column":86}},"119":{"start":{"line":286,"column":8},"end":{"line":289,"column":11}},"120":{"start":{"line":291,"column":8},"end":{"line":293,"column":9}},"121":{"start":{"line":292,"column":10},"end":{"line":292,"column":53}},"122":{"start":{"line":294,"column":8},"end":{"line":294,"column":48}},"123":{"start":{"line":296,"column":8},"end":{"line":296,"column":37}},"124":{"start":{"line":304,"column":4},"end":{"line":306,"column":5}},"125":{"start":{"line":305,"column":6},"end":{"line":305,"column":78}},"126":{"start":{"line":307,"column":4},"end":{"line":337,"column":5}},"127":{"start":{"line":308,"column":19},"end":{"line":308,"column":30}},"128":{"start":{"line":309,"column":22},"end":{"line":309,"column":42}},"129":{"start":{"line":311,"column":6},"end":{"line":336,"column":9}},"130":{"start":{"line":312,"column":8},"end":{"line":314,"column":9}},"131":{"start":{"line":313,"column":10},"end":{"line":313,"column":95}},"132":{"start":{"line":316,"column":8},"end":{"line":333,"column":11}},"133":{"start":{"line":319,"column":10},"end":{"line":321,"column":11}},"134":{"start":{"line":320,"column":12},"end":{"line":320,"column":69}},"135":{"start":{"line":323,"column":10},"end":{"line":323,"column":41}},"136":{"start":{"line":324,"column":10},"end":{"line":328,"column":13}},"137":{"start":{"line":330,"column":10},"end":{"line":330,"column":47}},"138":{"start":{"line":332,"column":10},"end":{"line":332,"column":39}},"139":{"start":{"line":335,"column":8},"end":{"line":335,"column":37}},"140":{"start":{"line":342,"column":4},"end":{"line":344,"column":5}},"141":{"start":{"line":343,"column":6},"end":{"line":343,"column":78}},"142":{"start":{"line":345,"column":4},"end":{"line":425,"column":5}},"143":{"start":{"line":346,"column":19},"end":{"line":346,"column":30}},"144":{"start":{"line":347,"column":20},"end":{"line":347,"column":38}},"145":{"start":{"line":348,"column":6},"end":{"line":424,"column":7}},"146":{"start":{"line":349,"column":20},"end":{"line":349,"column":48}},"147":{"start":{"line":350,"column":8},"end":{"line":421,"column":11}},"148":{"start":{"line":351,"column":10},"end":{"line":353,"column":11}},"149":{"start":{"line":352,"column":12},"end":{"line":352,"column":75}},"150":{"start":{"line":355,"column":26},"end":{"line":362,"column":12}},"151":{"start":{"line":358,"column":12},"end":{"line":360,"column":13}},"152":{"start":{"line":359,"column":14},"end":{"line":359,"column":90}},"153":{"start":{"line":361,"column":12},"end":{"line":361,"column":51}},"154":{"start":{"line":363,"column":10},"end":{"line":363,"column":49}},"155":{"start":{"line":365,"column":10},"end":{"line":367,"column":11}},"156":{"start":{"line":366,"column":12},"end":{"line":366,"column":88}},"157":{"start":{"line":369,"column":22},"end":{"line":369,"column":42}},"158":{"start":{"line":370,"column":10},"end":{"line":418,"column":11}},"159":{"start":{"line":372,"column":12},"end":{"line":388,"column":15}},"160":{"start":{"line":379,"column":25},"end":{"line":384,"column":15}},"161":{"start":{"line":385,"column":14},"end":{"line":385,"column":51}},"162":{"start":{"line":387,"column":14},"end":{"line":387,"column":43}},"163":{"start":{"line":391,"column":26},"end":{"line":391,"column":27}},"164":{"start":{"line":392,"column":30},"end":{"line":392,"column":51}},"165":{"start":{"line":393,"column":25},"end":{"line":393,"column":52}},"166":{"start":{"line":394,"column":12},"end":{"line":417,"column":15}},"167":{"start":{"line":403,"column":14},"end":{"line":405,"column":15}},"168":{"start":{"line":404,"column":16},"end":{"line":404,"column":57}},"169":{"start":{"line":406,"column":26},"end":{"line":406,"column":69}},"170":{"start":{"line":407,"column":25},"end":{"line":413,"column":15}},"171":{"start":{"line":414,"column":14},"end":{"line":414,"column":51}},"172":{"start":{"line":416,"column":14},"end":{"line":416,"column":43}},"173":{"start":{"line":420,"column":10},"end":{"line":420,"column":39}},"174":{"start":{"line":423,"column":8},"end":{"line":423,"column":115}},"175":{"start":{"line":430,"column":4},"end":{"line":492,"column":5}},"176":{"start":{"line":431,"column":19},"end":{"line":431,"column":30}},"177":{"start":{"line":432,"column":6},"end":{"line":491,"column":7}},"178":{"start":{"line":433,"column":8},"end":{"line":435,"column":9}},"179":{"start":{"line":434,"column":10},"end":{"line":434,"column":99}},"180":{"start":{"line":436,"column":20},"end":{"line":436,"column":48}},"181":{"start":{"line":437,"column":8},"end":{"line":488,"column":9}},"182":{"start":{"line":439,"column":10},"end":{"line":454,"column":13}},"183":{"start":{"line":444,"column":23},"end":{"line":450,"column":13}},"184":{"start":{"line":451,"column":12},"end":{"line":451,"column":49}},"185":{"start":{"line":453,"column":12},"end":{"line":453,"column":41}},"186":{"start":{"line":457,"column":24},"end":{"line":457,"column":25}},"187":{"start":{"line":458,"column":28},"end":{"line":458,"column":49}},"188":{"start":{"line":459,"column":23},"end":{"line":459,"column":50}},"189":{"start":{"line":462,"column":10},"end":{"line":487,"column":13}},"190":{"start":{"line":468,"column":24},"end":{"line":468,"column":57}},"191":{"start":{"line":471,"column":23},"end":{"line":483,"column":13}},"192":{"start":{"line":484,"column":12},"end":{"line":484,"column":49}},"193":{"start":{"line":486,"column":12},"end":{"line":486,"column":41}},"194":{"start":{"line":490,"column":8},"end":{"line":490,"column":115}},"195":{"start":{"line":497,"column":4},"end":{"line":542,"column":5}},"196":{"start":{"line":498,"column":19},"end":{"line":498,"column":30}},"197":{"start":{"line":499,"column":6},"end":{"line":541,"column":7}},"198":{"start":{"line":501,"column":8},"end":{"line":538,"column":11}},"199":{"start":{"line":503,"column":29},"end":{"line":505,"column":12}},"200":{"start":{"line":504,"column":12},"end":{"line":504,"column":37}},"201":{"start":{"line":506,"column":10},"end":{"line":506,"column":30}},"202":{"start":{"line":508,"column":22},"end":{"line":508,"column":50}},"203":{"start":{"line":509,"column":24},"end":{"line":509,"column":25}},"204":{"start":{"line":510,"column":28},"end":{"line":510,"column":49}},"205":{"start":{"line":511,"column":23},"end":{"line":511,"column":50}},"206":{"start":{"line":512,"column":10},"end":{"line":535,"column":13}},"207":{"start":{"line":523,"column":37},"end":{"line":525,"column":14}},"208":{"start":{"line":524,"column":14},"end":{"line":524,"column":68}},"209":{"start":{"line":526,"column":24},"end":{"line":526,"column":70}},"210":{"start":{"line":527,"column":23},"end":{"line":531,"column":13}},"211":{"start":{"line":532,"column":12},"end":{"line":532,"column":49}},"212":{"start":{"line":534,"column":12},"end":{"line":534,"column":41}},"213":{"start":{"line":537,"column":10},"end":{"line":537,"column":39}},"214":{"start":{"line":540,"column":8},"end":{"line":540,"column":122}},"215":{"start":{"line":548,"column":4},"end":{"line":606,"column":5}},"216":{"start":{"line":549,"column":6},"end":{"line":605,"column":7}},"217":{"start":{"line":551,"column":20},"end":{"line":551,"column":36}},"218":{"start":{"line":552,"column":21},"end":{"line":552,"column":38}},"219":{"start":{"line":553,"column":8},"end":{"line":602,"column":11}},"220":{"start":{"line":559,"column":10},"end":{"line":599,"column":11}},"221":{"start":{"line":560,"column":12},"end":{"line":562,"column":13}},"222":{"start":{"line":561,"column":14},"end":{"line":561,"column":70}},"223":{"start":{"line":564,"column":26},"end":{"line":564,"column":43}},"224":{"start":{"line":565,"column":25},"end":{"line":565,"column":36}},"225":{"start":{"line":566,"column":12},"end":{"line":595,"column":15}},"226":{"start":{"line":567,"column":14},"end":{"line":569,"column":15}},"227":{"start":{"line":568,"column":16},"end":{"line":568,"column":79}},"228":{"start":{"line":571,"column":14},"end":{"line":573,"column":17}},"229":{"start":{"line":575,"column":14},"end":{"line":577,"column":15}},"230":{"start":{"line":576,"column":16},"end":{"line":576,"column":92}},"231":{"start":{"line":579,"column":14},"end":{"line":582,"column":17}},"232":{"start":{"line":585,"column":40},"end":{"line":587,"column":16}},"233":{"start":{"line":586,"column":16},"end":{"line":586,"column":40}},"234":{"start":{"line":588,"column":25},"end":{"line":591,"column":15}},"235":{"start":{"line":592,"column":14},"end":{"line":592,"column":51}},"236":{"start":{"line":594,"column":14},"end":{"line":594,"column":43}},"237":{"start":{"line":598,"column":12},"end":{"line":598,"column":50}},"238":{"start":{"line":601,"column":10},"end":{"line":601,"column":39}},"239":{"start":{"line":604,"column":8},"end":{"line":604,"column":114}}},"fnMap":{"0":{"name":"createGroup","decl":{"start":{"line":16,"column":24},"end":{"line":16,"column":35}},"loc":{"start":{"line":16,"column":46},"end":{"line":69,"column":3}},"line":16},"1":{"name":"(anonymous_1)","decl":{"start":{"line":28,"column":14},"end":{"line":28,"column":15}},"loc":{"start":{"line":28,"column":36},"end":{"line":37,"column":7}},"line":28},"2":{"name":"(anonymous_2)","decl":{"start":{"line":37,"column":14},"end":{"line":37,"column":15}},"loc":{"start":{"line":37,"column":38},"end":{"line":57,"column":7}},"line":37},"3":{"name":"(anonymous_3)","decl":{"start":{"line":59,"column":12},"end":{"line":59,"column":13}},"loc":{"start":{"line":59,"column":35},"end":{"line":61,"column":7}},"line":59},"4":{"name":"(anonymous_4)","decl":{"start":{"line":61,"column":15},"end":{"line":61,"column":16}},"loc":{"start":{"line":61,"column":30},"end":{"line":63,"column":7}},"line":61},"5":{"name":"addUserToGroup","decl":{"start":{"line":72,"column":27},"end":{"line":72,"column":41}},"loc":{"start":{"line":72,"column":52},"end":{"line":149,"column":3}},"line":72},"6":{"name":"(anonymous_6)","decl":{"start":{"line":89,"column":33},"end":{"line":89,"column":34}},"loc":{"start":{"line":89,"column":50},"end":{"line":97,"column":5}},"line":89},"7":{"name":"(anonymous_7)","decl":{"start":{"line":97,"column":12},"end":{"line":97,"column":13}},"loc":{"start":{"line":97,"column":41},"end":{"line":113,"column":5}},"line":97},"8":{"name":"(anonymous_8)","decl":{"start":{"line":113,"column":12},"end":{"line":113,"column":13}},"loc":{"start":{"line":113,"column":33},"end":{"line":122,"column":5}},"line":113},"9":{"name":"(anonymous_9)","decl":{"start":{"line":122,"column":12},"end":{"line":122,"column":13}},"loc":{"start":{"line":122,"column":41},"end":{"line":138,"column":5}},"line":122},"10":{"name":"(anonymous_10)","decl":{"start":{"line":138,"column":12},"end":{"line":138,"column":13}},"loc":{"start":{"line":138,"column":35},"end":{"line":146,"column":5}},"line":138},"11":{"name":"(anonymous_11)","decl":{"start":{"line":146,"column":13},"end":{"line":146,"column":14}},"loc":{"start":{"line":146,"column":28},"end":{"line":148,"column":5}},"line":146},"12":{"name":"postMessage","decl":{"start":{"line":152,"column":24},"end":{"line":152,"column":35}},"loc":{"start":{"line":152,"column":46},"end":{"line":210,"column":3}},"line":152},"13":{"name":"(anonymous_13)","decl":{"start":{"line":172,"column":35},"end":{"line":172,"column":36}},"loc":{"start":{"line":172,"column":52},"end":{"line":178,"column":7}},"line":172},"14":{"name":"(anonymous_14)","decl":{"start":{"line":180,"column":12},"end":{"line":180,"column":13}},"loc":{"start":{"line":180,"column":24},"end":{"line":184,"column":7}},"line":180},"15":{"name":"(anonymous_15)","decl":{"start":{"line":184,"column":14},"end":{"line":184,"column":15}},"loc":{"start":{"line":184,"column":43},"end":{"line":190,"column":7}},"line":184},"16":{"name":"(anonymous_16)","decl":{"start":{"line":190,"column":14},"end":{"line":190,"column":15}},"loc":{"start":{"line":190,"column":40},"end":{"line":206,"column":7}},"line":190},"17":{"name":"(anonymous_17)","decl":{"start":{"line":201,"column":16},"end":{"line":201,"column":17}},"loc":{"start":{"line":201,"column":31},"end":{"line":203,"column":9}},"line":201},"18":{"name":"(anonymous_18)","decl":{"start":{"line":203,"column":17},"end":{"line":203,"column":18}},"loc":{"start":{"line":203,"column":32},"end":{"line":205,"column":9}},"line":203},"19":{"name":"(anonymous_19)","decl":{"start":{"line":206,"column":15},"end":{"line":206,"column":16}},"loc":{"start":{"line":206,"column":30},"end":{"line":208,"column":7}},"line":206},"20":{"name":"getMessages","decl":{"start":{"line":213,"column":24},"end":{"line":213,"column":35}},"loc":{"start":{"line":213,"column":46},"end":{"line":262,"column":3}},"line":213},"21":{"name":"(anonymous_21)","decl":{"start":{"line":224,"column":46},"end":{"line":224,"column":47}},"loc":{"start":{"line":224,"column":63},"end":{"line":232,"column":7}},"line":224},"22":{"name":"(anonymous_22)","decl":{"start":{"line":232,"column":14},"end":{"line":232,"column":15}},"loc":{"start":{"line":232,"column":43},"end":{"line":258,"column":7}},"line":232},"23":{"name":"(anonymous_23)","decl":{"start":{"line":246,"column":16},"end":{"line":246,"column":17}},"loc":{"start":{"line":246,"column":36},"end":{"line":255,"column":9}},"line":246},"24":{"name":"(anonymous_24)","decl":{"start":{"line":255,"column":17},"end":{"line":255,"column":18}},"loc":{"start":{"line":255,"column":32},"end":{"line":257,"column":9}},"line":255},"25":{"name":"(anonymous_25)","decl":{"start":{"line":258,"column":15},"end":{"line":258,"column":16}},"loc":{"start":{"line":258,"column":30},"end":{"line":260,"column":7}},"line":258},"26":{"name":"viewMessage","decl":{"start":{"line":265,"column":24},"end":{"line":265,"column":35}},"loc":{"start":{"line":265,"column":46},"end":{"line":299,"column":3}},"line":265},"27":{"name":"(anonymous_27)","decl":{"start":{"line":273,"column":46},"end":{"line":273,"column":47}},"loc":{"start":{"line":273,"column":63},"end":{"line":281,"column":7}},"line":273},"28":{"name":"(anonymous_28)","decl":{"start":{"line":281,"column":14},"end":{"line":281,"column":15}},"loc":{"start":{"line":281,"column":43},"end":{"line":290,"column":7}},"line":281},"29":{"name":"(anonymous_29)","decl":{"start":{"line":290,"column":14},"end":{"line":290,"column":15}},"loc":{"start":{"line":290,"column":33},"end":{"line":295,"column":7}},"line":290},"30":{"name":"(anonymous_30)","decl":{"start":{"line":295,"column":15},"end":{"line":295,"column":16}},"loc":{"start":{"line":295,"column":30},"end":{"line":297,"column":7}},"line":295},"31":{"name":"updateMessageReadStatus","decl":{"start":{"line":302,"column":36},"end":{"line":302,"column":59}},"loc":{"start":{"line":302,"column":70},"end":{"line":338,"column":3}},"line":302},"32":{"name":"(anonymous_32)","decl":{"start":{"line":311,"column":39},"end":{"line":311,"column":40}},"loc":{"start":{"line":311,"column":58},"end":{"line":334,"column":7}},"line":311},"33":{"name":"(anonymous_33)","decl":{"start":{"line":318,"column":16},"end":{"line":318,"column":17}},"loc":{"start":{"line":318,"column":45},"end":{"line":329,"column":9}},"line":318},"34":{"name":"(anonymous_34)","decl":{"start":{"line":329,"column":16},"end":{"line":329,"column":17}},"loc":{"start":{"line":329,"column":31},"end":{"line":331,"column":9}},"line":329},"35":{"name":"(anonymous_35)","decl":{"start":{"line":331,"column":17},"end":{"line":331,"column":18}},"loc":{"start":{"line":331,"column":32},"end":{"line":333,"column":9}},"line":331},"36":{"name":"(anonymous_36)","decl":{"start":{"line":334,"column":15},"end":{"line":334,"column":16}},"loc":{"start":{"line":334,"column":30},"end":{"line":336,"column":7}},"line":334},"37":{"name":"getGroupUsers","decl":{"start":{"line":341,"column":26},"end":{"line":341,"column":39}},"loc":{"start":{"line":341,"column":50},"end":{"line":426,"column":3}},"line":341},"38":{"name":"(anonymous_38)","decl":{"start":{"line":350,"column":48},"end":{"line":350,"column":49}},"loc":{"start":{"line":350,"column":65},"end":{"line":364,"column":9}},"line":350},"39":{"name":"(anonymous_39)","decl":{"start":{"line":357,"column":18},"end":{"line":357,"column":19}},"loc":{"start":{"line":357,"column":44},"end":{"line":362,"column":11}},"line":357},"40":{"name":"(anonymous_40)","decl":{"start":{"line":364,"column":16},"end":{"line":364,"column":17}},"loc":{"start":{"line":364,"column":45},"end":{"line":419,"column":9}},"line":364},"41":{"name":"(anonymous_41)","decl":{"start":{"line":378,"column":20},"end":{"line":378,"column":21}},"loc":{"start":{"line":378,"column":48},"end":{"line":386,"column":13}},"line":378},"42":{"name":"(anonymous_42)","decl":{"start":{"line":386,"column":21},"end":{"line":386,"column":22}},"loc":{"start":{"line":386,"column":36},"end":{"line":388,"column":13}},"line":386},"43":{"name":"(anonymous_43)","decl":{"start":{"line":402,"column":20},"end":{"line":402,"column":21}},"loc":{"start":{"line":402,"column":48},"end":{"line":415,"column":13}},"line":402},"44":{"name":"(anonymous_44)","decl":{"start":{"line":415,"column":21},"end":{"line":415,"column":22}},"loc":{"start":{"line":415,"column":36},"end":{"line":417,"column":13}},"line":415},"45":{"name":"(anonymous_45)","decl":{"start":{"line":419,"column":17},"end":{"line":419,"column":18}},"loc":{"start":{"line":419,"column":32},"end":{"line":421,"column":9}},"line":419},"46":{"name":"getGroupsUserBelongsTo","decl":{"start":{"line":429,"column":35},"end":{"line":429,"column":57}},"loc":{"start":{"line":429,"column":68},"end":{"line":493,"column":3}},"line":429},"47":{"name":"(anonymous_47)","decl":{"start":{"line":443,"column":18},"end":{"line":443,"column":19}},"loc":{"start":{"line":443,"column":36},"end":{"line":452,"column":11}},"line":443},"48":{"name":"(anonymous_48)","decl":{"start":{"line":452,"column":19},"end":{"line":452,"column":20}},"loc":{"start":{"line":452,"column":34},"end":{"line":454,"column":11}},"line":452},"49":{"name":"(anonymous_49)","decl":{"start":{"line":467,"column":18},"end":{"line":467,"column":19}},"loc":{"start":{"line":467,"column":36},"end":{"line":485,"column":11}},"line":467},"50":{"name":"(anonymous_50)","decl":{"start":{"line":485,"column":19},"end":{"line":485,"column":20}},"loc":{"start":{"line":485,"column":34},"end":{"line":487,"column":11}},"line":485},"51":{"name":"userMessageBoard","decl":{"start":{"line":496,"column":29},"end":{"line":496,"column":45}},"loc":{"start":{"line":496,"column":56},"end":{"line":543,"column":3}},"line":496},"52":{"name":"(anonymous_52)","decl":{"start":{"line":501,"column":87},"end":{"line":501,"column":88}},"loc":{"start":{"line":501,"column":105},"end":{"line":507,"column":9}},"line":501},"53":{"name":"(anonymous_53)","decl":{"start":{"line":503,"column":40},"end":{"line":503,"column":41}},"loc":{"start":{"line":503,"column":61},"end":{"line":505,"column":11}},"line":503},"54":{"name":"(anonymous_54)","decl":{"start":{"line":507,"column":16},"end":{"line":507,"column":17}},"loc":{"start":{"line":507,"column":40},"end":{"line":536,"column":9}},"line":507},"55":{"name":"(anonymous_55)","decl":{"start":{"line":521,"column":18},"end":{"line":521,"column":19}},"loc":{"start":{"line":521,"column":38},"end":{"line":533,"column":11}},"line":521},"56":{"name":"(anonymous_56)","decl":{"start":{"line":523,"column":58},"end":{"line":523,"column":59}},"loc":{"start":{"line":523,"column":77},"end":{"line":525,"column":13}},"line":523},"57":{"name":"(anonymous_57)","decl":{"start":{"line":533,"column":19},"end":{"line":533,"column":20}},"loc":{"start":{"line":533,"column":34},"end":{"line":535,"column":11}},"line":533},"58":{"name":"(anonymous_58)","decl":{"start":{"line":536,"column":17},"end":{"line":536,"column":18}},"loc":{"start":{"line":536,"column":32},"end":{"line":538,"column":9}},"line":536},"59":{"name":"getAllUsers","decl":{"start":{"line":547,"column":24},"end":{"line":547,"column":35}},"loc":{"start":{"line":547,"column":46},"end":{"line":607,"column":3}},"line":547},"60":{"name":"(anonymous_60)","decl":{"start":{"line":557,"column":16},"end":{"line":557,"column":17}},"loc":{"start":{"line":557,"column":33},"end":{"line":600,"column":9}},"line":557},"61":{"name":"(anonymous_61)","decl":{"start":{"line":566,"column":41},"end":{"line":566,"column":42}},"loc":{"start":{"line":566,"column":58},"end":{"line":574,"column":13}},"line":566},"62":{"name":"(anonymous_62)","decl":{"start":{"line":574,"column":20},"end":{"line":574,"column":21}},"loc":{"start":{"line":574,"column":49},"end":{"line":583,"column":13}},"line":574},"63":{"name":"(anonymous_63)","decl":{"start":{"line":583,"column":20},"end":{"line":583,"column":21}},"loc":{"start":{"line":583,"column":42},"end":{"line":593,"column":13}},"line":583},"64":{"name":"(anonymous_64)","decl":{"start":{"line":585,"column":55},"end":{"line":585,"column":56}},"loc":{"start":{"line":585,"column":76},"end":{"line":587,"column":15}},"line":585},"65":{"name":"(anonymous_65)","decl":{"start":{"line":593,"column":21},"end":{"line":593,"column":22}},"loc":{"start":{"line":593,"column":36},"end":{"line":595,"column":13}},"line":593},"66":{"name":"(anonymous_66)","decl":{"start":{"line":600,"column":17},"end":{"line":600,"column":18}},"loc":{"start":{"line":600,"column":32},"end":{"line":602,"column":9}},"line":600}},"branchMap":{"0":{"loc":{"start":{"line":17,"column":4},"end":{"line":68,"column":5}},"type":"if","locations":[{"start":{"line":17,"column":4},"end":{"line":68,"column":5}},{"start":{"line":17,"column":4},"end":{"line":68,"column":5}}],"line":17},"1":{"loc":{"start":{"line":17,"column":8},"end":{"line":17,"column":31}},"type":"binary-expr","locations":[{"start":{"line":17,"column":8},"end":{"line":17,"column":16}},{"start":{"line":17,"column":20},"end":{"line":17,"column":31}}],"line":17},"2":{"loc":{"start":{"line":18,"column":6},"end":{"line":20,"column":7}},"type":"if","locations":[{"start":{"line":18,"column":6},"end":{"line":20,"column":7}},{"start":{"line":18,"column":6},"end":{"line":20,"column":7}}],"line":18},"3":{"loc":{"start":{"line":29,"column":8},"end":{"line":31,"column":9}},"type":"if","locations":[{"start":{"line":29,"column":8},"end":{"line":31,"column":9}},{"start":{"line":29,"column":8},"end":{"line":31,"column":9}}],"line":29},"4":{"loc":{"start":{"line":39,"column":8},"end":{"line":41,"column":9}},"type":"if","locations":[{"start":{"line":39,"column":8},"end":{"line":41,"column":9}},{"start":{"line":39,"column":8},"end":{"line":41,"column":9}}],"line":39},"5":{"loc":{"start":{"line":74,"column":4},"end":{"line":76,"column":5}},"type":"if","locations":[{"start":{"line":74,"column":4},"end":{"line":76,"column":5}},{"start":{"line":74,"column":4},"end":{"line":76,"column":5}}],"line":74},"6":{"loc":{"start":{"line":78,"column":4},"end":{"line":80,"column":5}},"type":"if","locations":[{"start":{"line":78,"column":4},"end":{"line":80,"column":5}},{"start":{"line":78,"column":4},"end":{"line":80,"column":5}}],"line":78},"7":{"loc":{"start":{"line":78,"column":8},"end":{"line":78,"column":40}},"type":"binary-expr","locations":[{"start":{"line":78,"column":8},"end":{"line":78,"column":17}},{"start":{"line":78,"column":21},"end":{"line":78,"column":40}}],"line":78},"8":{"loc":{"start":{"line":82,"column":4},"end":{"line":84,"column":5}},"type":"if","locations":[{"start":{"line":82,"column":4},"end":{"line":84,"column":5}},{"start":{"line":82,"column":4},"end":{"line":84,"column":5}}],"line":82},"9":{"loc":{"start":{"line":90,"column":6},"end":{"line":92,"column":7}},"type":"if","locations":[{"start":{"line":90,"column":6},"end":{"line":92,"column":7}},{"start":{"line":90,"column":6},"end":{"line":92,"column":7}}],"line":90},"10":{"loc":{"start":{"line":99,"column":6},"end":{"line":101,"column":7}},"type":"if","locations":[{"start":{"line":99,"column":6},"end":{"line":101,"column":7}},{"start":{"line":99,"column":6},"end":{"line":101,"column":7}}],"line":99},"11":{"loc":{"start":{"line":103,"column":6},"end":{"line":105,"column":7}},"type":"if","locations":[{"start":{"line":103,"column":6},"end":{"line":105,"column":7}},{"start":{"line":103,"column":6},"end":{"line":105,"column":7}}],"line":103},"12":{"loc":{"start":{"line":103,"column":10},"end":{"line":103,"column":81}},"type":"binary-expr","locations":[{"start":{"line":103,"column":10},"end":{"line":103,"column":45}},{"start":{"line":103,"column":49},"end":{"line":103,"column":81}}],"line":103},"13":{"loc":{"start":{"line":114,"column":6},"end":{"line":116,"column":7}},"type":"if","locations":[{"start":{"line":114,"column":6},"end":{"line":116,"column":7}},{"start":{"line":114,"column":6},"end":{"line":116,"column":7}}],"line":114},"14":{"loc":{"start":{"line":124,"column":6},"end":{"line":126,"column":7}},"type":"if","locations":[{"start":{"line":124,"column":6},"end":{"line":126,"column":7}},{"start":{"line":124,"column":6},"end":{"line":126,"column":7}}],"line":124},"15":{"loc":{"start":{"line":154,"column":4},"end":{"line":156,"column":5}},"type":"if","locations":[{"start":{"line":154,"column":4},"end":{"line":156,"column":5}},{"start":{"line":154,"column":4},"end":{"line":156,"column":5}}],"line":154},"16":{"loc":{"start":{"line":157,"column":4},"end":{"line":209,"column":5}},"type":"if","locations":[{"start":{"line":157,"column":4},"end":{"line":209,"column":5}},{"start":{"line":157,"column":4},"end":{"line":209,"column":5}}],"line":157},"17":{"loc":{"start":{"line":157,"column":8},"end":{"line":157,"column":38}},"type":"binary-expr","locations":[{"start":{"line":157,"column":8},"end":{"line":157,"column":16}},{"start":{"line":157,"column":20},"end":{"line":157,"column":38}}],"line":157},"18":{"loc":{"start":{"line":158,"column":6},"end":{"line":160,"column":7}},"type":"if","locations":[{"start":{"line":158,"column":6},"end":{"line":160,"column":7}},{"start":{"line":158,"column":6},"end":{"line":160,"column":7}}],"line":158},"19":{"loc":{"start":{"line":161,"column":6},"end":{"line":166,"column":7}},"type":"if","locations":[{"start":{"line":161,"column":6},"end":{"line":166,"column":7}},{"start":{"line":161,"column":6},"end":{"line":166,"column":7}}],"line":161},"20":{"loc":{"start":{"line":163,"column":8},"end":{"line":165,"column":9}},"type":"if","locations":[{"start":{"line":163,"column":8},"end":{"line":165,"column":9}},{"start":{"line":163,"column":8},"end":{"line":165,"column":9}}],"line":163},"21":{"loc":{"start":{"line":173,"column":8},"end":{"line":175,"column":9}},"type":"if","locations":[{"start":{"line":173,"column":8},"end":{"line":175,"column":9}},{"start":{"line":173,"column":8},"end":{"line":175,"column":9}}],"line":173},"22":{"loc":{"start":{"line":185,"column":8},"end":{"line":187,"column":9}},"type":"if","locations":[{"start":{"line":185,"column":8},"end":{"line":187,"column":9}},{"start":{"line":185,"column":8},"end":{"line":187,"column":9}}],"line":185},"23":{"loc":{"start":{"line":191,"column":8},"end":{"line":193,"column":9}},"type":"if","locations":[{"start":{"line":191,"column":8},"end":{"line":193,"column":9}},{"start":{"line":191,"column":8},"end":{"line":193,"column":9}}],"line":191},"24":{"loc":{"start":{"line":214,"column":4},"end":{"line":216,"column":5}},"type":"if","locations":[{"start":{"line":214,"column":4},"end":{"line":216,"column":5}},{"start":{"line":214,"column":4},"end":{"line":216,"column":5}}],"line":214},"25":{"loc":{"start":{"line":217,"column":4},"end":{"line":261,"column":5}},"type":"if","locations":[{"start":{"line":217,"column":4},"end":{"line":261,"column":5}},{"start":{"line":217,"column":4},"end":{"line":261,"column":5}}],"line":217},"26":{"loc":{"start":{"line":217,"column":8},"end":{"line":217,"column":38}},"type":"binary-expr","locations":[{"start":{"line":217,"column":8},"end":{"line":217,"column":16}},{"start":{"line":217,"column":20},"end":{"line":217,"column":38}}],"line":217},"27":{"loc":{"start":{"line":220,"column":6},"end":{"line":222,"column":7}},"type":"if","locations":[{"start":{"line":220,"column":6},"end":{"line":222,"column":7}},{"start":{"line":220,"column":6},"end":{"line":222,"column":7}}],"line":220},"28":{"loc":{"start":{"line":220,"column":10},"end":{"line":220,"column":64}},"type":"binary-expr","locations":[{"start":{"line":220,"column":10},"end":{"line":220,"column":25}},{"start":{"line":220,"column":29},"end":{"line":220,"column":64}}],"line":220},"29":{"loc":{"start":{"line":225,"column":8},"end":{"line":227,"column":9}},"type":"if","locations":[{"start":{"line":225,"column":8},"end":{"line":227,"column":9}},{"start":{"line":225,"column":8},"end":{"line":227,"column":9}}],"line":225},"30":{"loc":{"start":{"line":233,"column":8},"end":{"line":235,"column":9}},"type":"if","locations":[{"start":{"line":233,"column":8},"end":{"line":235,"column":9}},{"start":{"line":233,"column":8},"end":{"line":235,"column":9}}],"line":233},"31":{"loc":{"start":{"line":238,"column":26},"end":{"line":238,"column":47}},"type":"cond-expr","locations":[{"start":{"line":238,"column":38},"end":{"line":238,"column":39}},{"start":{"line":238,"column":42},"end":{"line":238,"column":47}}],"line":238},"32":{"loc":{"start":{"line":266,"column":4},"end":{"line":268,"column":5}},"type":"if","locations":[{"start":{"line":266,"column":4},"end":{"line":268,"column":5}},{"start":{"line":266,"column":4},"end":{"line":268,"column":5}}],"line":266},"33":{"loc":{"start":{"line":266,"column":8},"end":{"line":266,"column":92}},"type":"binary-expr","locations":[{"start":{"line":266,"column":8},"end":{"line":266,"column":47}},{"start":{"line":266,"column":51},"end":{"line":266,"column":92}}],"line":266},"34":{"loc":{"start":{"line":269,"column":4},"end":{"line":298,"column":5}},"type":"if","locations":[{"start":{"line":269,"column":4},"end":{"line":298,"column":5}},{"start":{"line":269,"column":4},"end":{"line":298,"column":5}}],"line":269},"35":{"loc":{"start":{"line":269,"column":8},"end":{"line":269,"column":62}},"type":"binary-expr","locations":[{"start":{"line":269,"column":8},"end":{"line":269,"column":16}},{"start":{"line":269,"column":20},"end":{"line":269,"column":38}},{"start":{"line":269,"column":42},"end":{"line":269,"column":62}}],"line":269},"36":{"loc":{"start":{"line":274,"column":8},"end":{"line":276,"column":9}},"type":"if","locations":[{"start":{"line":274,"column":8},"end":{"line":276,"column":9}},{"start":{"line":274,"column":8},"end":{"line":276,"column":9}}],"line":274},"37":{"loc":{"start":{"line":282,"column":8},"end":{"line":284,"column":9}},"type":"if","locations":[{"start":{"line":282,"column":8},"end":{"line":284,"column":9}},{"start":{"line":282,"column":8},"end":{"line":284,"column":9}}],"line":282}
[...]
:{"start":{"line":193,"column":6},"end":{"line":193,"column":32}},"type":"if","locations":[{"start":{"line":193,"column":6},"end":{"line":193,"column":32}},{"start":{"line":193,"column":6},"end":{"line":193,"column":32}}],"line":193},"17":{"loc":{"start":{"line":200,"column":6},"end":{"line":200,"column":32}},"type":"if","locations":[{"start":{"line":200,"column":6},"end":{"line":200,"column":32}},{"start":{"line":200,"column":6},"end":{"line":200,"column":32}}],"line":200},"18":{"loc":{"start":{"line":207,"column":6},"end":{"line":207,"column":32}},"type":"if","locations":[{"start":{"line":207,"column":6},"end":{"line":207,"column":32}},{"start":{"line":207,"column":6},"end":{"line":207,"column":32}}],"line":207},"19":{"loc":{"start":{"line":214,"column":6},"end":{"line":214,"column":32}},"type":"if","locations":[{"start":{"line":214,"column":6},"end":{"line":214,"column":32}},{"start":{"line":214,"column":6},"end":{"line":214,"column":32}}],"line":214},"20":{"loc":{"start":{"line":245,"column":6},"end":{"line":245,"column":32}},"type":"if","locations":[{"start":{"line":245,"column":6},"end":{"line":245,"column":32}},{"start":{"line":245,"column":6},"end":{"line":245,"column":32}}],"line":245},"21":{"loc":{"start":{"line":252,"column":6},"end":{"line":252,"column":32}},"type":"if","locations":[{"start":{"line":252,"column":6},"end":{"line":252,"column":32}},{"start":{"line":252,"column":6},"end":{"line":252,"column":32}}],"line":252},"22":{"loc":{"start":{"line":262,"column":6},"end":{"line":262,"column":32}},"type":"if","locations":[{"start":{"line":262,"column":6},"end":{"line":262,"column":32}},{"start":{"line":262,"column":6},"end":{"line":262,"column":32}}],"line":262},"23":{"loc":{"start":{"line":269,"column":6},"end":{"line":269,"column":32}},"type":"if","locations":[{"start":{"line":269,"column":6},"end":{"line":269,"column":32}},{"start":{"line":269,"column":6},"end":{"line":269,"column":32}}],"line":269},"24":{"loc":{"start":{"line":276,"column":6},"end":{"line":276,"column":32}},"type":"if","locations":[{"start":{"line":276,"column":6},"end":{"line":276,"column":32}},{"start":{"line":276,"column":6},"end":{"line":276,"column":32}}],"line":276},"25":{"loc":{"start":{"line":309,"column":6},"end":{"line":309,"column":32}},"type":"if","locations":[{"start":{"line":309,"column":6},"end":{"line":309,"column":32}},{"start":{"line":309,"column":6},"end":{"line":309,"column":32}}],"line":309},"26":{"loc":{"start":{"line":316,"column":6},"end":{"line":316,"column":32}},"type":"if","locations":[{"start":{"line":316,"column":6},"end":{"line":316,"column":32}},{"start":{"line":316,"column":6},"end":{"line":316,"column":32}}],"line":316},"27":{"loc":{"start":{"line":323,"column":6},"end":{"line":323,"column":32}},"type":"if","locations":[{"start":{"line":323,"column":6},"end":{"line":323,"column":32}},{"start":{"line":323,"column":6},"end":{"line":323,"column":32}}],"line":323},"28":{"loc":{"start":{"line":330,"column":6},"end":{"line":330,"column":32}},"type":"if","locations":[{"start":{"line":330,"column":6},"end":{"line":330,"column":32}},{"start":{"line":330,"column":6},"end":{"line":330,"column":32}}],"line":330},"29":{"loc":{"start":{"line":337,"column":6},"end":{"line":337,"column":32}},"type":"if","locations":[{"start":{"line":337,"column":6},"end":{"line":337,"column":32}},{"start":{"line":337,"column":6},"end":{"line":337,"column":32}}],"line":337},"30":{"loc":{"start":{"line":344,"column":6},"end":{"line":344,"column":32}},"type":"if","locations":[{"start":{"line":344,"column":6},"end":{"line":344,"column":32}},{"start":{"line":344,"column":6},"end":{"line":344,"column":32}}],"line":344},"31":{"loc":{"start":{"line":351,"column":6},"end":{"line":351,"column":32}},"type":"if","locations":[{"start":{"line":351,"column":6},"end":{"line":351,"column":32}},{"start":{"line":351,"column":6},"end":{"line":351,"column":32}}],"line":351},"32":{"loc":{"start":{"line":382,"column":6},"end":{"line":382,"column":32}},"type":"if","locations":[{"start":{"line":382,"column":6},"end":{"line":382,"column":32}},{"start":{"line":382,"column":6},"end":{"line":382,"column":32}}],"line":382},"33":{"loc":{"start":{"line":389,"column":6},"end":{"line":389,"column":32}},"type":"if","locations":[{"start":{"line":389,"column":6},"end":{"line":389,"column":32}},{"start":{"line":389,"column":6},"end":{"line":389,"column":32}}],"line":389},"34":{"loc":{"start":{"line":396,"column":6},"end":{"line":396,"column":32}},"type":"if","locations":[{"start":{"line":396,"column":6},"end":{"line":396,"column":32}},{"start":{"line":396,"column":6},"end":{"line":396,"column":32}}],"line":396},"35":{"loc":{"start":{"line":403,"column":6},"end":{"line":403,"column":32}},"type":"if","locations":[{"start":{"line":403,"column":6},"end":{"line":403,"column":32}},{"start":{"line":403,"column":6},"end":{"line":403,"column":32}}],"line":403},"36":{"loc":{"start":{"line":410,"column":6},"end":{"line":410,"column":32}},"type":"if","locations":[{"start":{"line":410,"column":6},"end":{"line":410,"column":32}},{"start":{"line":410,"column":6},"end":{"line":410,"column":32}}],"line":410},"37":{"loc":{"start":{"line":441,"column":6},"end":{"line":441,"column":32}},"type":"if","locations":[{"start":{"line":441,"column":6},"end":{"line":441,"column":32}},{"start":{"line":441,"column":6},"end":{"line":441,"column":32}}],"line":441},"38":{"loc":{"start":{"line":448,"column":6},"end":{"line":448,"column":32}},"type":"if","locations":[{"start":{"line":448,"column":6},"end":{"line":448,"column":32}},{"start":{"line":448,"column":6},"end":{"line":448,"column":32}}],"line":448},"39":{"loc":{"start":{"line":455,"column":6},"end":{"line":455,"column":32}},"type":"if","locations":[{"start":{"line":455,"column":6},"end":{"line":455,"column":32}},{"start":{"line":455,"column":6},"end":{"line":455,"column":32}}],"line":455},"40":{"loc":{"start":{"line":462,"column":6},"end":{"line":462,"column":32}},"type":"if","locations":[{"start":{"line":462,"column":6},"end":{"line":462,"column":32}},{"start":{"line":462,"column":6},"end":{"line":462,"column":32}}],"line":462},"41":{"loc":{"start":{"line":469,"column":6},"end":{"line":469,"column":32}},"type":"if","locations":[{"start":{"line":469,"column":6},"end":{"line":469,"column":32}},{"start":{"line":469,"column":6},"end":{"line":469,"column":32}}],"line":469},"42":{"loc":{"start":{"line":476,"column":6},"end":{"line":476,"column":32}},"type":"if","locations":[{"start":{"line":476,"column":6},"end":{"line":476,"column":32}},{"start":{"line":476,"column":6},"end":{"line":476,"column":32}}],"line":476},"43":{"loc":{"start":{"line":483,"column":6},"end":{"line":483,"column":32}},"type":"if","locations":[{"start":{"line":483,"column":6},"end":{"line":483,"column":32}},{"start":{"line":483,"column":6},"end":{"line":483,"column":32}}],"line":483},"44":{"loc":{"start":{"line":517,"column":6},"end":{"line":517,"column":32}},"type":"if","locations":[{"start":{"line":517,"column":6},"end":{"line":517,"column":32}},{"start":{"line":517,"column":6},"end":{"line":517,"column":32}}],"line":517},"45":{"loc":{"start":{"line":524,"column":6},"end":{"line":524,"column":32}},"type":"if","locations":[{"start":{"line":524,"column":6},"end":{"line":524,"column":32}},{"start":{"line":524,"column":6},"end":{"line":524,"column":32}}],"line":524},"46":{"loc":{"start":{"line":531,"column":6},"end":{"line":531,"column":32}},"type":"if","locations":[{"start":{"line":531,"column":6},"end":{"line":531,"column":32}},{"start":{"line":531,"column":6},"end":{"line":531,"column":32}}],"line":531},"47":{"loc":{"start":{"line":538,"column":6},"end":{"line":538,"column":32}},"type":"if","locations":[{"start":{"line":538,"column":6},"end":{"line":538,"column":32}},{"start":{"line":538,"column":6},"end":{"line":538,"column":32}}],"line":538},"48":{"loc":{"start":{"line":570,"column":6},"end":{"line":570,"column":32}},"type":"if","locations":[{"start":{"line":570,"column":6},"end":{"line":570,"column":32}},{"start":{"line":570,"column":6},"end":{"line":570,"column":32}}],"line":570},"49":{"loc":{"start":{"line":577,"column":6},"end":{"line":577,"column":32}},"type":"if","locations":[{"start":{"line":577,"column":6},"end":{"line":577,"column":32}},{"start":{"line":577,"column":6},"end":{"line":577,"column":32}}],"line":577},"50":{"loc":{"start":{"line":584,"column":6},"end":{"line":584,"column":32}},"type":"if","locations":[{"start":{"line":584,"column":6},"end":{"line":584,"column":32}},{"start":{"line":584,"column":6},"end":{"line":584,"column":32}}],"line":584},"51":{"loc":{"start":{"line":591,"column":6},"end":{"line":591,"column":32}},"type":"if","locations":[{"start":{"line":591,"column":6},"end":{"line":591,"column":32}},{"start":{"line":591,"column":6},"end":{"line":591,"column":32}}],"line":591},"52":{"loc":{"start":{"line":622,"column":6},"end":{"line":622,"column":32}},"type":"if","locations":[{"start":{"line":622,"column":6},"end":{"line":622,"column":32}},{"start":{"line":622,"column":6},"end":{"line":622,"column":32}}],"line":622},"53":{"loc":{"start":{"line":629,"column":6},"end":{"line":629,"column":32}},"type":"if","locations":[{"start":{"line":629,"column":6},"end":{"line":629,"column":32}},{"start":{"line":629,"column":6},"end":{"line":629,"column":32}}],"line":629},"54":{"loc":{"start":{"line":636,"column":6},"end":{"line":636,"column":32}},"type":"if","locations":[{"start":{"line":636,"column":6},"end":{"line":636,"column":32}},{"start":{"line":636,"column":6},"end":{"line":636,"column":32}}],"line":636},"55":{"loc":{"start":{"line":650,"column":6},"end":{"line":650,"column":32}},"type":"if","locations":[{"start":{"line":650,"column":6},"end":{"line":650,"column":32}},{"start":{"line":650,"column":6},"end":{"line":650,"column":32}}],"line":650},"56":{"loc":{"start":{"line":657,"column":6},"end":{"line":657,"column":32}},"type":"if","locations":[{"start":{"line":657,"column":6},"end":{"line":657,"column":32}},{"start":{"line":657,"column":6},"end":{"line":657,"column":32}}],"line":657},"57":{"loc":{"start":{"line":664,"column":6},"end":{"line":664,"column":32}},"type":"if","locations":[{"start":{"line":664,"column":6},"end":{"line":664,"column":32}},{"start":{"line":664,"column":6},"end":{"line":664,"column":32}}],"line":664},"58":{"loc":{"start":{"line":672,"column":6},"end":{"line":672,"column":32}},"type":"if","locations":[{"start":{"line":672,"column":6},"end":{"line":672,"column":32}},{"start":{"line":672,"column":6},"end":{"line":672,"column":32}}],"line":672},"59":{"loc":{"start":{"line":689,"column":6},"end":{"line":689,"column":32}},"type":"if","locations":[{"start":{"line":689,"column":6},"end":{"line":689,"column":32}},{"start":{"line":689,"column":6},"end":{"line":689,"column":32}}],"line":689},"60":{"loc":{"start":{"line":716,"column":6},"end":{"line":716,"column":32}},"type":"if","locations":[{"start":{"line":716,"column":6},"end":{"line":716,"column":32}},{"start":{"line":716,"column":6},"end":{"line":716,"column":32}}],"line":716},"61":{"loc":{"start":{"line":723,"column":6},"end":{"line":723,"column":32}},"type":"if","locations":[{"start":{"line":723,"column":6},"end":{"line":723,"column":32}},{"start":{"line":723,"column":6},"end":{"line":723,"column":32}}],"line":723},"62":{"loc":{"start":{"line":731,"column":6},"end":{"line":731,"column":32}},"type":"if","locations":[{"start":{"line":731,"column":6},"end":{"line":731,"column":32}},{"start":{"line":731,"column":6},"end":{"line":731,"column":32}}],"line":731},"63":{"loc":{"start":{"line":740,"column":6},"end":{"line":740,"column":32}},"type":"if","locations":[{"start":{"line":740,"column":6},"end":{"line":740,"column":32}},{"start":{"line":740,"column":6},"end":{"line":740,"column":32}}],"line":740},"64":{"loc":{"start":{"line":747,"column":6},"end":{"line":747,"column":32}},"type":"if","locations":[{"start":{"line":747,"column":6},"end":{"line":747,"column":32}},{"start":{"line":747,"column":6},"end":{"line":747,"column":32}}],"line":747}},"s":{"0":1,"1":1,"2":1,"3":1,"4":1,"5":1,"6":1,"7":1,"8":1,"9":1,"10":1,"11":1,"12":1,"13":1,"14":1,"15":1,"16":1,"17":1,"18":1,"19":1,"20":1,"21":1,"22":1,"23":0,"24":1,"25":1,"26":1,"27":1,"28":1,"29":0,"30":1,"31":1,"32":1,"33":1,"34":1,"35":0,"36":1,"37":1,"38":1,"39":1,"40":1,"41":0,"42":1,"43":1,"44":1,"45":0,"46":1,"47":1,"48":1,"49":1,"50":1,"51":1,"52":1,"53":1,"54":1,"55":1,"56":1,"57":1,"58":1,"59":1,"60":1,"61":1,"62":1,"63":0,"64":1,"65":1,"66":1,"67":1,"68":1,"69":0,"70":1,"71":1,"72":1,"73":1,"74":1,"75":0,"76":1,"77":1,"78":1,"79":1,"80":1,"81":0,"82":1,"83":1,"84":1,"85":1,"86":1,"87":0,"88":1,"89":1,"90":1,"91":1,"92":1,"93":0,"94":1,"95":1,"96":1,"97":1,"98":1,"99":0,"100":1,"101":1,"102":1,"103":1,"104":1,"105":0,"106":1,"107":1,"108":1,"109":1,"110":1,"111":0,"112":1,"113":1,"114":1,"115":1,"116":1,"117":1,"118":1,"119":1,"120":1,"121":1,"122":1,"123":1,"124":1,"125":1,"126":1,"127":1,"128":1,"129":1,"130":1,"131":1,"132":1,"133":1,"134":0,"135":1,"136":1,"137":1,"138":1,"139":1,"140":0,"141":1,"142":1,"143":1,"144":1,"145":1,"146":0,"147":1,"148":1,"149":1,"150":1,"151":1,"152":0,"153":1,"154":1,"155":1,"156":1,"157":1,"158":0,"159":1,"160":1,"161":1,"162":1,"163":1,"164":0,"165":1,"166":1,"167":1,"168":1,"169":1,"170":0,"171":1,"172":1,"173":1,"174":1,"175":1,"176":1,"177":1,"178":1,"179":1,"180":1,"181":1,"182":1,"183":1,"184":1,"185":1,"186":1,"187":1,"188":1,"189":1,"190":1,"191":1,"192":1,"193":0,"194":1,"195":1,"196":1,"197":1,"198":1,"199":0,"200":1,"201":1,"202":1,"203":1,"204":1,"205":1,"206":1,"207":0,"208":1,"209":1,"210":1,"211":1,"212":1,"213":0,"214":1,"215":1,"216":1,"217":1,"218":1,"219":0,"220":1,"221":1,"222":1,"223":1,"224":1,"225":1,"226":1,"227":1,"228":1,"229":1,"230":1,"231":1,"232":1,"233":1,"234":1,"235":1,"236":1,"237":1,"238":1,"239":1,"240":1,"241":1,"242":1,"243":1,"244":0,"245":1,"246":1,"247":1,"248":1,"249":1,"250":0,"251":1,"252":1,"253":1,"254":1,"255":1,"256":0,"257":1,"258":1,"259":1,"260":1,"261":1,"262":0,"263":1,"264":1,"265":1,"266":1,"267":1,"268":0,"269":1,"270":1,"271":1,"272":1,"273":1,"274":0,"275":1,"276":1,"277":1,"278":1,"279":1,"280":0,"281":1,"282":1,"283":1,"284":1,"285":1,"286":1,"287":1,"288":1,"289":1,"290":1,"291":1,"292":1,"293":1,"294":1,"295":1,"296":1,"297":1,"298":1,"299":1,"300":1,"301":1,"302":1,"303":0,"304":1,"305":1,"306":1,"307":1,"308":1,"309":0,"310":1,"311":1,"312":1,"313":1,"314":1,"315":0,"316":1,"317":1,"318":1,"319":1,"320":1,"321":0,"322":1,"323":1,"324":1,"325":1,"326":1,"327":0,"328":1,"329":1,"330":1,"331":1,"332":1,"333":1,"334":1,"335":1,"336":1,"337":1,"338":1,"339":1,"340":1,"341":1,"342":1,"343":1,"344":1,"345":1,"346":1,"347":0,"348":1,"349":1,"350":1,"351":1,"352":1,"353":0,"354":1,"355":1,"356":1,"357":1,"358":1,"359":0,"360":1,"361":1,"362":1,"363":1,"364":1,"365":0,"366":1,"367":1,"368":1,"369":1,"370":1,"371":0,"372":1,"373":1,"374":1,"375":1,"376":1,"377":0,"378":1,"379":1,"380":1,"381":1,"382":1,"383":0,"384":1,"385":1,"386":1,"387":1,"388":1,"389":1,"390":1,"391":1,"392":1,"393":1,"394":1,"395":1,"396":1,"397":1,"398":1,"399":1,"400":1,"401":1,"402":1,"403":1,"404":1,"405":1,"406":0,"407":1,"408":1,"409":1,"410":1,"411":1,"412":0,"413":1,"414":1,"415":1,"416":1,"417":1,"418":0,"419":1,"420":1,"421":1,"422":1,"423":1,"424":0,"425":1,"426":1,"427":1,"428":1,"429":1,"430":1,"431":1,"432":1,"433":1,"434":1,"435":1,"436":1,"437":1,"438":1,"439":1,"440":1,"441":1,"442":1,"443":1,"444":1,"445":1,"446":1,"447":1,"448":1,"449":0,"450":1,"451":1,"452":1,"453":1,"454":1,"455":0,"456":1,"457":1,"458":1,"459":1,"460":1,"461":0,"462":1,"463":1,"464":1,"465":1,"466":1,"467":0,"468":1,"469":1,"470":1,"471":1,"472":1,"473":1,"474":1,"475":1,"476":1,"477":1,"478":1,"479":1,"480":1,"481":1,"482":1,"483":1,"484":1,"485":1,"486":1,"487":1,"488":1,"489":1,"490":1,"491":0,"492":1,"493":1,"494":1,"495":1,"496":1,"497":0,"498":1,"499":1,"500":1,"501":1,"502":1,"503":0,"504":1,"505":1,"506":1,"507":1,"508":1,"509":1,"510":0,"511":1,"512":1,"513":1,"514":1,"515":1,"516":0,"517":1,"518":1,"519":1,"520":1,"521":1,"522":0,"523":1,"524":1,"525":1,"526":1,"527":1,"528":0,"529":1,"530":1,"531":1,"532":1,"533":1,"534":1,"535":1,"536":0,"537":1,"538":1,"539":1,"540":1,"541":1,"542":1,"543":1,"544":1,"545":1,"546":1,"547":1,"548":1,"549":1,"550":1,"551":0,"552":1,"553":1,"554":1,"555":1,"556":1,"557":0,"558":1,"559":1,"560":1,"561":1,"562":1,"563":1,"564":0,"565":1,"566":1,"567":1,"568":1,"569":1,"570":1,"571":0,"572":1,"573":1,"574":1,"575":1,"576":1,"577":0,"578":1,"579":1},"f":{"0":1,"1":1,"2":1,"3":1,"4":1,"5":1,"6":1,"7":1,"8":1,"9":1,"10":0,"11":1,"12":1,"13":1,"14":1,"15":1,"16":1,"17":1,"18":1,"19":1,"20":1,"21":1,"22":1,"23":1,"24":1,"25":1,"26":1,"27":1,"28":1,"29":1,"30":1,"31":1,"32":1,"33":1,"34":1,"35":1,"36":1,"37":1,"38":1,"39":1,"40":1,"41":1,"42":1,"43":1,"44":1,"45":1,"46":1,"47":1,"48":1,"49":1,"50":1,"51":1,"52":1,"53":1,"54":1,"55":1,"56":1,"57":1,"58":1,"59":1,"60":1,"61":1,"62":1,"63":1,"64":1,"65":1,"66":1,"67":1,"68":1,"69":1,"70":1,"71":1,"72":1,"73":1,"74":1,"75":1,"76":1,"77":1,"78":1,"79":1,"80":1,"81":1,"82":1,"83":1,"84":1,"85":1,"86":1,"87":1,"88":1,"89":1,"90":1,"91":1,"92":1,"93":1,"94":1,"95":1,"96":1,"97":1,"98":1,"99":1,"100":1,"101":1,"102":1,"103":1,"104":1,"105":1,"106":1,"107":1,"108":1,"109":1,"110":1,"111":1,"112":1,"113":1,"114":1,"115":1,"116":1,"117":1,"118":1,"119":1,"120":1,"121":1,"122":1,"123":1,"124":1,"125":1,"126":1,"127":1,"128":1,"129":1,"130":1,"131":1,"132":1,"133":1,"134":1,"135":1,"136":1,"137":1,"138":1,"139":1,"140":1,"141":1,"142":1,"143":1},"b":{"0":[0,1],"1":[0,1],"2":[0,1],"3":[0,1],"4":[0,1],"5":[0,1],"6":[0,1],"7":[0,1],"8":[0,1],"9":[0,1],"10":[0,1],"11":[0,1],"12":[0,1],"13":[0,1],"14":[0,1],"15":[0,1],"16":[0,1],"17":[0,1],"18":[0,1],"19":[0,1],"20":[0,1],"21":[0,1],"22":[0,1],"23":[0,1],"24":[0,1],"25":[0,1],"26":[0,1],"27":[0,1],"28":[0,1],"29":[0,1],"30":[0,1],"31":[0,1],"32":[0,1],"33":[0,1],"34":[0,1],"35":[0,1],"36":[0,1],"37":[0,1],"38":[0,1],"39":[0,1],"40":[0,1],"41":[0,1],"42":[0,1],"43":[0,1],"44":[0,1],"45":[0,1],"46":[0,1],"47":[0,1],"48":[0,1],"49":[0,1],"50":[0,1],"51":[0,1],"52":[0,1],"53":[0,1],"54":[0,1],"55":[0,1],"56":[0,1],"57":[0,1],"58":[0,1],"59":[0,1],"60":[0,1],"61":[0,1],"62":[0,1],"63":[0,1],"64":[0,1]},"_coverageSchema":"332fd63041d2c1bcb487cc26dd0d5f7d97098a6c","hash":"992eb8aa683d0d61bb4643e66cce8341e8617125","contentHash":"6cbb84890782f1050825aeef490d92b0_11.0.3"},"C:\\Users\\ILYASANATE\\Documents\\AndelaProjects\\PostIt\\server\\tests\\index.test.js":{"path":"C:\\Users\\ILYASANATE\\Documents\\AndelaProjects\\PostIt\\server\\tests\\index.test.js","statementMap":{"0":{"start":{"line":3,"column":0},"end":{"line":3,"column":27}},"1":{"start":{"line":5,"column":14},"end":{"line":5,"column":34}},"2":{"start":{"line":6,"column":10},"end":{"line":6,"column":32}},"3":{"start":{"line":9,"column":0},"end":{"line":16,"column":3}},"4":{"start":{"line":10,"column":2},"end":{"line":12,"column":5}},"5":{"start":{"line":11,"column":4},"end":{"line":11,"column":61}},"6":{"start":{"line":13,"column":2},"end":{"line":15,"column":5}},"7":{"start":{"line":14,"column":4},"end":{"line":14,"column":51}}},"fnMap":{"0":{"name":"(anonymous_0)","decl":{"start":{"line":9,"column":26},"end":{"line":9,"column":27}},"loc":{"start":{"line":9,"column":38},"end":{"line":16,"column":1}},"line":9},"1":{"name":"(anonymous_1)","decl":{"start":{"line":10,"column":76},"end":{"line":10,"column":77}},"loc":{"start":{"line":10,"column":92},"end":{"line":12,"column":3}},"line":10},"2":{"name":"(anonymous_2)","decl":{"start":{"line":13,"column":71},"end":{"line":13,"column":72}},"loc":{"start":{"line":13,"column":87},"end":{"line":15,"column":3}},"line":13}},"branchMap":{},"s":{"0":1,"1":1,"2":1,"3":1,"4":1,"5":1,"6":1,"7":1},"f":{"0":1,"1":1,"2":1},"b":{},"_coverageSchema":"332fd63041d2c1bcb487cc26dd0d5f7d97098a6c","hash":"cbce4b3324682ef55084b85fa54356517873b2ac","contentHash":"df2786f66d103e56f635c1a6c73a83cd_11.0.3"}}