{"/Users/andeladeveloper/Documents/AndelaProjects/PostIt/server/tests/auth.test.js":{"path":"/Users/andeladeveloper/Documents/AndelaProjects/PostIt/server/tests/auth.test.js","statementMap":{"0":{"start":{"line":3,"column":0},"end":{"line":3,"column":27}},"1":{"start":{"line":5,"column":14},"end":{"line":5,"column":34}},"2":{"start":{"line":6,"column":13},"end":{"line":6,"column":35}},"3":{"start":{"line":7,"column":16},"end":{"line":7,"column":37}},"4":{"start":{"line":8,"column":10},"end":{"line":8,"column":32}},"5":{"start":{"line":9,"column":13},"end":{"line":9,"column":40}},"6":{"start":{"line":10,"column":11},"end":{"line":10,"column":47}},"7":{"start":{"line":11,"column":9},"end":{"line":11,"column":40}},"8":{"start":{"line":14,"column":0},"end":{"line":69,"column":3}},"9":{"start":{"line":15,"column":2},"end":{"line":15,"column":29}},"10":{"start":{"line":16,"column":2},"end":{"line":16,"column":33}},"11":{"start":{"line":17,"column":2},"end":{"line":23,"column":5}},"12":{"start":{"line":18,"column":4},"end":{"line":22,"column":7}},"13":{"start":{"line":19,"column":6},"end":{"line":19,"column":32}},"14":{"start":{"line":19,"column":15},"end":{"line":19,"column":32}},"15":{"start":{"line":20,"column":6},"end":{"line":20,"column":90}},"16":{"start":{"line":21,"column":6},"end":{"line":21,"column":13}},"17":{"start":{"line":24,"column":2},"end":{"line":30,"column":5}},"18":{"start":{"line":25,"column":4},"end":{"line":29,"column":7}},"19":{"start":{"line":26,"column":6},"end":{"line":26,"column":32}},"20":{"start":{"line":26,"column":15},"end":{"line":26,"column":32}},"21":{"start":{"line":27,"column":6},"end":{"line":27,"column":54}},"22":{"start":{"line":28,"column":6},"end":{"line":28,"column":13}},"23":{"start":{"line":31,"column":2},"end":{"line":37,"column":5}},"24":{"start":{"line":32,"column":4},"end":{"line":36,"column":7}},"25":{"start":{"line":33,"column":6},"end":{"line":33,"column":32}},"26":{"start":{"line":33,"column":15},"end":{"line":33,"column":32}},"27":{"start":{"line":34,"column":6},"end":{"line":34,"column":60}},"28":{"start":{"line":35,"column":6},"end":{"line":35,"column":13}},"29":{"start":{"line":38,"column":2},"end":{"line":44,"column":5}},"30":{"start":{"line":39,"column":4},"end":{"line":43,"column":7}},"31":{"start":{"line":40,"column":6},"end":{"line":40,"column":32}},"32":{"start":{"line":40,"column":15},"end":{"line":40,"column":32}},"33":{"start":{"line":41,"column":6},"end":{"line":41,"column":70}},"34":{"start":{"line":42,"column":6},"end":{"line":42,"column":13}},"35":{"start":{"line":45,"column":2},"end":{"line":55,"column":5}},"36":{"start":{"line":46,"column":4},"end":{"line":54,"column":7}},"37":{"start":{"line":47,"column":6},"end":{"line":47,"column":32}},"38":{"start":{"line":47,"column":15},"end":{"line":47,"column":32}},"39":{"start":{"line":48,"column":25},"end":{"line":48,"column":44}},"40":{"start":{"line":49,"column":6},"end":{"line":49,"column":58}},"41":{"start":{"line":50,"column":6},"end":{"line":50,"column":54}},"42":{"start":{"line":51,"column":21},"end":{"line":51,"column":45}},"43":{"start":{"line":52,"column":6},"end":{"line":52,"column":48}},"44":{"start":{"line":53,"column":6},"end":{"line":53,"column":13}},"45":{"start":{"line":56,"column":2},"end":{"line":68,"column":5}},"46":{"start":{"line":57,"column":4},"end":{"line":67,"column":7}},"47":{"start":{"line":58,"column":6},"end":{"line":58,"column":32}},"48":{"start":{"line":58,"column":15},"end":{"line":58,"column":32}},"49":{"start":{"line":59,"column":6},"end":{"line":66,"column":9}},"50":{"start":{"line":62,"column":8},"end":{"line":62,"column":51}},"51":{"start":{"line":63,"column":8},"end":{"line":63,"column":15}},"52":{"start":{"line":65,"column":8},"end":{"line":65,"column":25}},"53":{"start":{"line":71,"column":0},"end":{"line":113,"column":3}},"54":{"start":{"line":73,"column":2},"end":{"line":73,"column":25}},"55":{"start":{"line":82,"column":2},"end":{"line":82,"column":29}},"56":{"start":{"line":83,"column":2},"end":{"line":89,"column":5}},"57":{"start":{"line":84,"column":4},"end":{"line":88,"column":7}},"58":{"start":{"line":85,"column":6},"end":{"line":85,"column":32}},"59":{"start":{"line":85,"column":15},"end":{"line":85,"column":32}},"60":{"start":{"line":86,"column":6},"end":{"line":86,"column":90}},"61":{"start":{"line":87,"column":6},"end":{"line":87,"column":13}},"62":{"start":{"line":90,"column":2},"end":{"line":96,"column":5}},"63":{"start":{"line":91,"column":4},"end":{"line":95,"column":7}},"64":{"start":{"line":92,"column":6},"end":{"line":92,"column":32}},"65":{"start":{"line":92,"column":15},"end":{"line":92,"column":32}},"66":{"start":{"line":93,"column":6},"end":{"line":93,"column":47}},"67":{"start":{"line":94,"column":6},"end":{"line":94,"column":13}},"68":{"start":{"line":97,"column":2},"end":{"line":103,"column":5}},"69":{"start":{"line":98,"column":4},"end":{"line":102,"column":7}},"70":{"start":{"line":99,"column":6},"end":{"line":99,"column":32}},"71":{"start":{"line":99,"column":15},"end":{"line":99,"column":32}},"72":{"start":{"line":100,"column":6},"end":{"line":100,"column":51}},"73":{"start":{"line":101,"column":6},"end":{"line":101,"column":13}},"74":{"start":{"line":104,"column":2},"end":{"line":112,"column":5}},"75":{"start":{"line":105,"column":4},"end":{"line":111,"column":7}},"76":{"start":{"line":106,"column":6},"end":{"line":106,"column":32}},"77":{"start":{"line":106,"column":15},"end":{"line":106,"column":32}},"78":{"start":{"line":107,"column":6},"end":{"line":107,"column":30}},"79":{"start":{"line":108,"column":25},"end":{"line":108,"column":44}},"80":{"start":{"line":109,"column":6},"end":{"line":109,"column":52}},"81":{"start":{"line":110,"column":6},"end":{"line":110,"column":13}}},"fnMap":{"0":{"name":"(anonymous_0)","decl":{"start":{"line":14,"column":36},"end":{"line":14,"column":37}},"loc":{"start":{"line":14,"column":48},"end":{"line":69,"column":1}},"line":14},"1":{"name":"(anonymous_1)","decl":{"start":{"line":17,"column":100},"end":{"line":17,"column":101}},"loc":{"start":{"line":17,"column":116},"end":{"line":23,"column":3}},"line":17},"2":{"name":"(anonymous_2)","decl":{"start":{"line":18,"column":157},"end":{"line":18,"column":158}},"loc":{"start":{"line":18,"column":177},"end":{"line":22,"column":5}},"line":18},"3":{"name":"(anonymous_3)","decl":{"start":{"line":24,"column":84},"end":{"line":24,"column":85}},"loc":{"start":{"line":24,"column":100},"end":{"line":30,"column":3}},"line":24},"4":{"name":"(anonymous_4)","decl":{"start":{"line":25,"column":161},"end":{"line":25,"column":162}},"loc":{"start":{"line":25,"column":181},"end":{"line":29,"column":5}},"line":25},"5":{"name":"(anonymous_5)","decl":{"start":{"line":31,"column":65},"end":{"line":31,"column":66}},"loc":{"start":{"line":31,"column":81},"end":{"line":37,"column":3}},"line":31},"6":{"name":"(anonymous_6)","decl":{"start":{"line":32,"column":162},"end":{"line":32,"column":163}},"loc":{"start":{"line":32,"column":182},"end":{"line":36,"column":5}},"line":32},"7":{"name":"(anonymous_7)","decl":{"start":{"line":38,"column":87},"end":{"line":38,"column":88}},"loc":{"start":{"line":38,"column":103},"end":{"line":44,"column":3}},"line":38},"8":{"name":"(anonymous_8)","decl":{"start":{"line":39,"column":159},"end":{"line":39,"column":160}},"loc":{"start":{"line":39,"column":179},"end":{"line":43,"column":5}},"line":39},"9":{"name":"(anonymous_9)","decl":{"start":{"line":45,"column":106},"end":{"line":45,"column":107}},"loc":{"start":{"line":45,"column":122},"end":{"line":55,"column":3}},"line":45},"10":{"name":"(anonymous_10)","decl":{"start":{"line":46,"column":160},"end":{"line":46,"column":161}},"loc":{"start":{"line":46,"column":180},"end":{"line":54,"column":5}},"line":46},"11":{"name":"(anonymous_11)","decl":{"start":{"line":56,"column":92},"end":{"line":56,"column":93}},"loc":{"start":{"line":56,"column":108},"end":{"line":68,"column":3}},"line":56},"12":{"name":"(anonymous_12)","decl":{"start":{"line":57,"column":160},"end":{"line":57,"column":161}},"loc":{"start":{"line":57,"column":180},"end":{"line":67,"column":5}},"line":57},"13":{"name":"(anonymous_13)","decl":{"start":{"line":61,"column":14},"end":{"line":61,"column":15}},"loc":{"start":{"line":61,"column":30},"end":{"line":64,"column":7}},"line":61},"14":{"name":"(anonymous_14)","decl":{"start":{"line":64,"column":15},"end":{"line":64,"column":16}},"loc":{"start":{"line":64,"column":30},"end":{"line":66,"column":7}},"line":64},"15":{"name":"(anonymous_15)","decl":{"start":{"line":71,"column":36},"end":{"line":71,"column":37}},"loc":{"start":{"line":71,"column":48},"end":{"line":113,"column":1}},"line":71},"16":{"name":"(anonymous_16)","decl":{"start":{"line":83,"column":103},"end":{"line":83,"column":104}},"loc":{"start":{"line":83,"column":119},"end":{"line":89,"column":3}},"line":83},"17":{"name":"(anonymous_17)","decl":{"start":{"line":84,"column":103},"end":{"line":84,"column":104}},"loc":{"start":{"line":84,"column":123},"end":{"line":88,"column":5}},"line":84},"18":{"name":"(anonymous_18)","decl":{"start":{"line":90,"column":70},"end":{"line":90,"column":71}},"loc":{"start":{"line":90,"column":86},"end":{"line":96,"column":3}},"line":90},"19":{"name":"(anonymous_19)","decl":{"start":{"line":91,"column":108},"end":{"line":91,"column":109}},"loc":{"start":{"line":91,"column":128},"end":{"line":95,"column":5}},"line":91},"20":{"name":"(anonymous_20)","decl":{"start":{"line":97,"column":80},"end":{"line":97,"column":81}},"loc":{"start":{"line":97,"column":96},"end":{"line":103,"column":3}},"line":97},"21":{"name":"(anonymous_21)","decl":{"start":{"line":98,"column":109},"end":{"line":98,"column":110}},"loc":{"start":{"line":98,"column":129},"end":{"line":102,"column":5}},"line":98},"22":{"name":"(anonymous_22)","decl":{"start":{"line":104,"column":78},"end":{"line":104,"column":79}},"loc":{"start":{"line":104,"column":94},"end":{"line":112,"column":3}},"line":104},"23":{"name":"(anonymous_23)","decl":{"start":{"line":105,"column":109},"end":{"line":105,"column":110}},"loc":{"start":{"line":105,"column":129},"end":{"line":111,"column":5}},"line":105}},"branchMap":{"0":{"loc":{"start":{"line":19,"column":6},"end":{"line":19,"column":32}},"type":"if","locations":[{"start":{"line":19,"column":6},"end":{"line":19,"column":32}},{"start":{"line":19,"column":6},"end":{"line":19,"column":32}}],"line":19},"1":{"loc":{"start":{"line":26,"column":6},"end":{"line":26,"column":32}},"type":"if","locations":[{"start":{"line":26,"column":6},"end":{"line":26,"column":32}},{"start":{"line":26,"column":6},"end":{"line":26,"column":32}}],"line":26},"2":{"loc":{"start":{"line":33,"column":6},"end":{"line":33,"column":32}},"type":"if","locations":[{"start":{"line":33,"column":6},"end":{"line":33,"column":32}},{"start":{"line":33,"column":6},"end":{"line":33,"column":32}}],"line":33},"3":{"loc":{"start":{"line":40,"column":6},"end":{"line":40,"column":32}},"type":"if","locations":[{"start":{"line":40,"column":6},"end":{"line":40,"column":32}},{"start":{"line":40,"column":6},"end":{"line":40,"column":32}}],"line":40},"4":{"loc":{"start":{"line":47,"column":6},"end":{"line":47,"column":32}},"type":"if","locations":[{"start":{"line":47,"column":6},"end":{"line":47,"column":32}},{"start":{"line":47,"column":6},"end":{"line":47,"column":32}}],"line":47},"5":{"loc":{"start":{"line":58,"column":6},"end":{"line":58,"column":32}},"type":"if","locations":[{"start":{"line":58,"column":6},"end":{"line":58,"column":32}},{"start":{"line":58,"column":6},"end":{"line":58,"column":32}}],"line":58},"6":{"loc":{"start":{"line":85,"column":6},"end":{"line":85,"column":32}},"type":"if","locations":[{"start":{"line":85,"column":6},"end":{"line":85,"column":32}},{"start":{"line":85,"column":6},"end":{"line":85,"column":32}}],"line":85},"7":{"loc":{"start":{"line":92,"column":6},"end":{"line":92,"column":32}},"type":"if","locations":[{"start":{"line":92,"column":6},"end":{"line":92,"column":32}},{"start":{"line":92,"column":6},"end":{"line":92,"column":32}}],"line":92},"8":{"loc":{"start":{"line":99,"column":6},"end":{"line":99,"column":32}},"type":"if","locations":[{"start":{"line":99,"column":6},"end":{"line":99,"column":32}},{"start":{"line":99,"column":6},"end":{"line":99,"column":32}}],"line":99},"9":{"loc":{"start":{"line":106,"column":6},"end":{"line":106,"column":32}},"type":"if","locations":[{"start":{"line":106,"column":6},"end":{"line":106,"column":32}},{"start":{"line":106,"column":6},"end":{"line":106,"column":32}}],"line":106}},"s":{"0":1,"1":1,"2":1,"3":1,"4":1,"5":1,"6":1,"7":1,"8":1,"9":1,"10":1,"11":1,"12":1,"13":1,"14":0,"15":1,"16":1,"17":1,"18":1,"19":1,"20":0,"21":1,"22":1,"23":1,"24":1,"25":1,"26":0,"27":1,"28":1,"29":1,"30":1,"31":1,"32":0,"33":1,"34":1,"35":1,"36":1,"37":1,"38":0,"39":1,"40":1,"41":1,"42":1,"43":1,"44":1,"45":1,"46":1,"47":1,"48":0,"49":1,"50":1,"51":1,"52":0,"53":1,"54":1,"55":1,"56":1,"57":1,"58":1,"59":0,"60":1,"61":1,"62":1,"63":1,"64":1,"65":0,"66":1,"67":1,"68":1,"69":1,"70":1,"71":0,"72":1,"73":1,"74":1,"75":1,"76":1,"77":0,"78":1,"79":1,"80":1,"81":1},"f":{"0":1,"1":1,"2":1,"3":1,"4":1,"5":1,"6":1,"7":1,"8":1,"9":1,"10":1,"11":1,"12":1,"13":1,"14":0,"15":1,"16":1,"17":1,"18":1,"19":1,"20":1,"21":1,"22":1,"23":1},"b":{"0":[0,1],"1":[0,1],"2":[0,1],"3":[0,1],"4":[0,1],"5":[0,1],"6":[0,1],"7":[0,1],"8":[0,1],"9":[0,1]},"_coverageSchema":"332fd63041d2c1bcb487cc26dd0d5f7d97098a6c","hash":"b68c327172bee0d26d4f0696dc911c8cc76ed104","contentHash":"8b3066ecdb7f389ad9d8124a0188ee7a_11.1.0"},"/Users/andeladeveloper/Documents/AndelaProjects/PostIt/app.js":{"path":"/Users/andeladeveloper/Documents/AndelaProjects/PostIt/app.js","statementMap":{"0":{"start":{"line":3,"column":0},"end":{"line":3,"column":27}},"1":{"start":{"line":4,"column":14},"end":{"line":4,"column":32}},"2":{"start":{"line":5,"column":17},"end":{"line":5,"column":39}},"3":{"start":{"line":6,"column":13},"end":{"line":6,"column":30}},"4":{"start":{"line":7,"column":11},"end":{"line":7,"column":26}},"5":{"start":{"line":8,"column":11},"end":{"line":8,"column":26}},"6":{"start":{"line":9,"column":16},"end":{"line":9,"column":48}},"7":{"start":{"line":11,"column":10},"end":{"line":11,"column":19}},"8":{"start":{"line":12,"column":0},"end":{"line":12,"column":23}},"9":{"start":{"line":13,"column":0},"end":{"line":13,"column":27}},"10":{"start":{"line":14,"column":0},"end":{"line":14,"column":51}},"11":{"start":{"line":15,"column":0},"end":{"line":15,"column":42}},"12":{"start":{"line":16,"column":0},"end":{"line":16,"column":58}},"13":{"start":{"line":19,"column":0},"end":{"line":19,"column":15}},"14":{"start":{"line":21,"column":13},"end":{"line":21,"column":35}},"15":{"start":{"line":23,"column":0},"end":{"line":28,"column":3}},"16":{"start":{"line":24,"column":2},"end":{"line":26,"column":3}},"17":{"start":{"line":25,"column":4},"end":{"line":25,"column":14}},"18":{"start":{"line":27,"column":2},"end":{"line":27,"column":54}},"19":{"start":{"line":30,"column":0},"end":{"line":30,"column":21}}},"fnMap":{"0":{"name":"(anonymous_0)","decl":{"start":{"line":23,"column":31},"end":{"line":23,"column":32}},"loc":{"start":{"line":23,"column":46},"end":{"line":28,"column":1}},"line":23}},"branchMap":{"0":{"loc":{"start":{"line":15,"column":16},"end":{"line":15,"column":40}},"type":"binary-expr","locations":[{"start":{"line":15,"column":16},"end":{"line":15,"column":32}},{"start":{"line":15,"column":36},"end":{"line":15,"column":40}}],"line":15},"1":{"loc":{"start":{"line":24,"column":2},"end":{"line":26,"column":3}},"type":"if","locations":[{"start":{"line":24,"column":2},"end":{"line":26,"column":3}},{"start":{"line":24,"column":2},"end":{"line":26,"column":3}}],"line":24}},"s":{"0":1,"1":1,"2":1,"3":1,"4":1,"5":1,"6":1,"7":1,"8":1,"9":1,"10":1,"11":1,"12":1,"13":1,"14":1,"15":1,"16":1,"17":0,"18":1,"19":1},"f":{"0":1},"b":{"0":[1,1],"1":[0,1]},"_coverageSchema":"332fd63041d2c1bcb487cc26dd0d5f7d97098a6c","hash":"fa840022e33c1d7583db7fd7ad3edd48b57bdd77","contentHash":"68120d23cf596b76a21d39e49ef5dc60_11.1.0"},"/Users/andeladeveloper/Documents/AndelaProjects/PostIt/server/routes/index.js":{"path":"/Users/andeladeveloper/Documents/AndelaProjects/PostIt/server/routes/index.js","statementMap":{"0":{"start":{"line":3,"column":17},"end":{"line":3,"column":34}},"1":{"start":{"line":4,"column":18},"end":{"line":4,"column":36}},"2":{"start":{"line":6,"column":0},"end":{"line":15,"column":2}},"3":{"start":{"line":7,"column":2},"end":{"line":9,"column":5}},"4":{"start":{"line":8,"column":4},"end":{"line":8,"column":154}},"5":{"start":{"line":10,"column":2},"end":{"line":10,"column":30}},"6":{"start":{"line":11,"column":2},"end":{"line":11,"column":31}},"7":{"start":{"line":12,"column":2},"end":{"line":14,"column":5}},"8":{"start":{"line":13,"column":4},"end":{"line":13,"column":72}}},"fnMap":{"0":{"name":"(anonymous_0)","decl":{"start":{"line":6,"column":17},"end":{"line":6,"column":18}},"loc":{"start":{"line":6,"column":32},"end":{"line":15,"column":1}},"line":6},"1":{"name":"(anonymous_1)","decl":{"start":{"line":7,"column":18},"end":{"line":7,"column":19}},"loc":{"start":{"line":7,"column":38},"end":{"line":9,"column":3}},"line":7},"2":{"name":"(anonymous_2)","decl":{"start":{"line":12,"column":20},"end":{"line":12,"column":21}},"loc":{"start":{"line":12,"column":40},"end":{"line":14,"column":3}},"line":12}},"branchMap":{},"s":{"0":1,"1":1,"2":1,"3":1,"4":1,"5":1,"6":1,"7":1,"8":1},"f":{"0":1,"1":1,"2":1},"b":{},"_coverageSchema":"332fd63041d2c1bcb487cc26dd0d5f7d97098a6c","hash":"ba2213881b3d23a481c47ef2357c4e7c4cdc9ca7","contentHash":"4d700439d6a952a5159a43d03d653db7_11.1.0"},"/Users/andeladeveloper/Documents/AndelaProjects/PostIt/server/routes/auth.js":{"path":"/Users/andeladeveloper/Documents/AndelaProjects/PostIt/server/routes/auth.js","statementMap":{"0":{"start":{"line":3,"column":13},"end":{"line":3,"column":40}},"1":{"start":{"line":4,"column":21},"end":{"line":4,"column":51}},"2":{"start":{"line":5,"column":27},"end":{"line":5,"column":71}},"3":{"start":{"line":7,"column":0},"end":{"line":29,"column":29}},"4":{"start":{"line":30,"column":0},"end":{"line":46,"column":29}},"5":{"start":{"line":47,"column":0},"end":{"line":61,"column":39}},"6":{"start":{"line":62,"column":0},"end":{"line":78,"column":62}},"7":{"start":{"line":79,"column":0},"end":{"line":79,"column":24}}},"fnMap":{},"branchMap":{},"s":{"0":1,"1":1,"2":1,"3":1,"4":1,"5":1,"6":1,"7":1},"f":{},"b":{},"_coverageSchema":"332fd63041d2c1bcb487cc26dd0d5f7d97098a6c","hash":"999fbf66ecd88417d108b9ebb9ee8a80f0aec0f1","contentHash":"0f36fb9151bac4da08e38ee31f73c12c_11.1.0"},"/Users/andeladeveloper/Documents/AndelaProjects/PostIt/server/controllers/auth.js":{"path":"/Users/andeladeveloper/Documents/AndelaProjects/PostIt/server/controllers/auth.js","statementMap":{"0":{"start":{"line":3,"column":0},"end":{"line":3,"column":27}},"1":{"start":{"line":4,"column":11},"end":{"line":4,"column":45}},"2":{"start":{"line":5,"column":23},"end":{"line":5,"column":69}},"3":{"start":{"line":6,"column":10},"end":{"line":6,"column":33}},"4":{"start":{"line":7,"column":13},"end":{"line":7,"column":37}},"5":{"start":{"line":8,"column":13},"end":{"line":8,"column":30}},"6":{"start":{"line":9,"column":16},"end":{"line":9,"column":38}},"7":{"start":{"line":11,"column":15},"end":{"line":11,"column":44}},"8":{"start":{"line":12,"column":18},"end":{"line":12,"column":38}},"9":{"start":{"line":13,"column":20},"end":{"line":13,"column":42}},"10":{"start":{"line":14,"column":15},"end":{"line":14,"column":32}},"11":{"start":{"line":16,"column":0},"end":{"line":176,"column":2}},"12":{"start":{"line":18,"column":15},"end":{"line":18,"column":23}},"13":{"start":{"line":19,"column":20},"end":{"line":19,"column":59}},"14":{"start":{"line":20,"column":4},"end":{"line":58,"column":5}},"15":{"start":{"line":21,"column":6},"end":{"line":23,"column":7}},"16":{"start":{"line":22,"column":8},"end":{"line":22,"column":57}},"17":{"start":{"line":24,"column":6},"end":{"line":53,"column":9}},"18":{"start":{"line":29,"column":8},"end":{"line":38,"column":9}},"19":{"start":{"line":30,"column":24},"end":{"line":30,"column":26}},"20":{"start":{"line":31,"column":10},"end":{"line":33,"column":11}},"21":{"start":{"line":32,"column":12},"end":{"line":32,"column":62}},"22":{"start":{"line":34,"column":10},"end":{"line":36,"column":11}},"23":{"start":{"line":35,"column":12},"end":{"line":35,"column":52}},"24":{"start":{"line":37,"column":10},"end":{"line":37,"column":41}},"25":{"start":{"line":40,"column":8},"end":{"line":42,"column":9}},"26":{"start":{"line":41,"column":10},"end":{"line":41,"column":27}},"27":{"start":{"line":43,"column":8},"end":{"line":43,"column":52}},"28":{"start":{"line":44,"column":8},"end":{"line":44,"column":52}},"29":{"start":{"line":45,"column":8},"end":{"line":45,"column":46}},"30":{"start":{"line":46,"column":8},"end":{"line":46,"column":102}},"31":{"start":{"line":48,"column":25},"end":{"line":48,"column":98}},"32":{"start":{"line":49,"column":20},"end":{"line":49,"column":64}},"33":{"start":{"line":50,"column":8},"end":{"line":50,"column":46}},"34":{"start":{"line":52,"column":8},"end":{"line":52,"column":37}},"35":{"start":{"line":54,"column":11},"end":{"line":58,"column":5}},"36":{"start":{"line":55,"column":6},"end":{"line":55,"column":73}},"37":{"start":{"line":57,"column":6},"end":{"line":57,"column":66}},"38":{"start":{"line":61,"column":15},"end":{"line":61,"column":23}},"39":{"start":{"line":62,"column":20},"end":{"line":62,"column":58}},"40":{"start":{"line":63,"column":4},"end":{"line":65,"column":5}},"41":{"start":{"line":64,"column":6},"end":{"line":64,"column":73}},"42":{"start":{"line":66,"column":4},"end":{"line":84,"column":7}},"43":{"start":{"line":71,"column":6},"end":{"line":73,"column":7}},"44":{"start":{"line":72,"column":8},"end":{"line":72,"column":72}},"45":{"start":{"line":74,"column":6},"end":{"line":76,"column":7}},"46":{"start":{"line":75,"column":8},"end":{"line":75,"column":52}},"47":{"start":{"line":78,"column":23},"end":{"line":78,"column":81}},"48":{"start":{"line":80,"column":18},"end":{"line":80,"column":62}},"49":{"start":{"line":81,"column":6},"end":{"line":81,"column":44}},"50":{"start":{"line":83,"column":6},"end":{"line":83,"column":35}},"51":{"start":{"line":89,"column":16},"end":{"line":91,"column":5}},"52":{"start":{"line":92,"column":20},"end":{"line":92,"column":50}},"53":{"start":{"line":93,"column":4},"end":{"line":95,"column":5}},"54":{"start":{"line":94,"column":6},"end":{"line":94,"column":73}},"55":{"start":{"line":96,"column":4},"end":{"line":141,"column":7}},"56":{"start":{"line":101,"column":6},"end":{"line":104,"column":7}},"57":{"start":{"line":102,"column":8},"end":{"line":103,"column":69}},"58":{"start":{"line":105,"column":6},"end":{"line":136,"column":9}},"59":{"start":{"line":107,"column":23},"end":{"line":107,"column":69}},"60":{"start":{"line":109,"column":20},"end":{"line":109,"column":88}},"61":{"start":{"line":111,"column":19},"end":{"line":111,"column":48}},"62":{"start":{"line":112,"column":17},"end":{"line":112,"column":27}},"63":{"start":{"line":113,"column":19},"end":{"line":113,"column":181}},"64":{"start":{"line":114,"column":22},"end":{"line":114,"column":58}},"65":{"start":{"line":115,"column":22},"end":{"line":115,"column":160}},"66":{"start":{"line":116,"column":8},"end":{"line":132,"column":11}},"67":{"start":{"line":117,"column":10},"end":{"line":119,"column":11}},"68":{"start":{"line":118,"column":12},"end":{"line":118,"column":74}},"69":{"start":{"line":122,"column":10},"end":{"line":127,"column":11}},"70":{"start":{"line":123,"column":12},"end":{"line":123,"column":89}},"71":{"start":{"line":126,"column":12},"end":{"line":126,"column":74}},"72":{"start":{"line":128,"column":10},"end":{"line":128,"column":86}},"73":{"start":{"line":130,"column":29},"end":{"line":130,"column":103}},"74":{"start":{"line":131,"column":10},"end":{"line":131,"column":48}},"75":{"start":{"line":134,"column":27},"end":{"line":134,"column":101}},"76":{"start":{"line":135,"column":8},"end":{"line":135,"column":46}},"77":{"start":{"line":138,"column":25},"end":{"line":138,"column":94}},"78":{"start":{"line":139,"column":6},"end":{"line":139,"column":23}},"79":{"start":{"line":140,"column":6},"end":{"line":140,"column":44}},"80":{"start":{"line":144,"column":4},"end":{"line":146,"column":5}},"81":{"start":{"line":145,"column":6},"end":{"line":145,"column":57}},"82":{"start":{"line":147,"column":4},"end":{"line":147,"column":61}},"83":{"start":{"line":150,"column":4},"end":{"line":152,"column":5}},"84":{"start":{"line":151,"column":6},"end":{"line":151,"column":49}},"85":{"start":{"line":153,"column":16},"end":{"line":156,"column":5}},"86":{"start":{"line":157,"column":20},"end":{"line":157,"column":50}},"87":{"start":{"line":158,"column":4},"end":{"line":160,"column":5}},"88":{"start":{"line":159,"column":6},"end":{"line":159,"column":73}},"89":{"start":{"line":161,"column":4},"end":{"line":163,"column":5}},"90":{"start":{"line":162,"column":6},"end":{"line":162,"column":55}},"91":{"start":{"line":164,"column":19},"end":{"line":164,"column":28}},"92":{"start":{"line":165,"column":4},"end":{"line":174,"column":7}},"93":{"start":{"line":166,"column":17},"end":{"line":166,"column":39}},"94":{"start":{"line":167,"column":17},"end":{"line":167,"column":57}},"95":{"start":{"line":168,"column":6},"end":{"line":168,"column":73}},"96":{"start":{"line":170,"column":6},"end":{"line":170,"column":70}},"97":{"start":{"line":172,"column":25},"end":{"line":172,"column":82}},"98":{"start":{"line":173,"column":6},"end":{"line":173,"column":44}}},"fnMap":{"0":{"name":"signup","decl":{"start":{"line":17,"column":19},"end":{"line":17,"column":25}},"loc":{"start":{"line":17,"column":36},"end":{"line":59,"column":3}},"line":17},"1":{"name":"(anonymous_1)","decl":{"start":{"line":28,"column":14},"end":{"line":28,"column":15}},"loc":{"start":{"line":28,"column":38},"end":{"line":47,"column":7}},"line":28},"2":{"name":"(anonymous_2)","decl":{"start":{"line":47,"column":14},"end":{"line":47,"column":15}},"loc":{"start":{"line":47,"column":35},"end":{"line":51,"column":7}},"line":47},"3":{"name":"(anonymous_3)","decl":{"start":{"line":51,"column":15},"end":{"line":51,"column":16}},"loc":{"start":{"line":51,"column":30},"end":{"line":53,"column":7}},"line":51},"4":{"name":"signin","decl":{"start":{"line":60,"column":19},"end":{"line":60,"column":25}},"loc":{"start":{"line":60,"column":36},"end":{"line":85,"column":3}},"line":60},"5":{"name":"(anonymous_5)","decl":{"start":{"line":70,"column":12},"end":{"line":70,"column":13}},"loc":{"start":{"line":70,"column":28},"end":{"line":82,"column":5}},"line":70},"6":{"name":"(anonymous_6)","decl":{"start":{"line":82,"column":13},"end":{"line":82,"column":14}},"loc":{"start":{"line":82,"column":28},"end":{"line":84,"column":5}},"line":82},"7":{"name":"passwordRecovery","decl":{"start":{"line":88,"column":29},"end":{"line":88,"column":45}},"loc":{"start":{"line":88,"column":56},"end":{"line":142,"column":3}},"line":88},"8":{"name":"(anonymous_8)","decl":{"start":{"line":100,"column":12},"end":{"line":100,"column":13}},"loc":{"start":{"line":100,"column":28},"end":{"line":137,"column":5}},"line":100},"9":{"name":"(anonymous_9)","decl":{"start":{"line":105,"column":70},"end":{"line":105,"column":71}},"loc":{"start":{"line":105,"column":91},"end":{"line":133,"column":7}},"line":105},"10":{"name":"(anonymous_10)","decl":{"start":{"line":116,"column":50},"end":{"line":116,"column":51}},"loc":{"start":{"line":116,"column":66},"end":{"line":129,"column":9}},"line":116},"11":{"name":"(anonymous_11)","decl":{"start":{"line":129,"column":17},"end":{"line":129,"column":18}},"loc":{"start":{"line":129,"column":32},"end":{"line":132,"column":9}},"line":129},"12":{"name":"(anonymous_12)","decl":{"start":{"line":133,"column":15},"end":{"line":133,"column":16}},"loc":{"start":{"line":133,"column":30},"end":{"line":136,"column":7}},"line":133},"13":{"name":"(anonymous_13)","decl":{"start":{"line":137,"column":13},"end":{"line":137,"column":14}},"loc":{"start":{"line":137,"column":28},"end":{"line":141,"column":5}},"line":137},"14":{"name":"resetPasswordGet","decl":{"start":{"line":143,"column":29},"end":{"line":143,"column":45}},"loc":{"start":{"line":143,"column":56},"end":{"line":148,"column":3}},"line":143},"15":{"name":"resetPasswordPost","decl":{"start":{"line":149,"column":30},"end":{"line":149,"column":47}},"loc":{"start":{"line":149,"column":58},"end":{"line":175,"column":3}},"line":149},"16":{"name":"(anonymous_16)","decl":{"start":{"line":165,"column":36},"end":{"line":165,"column":37}},"loc":{"start":{"line":165,"column":52},"end":{"line":169,"column":5}},"line":165},"17":{"name":"(anonymous_17)","decl":{"start":{"line":169,"column":12},"end":{"line":169,"column":13}},"loc":{"start":{"line":169,"column":35},"end":{"line":171,"column":5}},"line":169},"18":{"name":"(anonymous_18)","decl":{"start":{"line":171,"column":13},"end":{"line":171,"column":14}},"loc":{"start":{"line":171,"column":28},"end":{"line":174,"column":5}},"line":171}},"branchMap":{"0":{"loc":{"start":{"line":20,"column":4},"end":{"line":58,"column":5}},"type":"if","locations":[{"start":{"line":20,"column":4},"end":{"line":58,"column":5}},{"start":{"line":20,"column":4},"end":{"line":58,"column":5}}],"line":20},"1":{"loc":{"start":{"line":21,"column":6},"end":{"line":23,"column":7}},"type":"if","locations":[{"start":{"line":21,"column":6},"end":{"line":23,"column":7}},{"start":{"line":21,"column":6},"end":{"line":23,"column":7}}],"line":21},"2":{"loc":{"start":{"line":29,"column":8},"end":{"line":38,"column":9}},"type":"if","locations":[{"start":{"line":29,"column":8},"end":{"line":38,"column":9}},{"start":{"line":29,"column":8},"end":{"line":38,"column":9}}],"line":29},"3":{"loc":{"start":{"line":31,"column":10},"end":{"line":33,"column":11}},"type":"if","locations":[{"start":{"line":31,"column":10},"end":{"line":33,"column":11}},{"start":{"line":31,"column":10},"end":{"line":33,"column":11}}],"line":31},"4":{"loc":{"start":{"line":34,"column":10},"end":{"line":36,"column":11}},"type":"if","locations":[{"start":{"line":34,"column":10},"end":{"line":36,"column":11}},{"start":{"line":34,"column":10},"end":{"line":36,"column":11}}],"line":34},"5":{"loc":{"start":{"line":40,"column":8},"end":{"line":42,"column":9}},"type":"if","locations":[{"start":{"line":40,"column":8},"end":{"line":42,"column":9}},{"start":{"line":40,"column":8},"end":{"line":42,"column":9}}],"line":40},"6":{"loc":{"start":{"line":54,"column":11},"end":{"line":58,"column":5}},"type":"if","locations":[{"start":{"line":54,"column":11},"end":{"line":58,"column":5}},{"start":{"line":54,"column":11},"end":{"line":58,"column":5}}],"line":54},"7":{"loc":{"start":{"line":63,"column":4},"end":{"line":65,"column":5}},"type":"if","locations":[{"start":{"line":63,"column":4},"end":{"line":65,"column":5}},{"start":{"line":63,"column":4},"end":{"line":65,"column":5}}],"line":63},"8":{"loc":{"start":{"line":71,"column":6},"end":{"line":73,"column":7}},"type":"if","locations":[{"start":{"line":71,"column":6},"end":{"line":73,"column":7}},{"start":{"line":71,"column":6},"end":{"line":73,"column":7}}],"line":71},"9":{"loc":{"start":{"line":74,"column":6},"end":{"line":76,"column":7}},"type":"if","locations":[{"start":{"line":74,"column":6},"end":{"line":76,"column":7}},{"start":{"line":74,"column":6},"end":{"line":76,"column":7}}],"line":74},"10":{"loc":{"start":{"line":93,"column":4},"end":{"line":95,"column":5}},"type":"if","locations":[{"start":{"line":93,"column":4},"end":{"line":95,"column":5}},{"start":{"line":93,"column":4},"end":{"line":95,"column":5}}],"line":93},"11":{"loc":{"start":{"line":101,"column":6},"end":{"line":104,"column":7}},"type":"if","locations":[{"start":{"line":101,"column":6},"end":{"line":104,"column":7}},{"start":{"line":101,"column":6},"end":{"line":104,"column":7}}],"line":101},"12":{"loc":{"start":{"line":113,"column":19},"end":{"line":113,"column":181}},"type":"cond-expr","locations":[{"start":{"line":113,"column":59},"end":{"line":113,"column":125}},{"start":{"line":113,"column":128},"end":{"line":113,"column":181}}],"line":113},"13":{"loc":{"start":{"line":117,"column":10},"end":{"line":119,"column":11}},"type":"if","locations":[{"start":{"line":117,"column":10},"end":{"line":119,"column":11}},{"start":{"line":117,"column":10},"end":{"line":119,"column":11}}],"line":117},"14":{"loc":{"start":{"line":122,"column":10},"end":{"line":127,"column":11}},"type":"if","locations":[{"start":{"line":122,"column":10},"end":{"line":127,"column":11}},{"start":{"line":122,"column":10},"end":{"line":127,"column":11}}],"line":122},"15":{"loc":{"start":{"line":144,"column":4},"end":{"line":146,"column":5}},"type":"if","locations":[{"start":{"line":144,"column":4},"end":{"line":146,"column":5}},{"start":{"line":144,"column":4},"end":{"line":146,"column":5}}],"line":144},"16":{"loc":{"start":{"line":150,"column":4},"end":{"line":152,"column":5}},"type":"if","locations":[{"start":{"line":150,"column":4},"end":{"line":152,"column":5}},{"start":{"line":150,"column":4},"end":{"line":152,"column":5}}],"line":150},"17":{"loc":{"start":{"line":158,"column":4},"end":{"line":160,"column":5}},"type":"if","locations":[{"start":{"line":158,"column":4},"end":{"line":160,"column":5}},{"start":{"line":158,"column":4},"end":{"line":160,"column":5}}],"line":158},"18":{"loc":{"start":{"line":161,"column":4},"end":{"line":163,"column":5}},"type":"if","locations":[{"start":{"line":161,"column":4},"end":{"line":163,"column":5}},{"start":{"line":161,"column":4},"end":{"line":163,"column":5}}],"line":161}},"s":{"0":1,"1":1,"2":1,"3":1,"4":1,"5":1,"6":1,"7":1,"8":1,"9":1,"10":1,"11":1,"12":6,"13":6,"14":6,"15":5,"16":1,"17":4,"18":4,"19":2,"20":2,"21":1,"22":2,"23":1,"24":2,"25":2,"26":0,"27":2,"28":2,"29":2,"30":2,"31":2,"32":2,"33":2,"34":2,"35":1,"36":1,"37":0,"38":16,"39":16,"40":16,"41":1,"42":15,"43":15,"44":1,"45":14,"46":1,"47":13,"48":13,"49":13,"50":2,"51":0,"52":0,"53":0,"54":0,"55":0,"56":0,"57":0,"58":0,"59":0,"60":0,"61":0,"62":0,"63":0,"64":0,"65":0,"66":0,"67":0,"68":0,"69":0,"70":0,"71":0,"72":0,"73":0,"74":0,"75":0,"76":0,"77":0,"78":0,"79":0,"80":0,"81":0,"82":0,"83":0,"84":0,"85":0,"86":0,"87":0,"88":0,"89":0,"90":0,"91":0,"92":0,"93":0,"94":0,"95":0,"96":0,"97":0,"98":0},"f":{"0":6,"1":4,"2":2,"3":2,"4":16,"5":15,"6":2,"7":0,"8":0,"9":0,"10":0,"11":0,"12":0,"13":0,"14":0,"15":0,"16":0,"17":0,"18":0},"b":{"0":[5,1],"1":[1,4],"2":[2,2],"3":[1,1],"4":[1,1],"5":[0,2],"6":[1,0],"7":[1,15],"8":[1,14],"9":[1,13],"10":[0,0],"11":[0,0],"12":[0,0],"13":[0,0],"14":[0,0],"15":[0,0],"16":[0,0],"17":[0,0],"18":[0,0]},"_coverageSchema":"332fd63041d2c1bcb487cc26dd0d5f7d97098a6c","hash":"90c706a2ccca907a3bc1f4d1f5a811a87be3caaa","contentHash":"e5bc000deb8daf5120d6a2aefb4079a5_11.1.0"},"/Users/andeladeveloper/Documents/AndelaProjects/PostIt/server/database/models/index.js":{"path":"/Users/andeladeveloper/Documents/AndelaProjects/PostIt/server/database/models/index.js","statementMap":{"0":{"start":{"line":3,"column":9},"end":{"line":3,"column":22}},"1":{"start":{"line":4,"column":11},"end":{"line":4,"column":26}},"2":{"start":{"line":5,"column":16},"end":{"line":5,"column":36}},"3":{"start":{"line":7,"column":15},"end":{"line":7,"column":45}},"4":{"start":{"line":8,"column":13},"end":{"line":8,"column":40}},"5":{"start":{"line":10,"column":9},"end":{"line":10,"column":11}},"6":{"start":{"line":12,"column":16},"end":{"line":12,"column":22}},"7":{"start":{"line":13,"column":0},"end":{"line":17,"column":1}},"8":{"start":{"line":14,"column":2},"end":{"line":14,"column":66}},"9":{"start":{"line":16,"column":2},"end":{"line":16,"column":87}},"10":{"start":{"line":19,"column":0},"end":{"line":24,"column":3}},"11":{"start":{"line":20,"column":2},"end":{"line":20,"column":82}},"12":{"start":{"line":22,"column":14},"end":{"line":22,"column":58}},"13":{"start":{"line":23,"column":2},"end":{"line":23,"column":25}},"14":{"start":{"line":26,"column":0},"end":{"line":30,"column":3}},"15":{"start":{"line":27,"column":2},"end":{"line":29,"column":3}},"16":{"start":{"line":28,"column":4},"end":{"line":28,"column":32}},"17":{"start":{"line":32,"column":0},"end":{"line":32,"column":25}},"18":{"start":{"line":33,"column":0},"end":{"line":33,"column":25}},"19":{"start":{"line":35,"column":0},"end":{"line":35,"column":20}}},"fnMap":{"0":{"name":"(anonymous_0)","decl":{"start":{"line":19,"column":33},"end":{"line":19,"column":34}},"loc":{"start":{"line":19,"column":49},"end":{"line":21,"column":1}},"line":19},"1":{"name":"(anonymous_1)","decl":{"start":{"line":21,"column":11},"end":{"line":21,"column":12}},"loc":{"start":{"line":21,"column":27},"end":{"line":24,"column":1}},"line":21},"2":{"name":"(anonymous_2)","decl":{"start":{"line":26,"column":24},"end":{"line":26,"column":25}},"loc":{"start":{"line":26,"column":45},"end":{"line":30,"column":1}},"line":26}},"branchMap":{"0":{"loc":{"start":{"line":13,"column":0},"end":{"line":17,"column":1}},"type":"if","locations":[{"start":{"line":13,"column":0},"end":{"line":17,"column":1}},{"start":{"line":13,"column":0},"end":{"line":17,"column":1}}],"line":13},"1":{"loc":{"start":{"line":20,"column":9},"end":{"line":20,"column":81}},"type":"binary-expr","locations":[{"start":{"line":20,"column":9},"end":{"line":20,"column":32}},{"start":{"line":20,"column":36},"end":{"line":20,"column":53}},{"start":{"line":20,"column":57},"end":{"line":20,"column":81}}],"line":20},"2":{"loc":{"start":{"line":27,"column":2},"end":{"line":29,"column":3}},"type":"if","locations":[{"start":{"line":27,"column":2},"end":{"line":29,"column":3}},{"start":{"line":27,"column":2},"end":{"line":29,"column":3}}],"line":27}},"s":{"0":1,"1":1,"2":1,"3":1,"4":1,"5":1,"6":1,"7":1,"8":0,"9":1,"10":1,"11":7,"12":6,"13":6,"14":1,"15":6,"16":6,"17":1,"18":1,"19":1},"f":{"0":7,"1":6,"2":6},"b":{"0":[0,1],"1":[7,7,6],"2":[6,0]},"_coverageSchema":"332fd63041d2c1bcb487cc26dd0d5f7d97098a6c","hash":"1c6fdddb8b7d4462948b51fab2f4611113eefdbe","contentHash":"fc5a53e03a7b0766a55e4958a57b6d6a_11.1.0"},"/Users/andeladeveloper/Documents/AndelaProjects/PostIt/server/database/config/config.js":{"path":"/Users/andeladeveloper/Documents/AndelaProjects/PostIt/server/database/config/config.js","statementMap":{"0":{"start":{"line":3,"column":13},"end":{"line":3,"column":30}},"1":{"start":{"line":5,"column":0},"end":{"line":5,"column":16}},"2":{"start":{"line":7,"column":13},"end":{"line":29,"column":1}},"3":{"start":{"line":30,"column":0},"end":{"line":30,"column":63}}},"fnMap":{},"branchMap":{"0":{"loc":{"start":{"line":30,"column":24},"end":{"line":30,"column":61}},"type":"binary-expr","locations":[{"start":{"line":30,"column":24},"end":{"line":30,"column":44}},{"start":{"line":30,"column":48},"end":{"line":30,"column":61}}],"line":30}},"s":{"0":1,"1":1,"2":1,"3":1},"f":{},"b":{"0":[1,0]},"_coverageSchema":"332fd63041d2c1bcb487cc26dd0d5f7d97098a6c","hash":"890d6467dc754a206835489168e6776971828b50","contentHash":"4e44c93f20b038fccefc884eb193c0fe_11.1.0"},"/Users/andeladeveloper/Documents/AndelaProjects/PostIt/server/database/models/group.js":{"path":"/Users/andeladeveloper/Documents/AndelaProjects/PostIt/server/database/models/group.js","statementMap":{"0":{"start":{"line":3,"column":0},"end":{"line":16,"column":2}},"1":{"start":{"line":4,"column":14},"end":{"line":14,"column":4}},"2":{"start":{"line":10,"column":8},"end":{"line":10,"column":90}},"3":{"start":{"line":11,"column":8},"end":{"line":11,"column":65}},"4":{"start":{"line":15,"column":2},"end":{"line":15,"column":15}}},"fnMap":{"0":{"name":"(anonymous_0)","decl":{"start":{"line":3,"column":17},"end":{"line":3,"column":18}},"loc":{"start":{"line":3,"column":49},"end":{"line":16,"column":1}},"line":3},"1":{"name":"associate","decl":{"start":{"line":9,"column":26},"end":{"line":9,"column":35}},"loc":{"start":{"line":9,"column":44},"end":{"line":12,"column":7}},"line":9}},"branchMap":{},"s":{"0":1,"1":1,"2":1,"3":1,"4":1},"f":{"0":1,"1":1},"b":{},"_coverageSchema":"332fd63041d2c1bcb487cc26dd0d5f7d97098a6c","hash":"1b6c5481f075733a26e27de1f0edb204d3e00f47","contentHash":"e9b36b1830c4c9efc6f800c78f6727ab_11.1.0"},"/Users/andeladeveloper/Documents/AndelaProjects/PostIt/server/database/models/message.js":{"path":"/Users/andeladeveloper/Documents/AndelaProjects/PostIt/server/database/models/message.js","statementMap":{"0":{"start":{"line":3,"column":0},"end":{"line":22,"column":2}},"1":{"start":{"line":4,"column":16},"end":{"line":20,"column":4}},"2":{"start":{"line":16,"column":8},"end":{"line":16,"column":65}},"3":{"start":{"line":17,"column":8},"end":{"line":17,"column":67}},"4":{"start":{"line":21,"column":2},"end":{"line":21,"column":17}}},"fnMap":{"0":{"name":"(anonymous_0)","decl":{"start":{"line":3,"column":17},"end":{"line":3,"column":18}},"loc":{"start":{"line":3,"column":49},"end":{"line":22,"column":1}},"line":3},"1":{"name":"associate","decl":{"start":{"line":15,"column":26},"end":{"line":15,"column":35}},"loc":{"start":{"line":15,"column":44},"end":{"line":18,"column":7}},"line":15}},"branchMap":{},"s":{"0":1,"1":1,"2":1,"3":1,"4":1},"f":{"0":1,"1":1},"b":{},"_coverageSchema":"332fd63041d2c1bcb487cc26dd0d5f7d97098a6c","hash":"f2b8322d5dae1e14446d0ccacd8f0a85d1517ca3","contentHash":"580da9ac91060860fd51adff8e90ea6b_11.1.0"},"/Users/andeladeveloper/Documents/AndelaProjects/PostIt/server/database/models/passwordrecovery.js":{"path":"/Users/andeladeveloper/Documents/AndelaProjects/PostIt/server/database/models/passwordrecovery.js","statementMap":{"0":{"start":{"line":3,"column":0},"end":{"line":15,"column":2}},"1":{"start":{"line":4,"column":25},"end":{"line":13,"column":4}},"2":{"start":{"line":14,"column":2},"end":{"line":14,"column":26}}},"fnMap":{"0":{"name":"(anonymous_0)","decl":{"start":{"line":3,"column":17},"end":{"line":3,"column":18}},"loc":{"start":{"line":3,"column":49},"end":{"line":15,"column":1}},"line":3},"1":{"name":"associate","decl":{"start":{"line":9,"column":26},"end":{"line":9,"column":35}},"loc":{"start":{"line":9,"column":44},"end":{"line":11,"column":7}},"line":9}},"branchMap":{},"s":{"0":1,"1":1,"2":1},"f":{"0":1,"1":1},"b":{},"_coverageSchema":"332fd63041d2c1bcb487cc26dd0d5f7d97098a6c","hash":"cbfc56f2f153463034354d8a63fd6091ab4642d0","contentHash":"fb995d31ecacbb8d9f03a7454991035f_11.1.0"},"/Users/andeladeveloper/Documents/AndelaProjects/PostIt/server/database/models/user.js":{"path":"/Users/andeladeveloper/Documents/AndelaProjects/PostIt/server/database/models/user.js","statementMap":{"0":{"start":{"line":3,"column":13},"end":{"line":3,"column":37}},"1":{"start":{"line":5,"column":0},"end":{"line":49,"column":2}},"2":{"start":{"line":6,"column":13},"end":{"line":47,"column":4}},"3":{"start":{"line":15,"column":8},"end":{"line":15,"column":89}},"4":{"start":{"line":16,"column":8},"end":{"line":16,"column":63}},"5":{"start":{"line":19,"column":8},"end":{"line":25,"column":10}},"6":{"start":{"line":28,"column":8},"end":{"line":31,"column":10}},"7":{"start":{"line":36,"column":8},"end":{"line":36,"column":59}},"8":{"start":{"line":41,"column":19},"end":{"line":41,"column":41}},"9":{"start":{"line":42,"column":19},"end":{"line":42,"column":55}},"10":{"start":{"line":44,"column":8},"end":{"line":44,"column":29}},"11":{"start":{"line":48,"column":2},"end":{"line":48,"column":14}}},"fnMap":{"0":{"name":"(anonymous_0)","decl":{"start":{"line":5,"column":17},"end":{"line":5,"column":18}},"loc":{"start":{"line":5,"column":49},"end":{"line":49,"column":1}},"line":5},"1":{"name":"associate","decl":{"start":{"line":14,"column":26},"end":{"line":14,"column":35}},"loc":{"start":{"line":14,"column":44},"end":{"line":17,"column":7}},"line":14},"2":{"name":"signupRules","decl":{"start":{"line":18,"column":28},"end":{"line":18,"column":39}},"loc":{"start":{"line":18,"column":42},"end":{"line":26,"column":7}},"line":18},"3":{"name":"loginRules","decl":{"start":{"line":27,"column":27},"end":{"line":27,"column":37}},"loc":{"start":{"line":27,"column":40},"end":{"line":32,"column":7}},"line":27},"4":{"name":"comparePassword","decl":{"start":{"line":35,"column":32},"end":{"line":35,"column":47}},"loc":{"start":{"line":35,"column":58},"end":{"line":37,"column":7}},"line":35},"5":{"name":"beforeCreate","decl":{"start":{"line":40,"column":29},"end":{"line":40,"column":41}},"loc":{"start":{"line":40,"column":48},"end":{"line":45,"column":7}},"line":40}},"branchMap":{},"s":{"0":1,"1":1,"2":1,"3":1,"4":1,"5":6,"6":16,"7":14,"8":40,"9":40,"10":40,"11":1},"f":{"0":1,"1":1,"2":6,"3":16,"4":14,"5":40},"b":{},"_coverageSchema":"332fd63041d2c1bcb487cc26dd0d5f7d97098a6c","hash":"f956749a796bd1616158dc0689da14ac655d269c","contentHash":"4174639f93c82b201b738f4664636d95_11.1.0"},"/Users/andeladeveloper/Documents/AndelaProjects/PostIt/server/database/models/usergroup.js":{"path":"/Users/andeladeveloper/Documents/AndelaProjects/PostIt/server/database/models/usergroup.js","statementMap":{"0":{"start":{"line":3,"column":0},"end":{"line":23,"column":2}},"1":{"start":{"line":4,"column":18},"end":{"line":21,"column":4}},"2":{"start":{"line":16,"column":8},"end":{"line":16,"column":69}},"3":{"start":{"line":17,"column":8},"end":{"line":17,"column":67}},"4":{"start":{"line":22,"column":2},"end":{"line":22,"column":19}}},"fnMap":{"0":{"name":"(anonymous_0)","decl":{"start":{"line":3,"column":17},"end":{"line":3,"column":18}},"loc":{"start":{"line":3,"column":49},"end":{"line":23,"column":1}},"line":3},"1":{"name":"associate","decl":{"start":{"line":15,"column":26},"end":{"line":15,"column":35}},"loc":{"start":{"line":15,"column":44},"end":{"line":18,"column":7}},"line":15}},"branchMap":{},"s":{"0":1,"1":1,"2":1,"3":1,"4":1},"f":{"0":1,"1":1},"b":{},"_coverageSchema":"332fd63041d2c1bcb487cc26dd0d5f7d97098a6c","hash":"516e0525d5e9389d1fc8a50befc4b6103a133105","contentHash":"8ad251707c5f691d502b6c7c1706d97c_11.1.0"},"/Users/andeladeveloper/Documents/AndelaProjects/PostIt/server/database/models/usergroupadd.js":{"path":"/Users/andeladeveloper/Documents/AndelaProjects/PostIt/server/database/models/usergroupadd.js","statementMap":{"0":{"start":{"line":3,"column":0},"end":{"line":25,"column":2}},"1":{"start":{"line":4,"column":21},"end":{"line":23,"column":4}},"2":{"start":{"line":24,"column":2},"end":{"line":24,"column":22}}},"fnMap":{"0":{"name":"(anonymous_0)","decl":{"start":{"line":3,"column":17},"end":{"line":3,"column":18}},"loc":{"start":{"line":3,"column":49},"end":{"line":25,"column":1}},"line":3},"1":{"name":"associate","decl":{"start":{"line":19,"column":26},"end":{"line":19,"column":35}},"loc":{"start":{"line":19,"column":44},"end":{"line":21,"column":7}},"line":19}},"branchMap":{},"s":{"0":1,"1":1,"2":1},"f":{"0":1,"1":1},"b":{},"_coverageSchema":"332fd63041d2c1bcb487cc26dd0d5f7d97098a6c","hash":"75446e6888ca1d82f15ec76b0ee62ae000e86b8d","contentHash":"ce0ca55506af27e24f6cafeed05ace3c_11.1.0"},"/Users/andeladeveloper/Documents/AndelaProjects/PostIt/server/helpers/helpers.js":{"path":"/Users/andeladeveloper/Documents/AndelaProjects/PostIt/server/helpers/helpers.js","statementMap":{"0":{"start":{"line":3,"column":0},"end":{"line":3,"column":27}},"1":{"start":{"line":4,"column":17},"end":{"line":4,"column":38}},"2":{"start":{"line":5,"column":13},"end":{"line":5,"column":30}},"3":{"start":{"line":7,"column":18},"end":{"line":16,"column":1}},"4":{"start":{"line":8,"column":2},"end":{"line":15,"column":3}},"5":{"start":{"line":10,"column":6},"end":{"line":10,"column":47}},"6":{"start":{"line":12,"column":6},"end":{"line":12,"column":47}},"7":{"start":{"line":14,"column":6},"end":{"line":14,"column":39}},"8":{"start":{"line":18,"column":20},"end":{"line":25,"column":1}},"9":{"start":{"line":19,"column":2},"end":{"line":24,"column":3}},"10":{"start":{"line":21,"column":6},"end":{"line":21,"column":40}},"11":{"start":{"line":23,"column":6},"end":{"line":23,"column":40}},"12":{"start":{"line":28,"column":18},"end":{"line":36,"column":2}},"13":{"start":{"line":37,"column":15},"end":{"line":45,"column":1}},"14":{"start":{"line":38,"column":20},"end":{"line":43,"column":3}},"15":{"start":{"line":44,"column":2},"end":{"line":44,"column":43}},"16":{"start":{"line":48,"column":17},"end":{"line":48,"column":47}},"17":{"start":{"line":49,"column":16},"end":{"line":49,"column":45}},"18":{"start":{"line":50,"column":13},"end":{"line":50,"column":42}},"19":{"start":{"line":52,"column":14},"end":{"line":57,"column":1}},"20":{"start":{"line":53,"column":2},"end":{"line":56,"column":5}},"21":{"start":{"line":54,"column":4},"end":{"line":54,"column":37}},"22":{"start":{"line":54,"column":13},"end":{"line":54,"column":37}},"23":{"start":{"line":55,"column":4},"end":{"line":55,"column":36}},"24":{"start":{"line":58,"column":0},"end":{"line":58,"column":114}}},"fnMap":{"0":{"name":"handleError","decl":{"start":{"line":7,"column":27},"end":{"line":7,"column":38}},"loc":{"start":{"line":7,"column":49},"end":{"line":16,"column":1}},"line":7},"1":{"name":"handleSuccess","decl":{"start":{"line":18,"column":29},"end":{"line":18,"column":42}},"loc":{"start":{"line":18,"column":60},"end":{"line":25,"column":1}},"line":18},"2":{"name":"sendMail","decl":{"start":{"line":37,"column":24},"end":{"line":37,"column":32}},"loc":{"start":{"line":37,"column":61},"end":{"line":45,"column":1}},"line":37},"3":{"name":"sendSMS","decl":{"start":{"line":52,"column":23},"end":{"line":52,"column":30}},"loc":{"start":{"line":52,"column":47},"end":{"line":57,"column":1}},"line":52},"4":{"name":"(anonymous_4)","decl":{"start":{"line":53,"column":61},"end":{"line":53,"column":62}},"loc":{"start":{"line":53,"column":85},"end":{"line":56,"column":3}},"line":53}},"branchMap":{"0":{"loc":{"start":{"line":8,"column":2},"end":{"line":15,"column":3}},"type":"switch","locations":[{"start":{"line":9,"column":4},"end":{"line":10,"column":47}},{"start":{"line":11,"column":4},"end":{"line":12,"column":47}},{"start":{"line":13,"column":4},"end":{"line":14,"column":39}}],"line":8},"1":{"loc":{"start":{"line":19,"column":2},"end":{"line":24,"column":3}},"type":"switch","locations":[{"start":{"line":20,"column":4},"end":{"line":21,"column":40}},{"start":{"line":22,"column":4},"end":{"line":23,"column":40}}],"line":19},"2":{"loc":{"start":{"line":54,"column":4},"end":{"line":54,"column":37}},"type":"if","locations":[{"start":{"line":54,"column":4},"end":{"line":54,"column":37}},{"start":{"line":54,"column":4},"end":{"line":54,"column":37}}],"line":54}},"s":{"0":1,"1":1,"2":1,"3":1,"4":46,"5":0,"6":9,"7":37,"8":1,"9":27,"10":5,"11":22,"12":1,"13":1,"14":0,"15":0,"16":1,"17":1,"18":1,"19":1,"20":0,"21":0,"22":0,"23":0,"24":1},"f":{"0":46,"1":27,"2":0,"3":0,"4":0},"b":{"0":[0,9,37],"1":[5,22],"2":[0,0]},"_coverageSchema":"332fd63041d2c1bcb487cc26dd0d5f7d97098a6c","hash":"cb68498d8e4afcfbd6df6ce42ba8ab0a8c7b64ac","contentHash":"407eb7575fcc95d92606fc1f5df7c614_11.1.0"},"/Users/andeladeveloper/Documents/AndelaProjects/PostIt/server/middlewares/verifyRecoveryLink.js":{"path":"/Users/andeladeveloper/Documents/AndelaProjects/PostIt/server/middlewares/verifyRecoveryLink.js","statementMap":{"0":{"start":{"line":3,"column":0},"end":{"line":3,"column":27}},"1":{"start":{"line":4,"column":10},"end":{"line":4,"column":33}},"2":{"start":{"line":5,"column":11},"end":{"line":5,"column":45}},"3":{"start":{"line":6,"column":23},"end":{"line":6,"column":69}},"4":{"start":{"line":8,"column":0},"end":{"line":33,"column":2}},"5":{"start":{"line":9,"column":14},"end":{"line":9,"column":29}},"6":{"start":{"line":10,"column":2},"end":{"line":12,"column":3}},"7":{"start":{"line":11,"column":4},"end":{"line":11,"column":56}},"8":{"start":{"line":13,"column":2},"end":{"line":32,"column":5}},"9":{"start":{"line":14,"column":4},"end":{"line":16,"column":5}},"10":{"start":{"line":15,"column":6},"end":{"line":15,"column":80}},"11":{"start":{"line":17,"column":4},"end":{"line":31,"column":7}},"12":{"start":{"line":18,"column":6},"end":{"line":20,"column":7}},"13":{"start":{"line":19,"column":8},"end":{"line":19,"column":88}},"14":{"start":{"line":22,"column":6},"end":{"line":22,"column":57}},"15":{"start":{"line":24,"column":6},"end":{"line":26,"column":7}},"16":{"start":{"line":25,"column":8},"end":{"line":25,"column":84}},"17":{"start":{"line":27,"column":6},"end":{"line":27,"column":26}},"18":{"start":{"line":28,"column":6},"end":{"line":28,"column":20}},"19":{"start":{"line":30,"column":6},"end":{"line":30,"column":39}}},"fnMap":{"0":{"name":"(anonymous_0)","decl":{"start":{"line":8,"column":17},"end":{"line":8,"column":18}},"loc":{"start":{"line":8,"column":43},"end":{"line":33,"column":1}},"line":8},"1":{"name":"(anonymous_1)","decl":{"start":{"line":13,"column":44},"end":{"line":13,"column":45}},"loc":{"start":{"line":13,"column":70},"end":{"line":32,"column":3}},"line":13},"2":{"name":"(anonymous_2)","decl":{"start":{"line":17,"column":35},"end":{"line":17,"column":36}},"loc":{"start":{"line":17,"column":51},"end":{"line":23,"column":5}},"line":17},"3":{"name":"(anonymous_3)","decl":{"start":{"line":23,"column":12},"end":{"line":23,"column":13}},"loc":{"start":{"line":23,"column":33},"end":{"line":29,"column":5}},"line":23},"4":{"name":"(anonymous_4)","decl":{"start":{"line":29,"column":13},"end":{"line":29,"column":14}},"loc":{"start":{"line":29,"column":28},"end":{"line":31,"column":5}},"line":29}},"branchMap":{"0":{"loc":{"start":{"line":10,"column":2},"end":{"line":12,"column":3}},"type":"if","locations":[{"start":{"line":10,"column":2},"end":{"line":12,"column":3}},{"start":{"line":10,"column":2},"end":{"line":12,"column":3}}],"line":10},"1":{"loc":{"start":{"line":14,"column":4},"end":{"line":16,"column":5}},"type":"if","locations":[{"start":{"line":14,"column":4},"end":{"line":16,"column":5}},{"start":{"line":14,"column":4},"end":{"line":16,"column":5}}],"line":14},"2":{"loc":{"start":{"line":18,"column":6},"end":{"line":20,"column":7}},"type":"if","locations":[{"start":{"line":18,"column":6},"end":{"line":20,"column":7}},{"start":{"line":18,"column":6},"end":{"line":20,"column":7}}],"line":18},"3":{"loc":{"start":{"line":24,"column":6},"end":{"line":26,"column":7}},"type":"if","locations":[{"start":{"line":24,"column":6},"end":{"line":26,"column":7}},{"start":{"line":24,"column":6},"end":{"line":26,"column":7}}],"line":24}},"s":{"0":1,"1":1,"2":1,"3":1,"4":1,"5":0,"6":0,"7":0,"8":0,"9":0,"10":0,"11":0,"12":0,"13":0,"14":0,"15":0,"16":0,"17":0,"18":0,"19":0},"f":{"0":0,"1":0,"2":0,"3":0,"4":0},"b":{"0":[0,0],"1":[0,0],"2":[0,0],"3":[0,0]},"_coverageSchema":"332fd63041d2c1bcb487cc26dd0d5f7d97098a6c","hash":"0b5df4a561516499f84f5b0f4419ffad677569d1","contentHash":"8997b070f84fecc2e103e8bc1d49e945_11.1.0"},"/Users/andeladeveloper/Documents/AndelaProjects/PostIt/server/routes/group.js":{"path":"/Users/andeladeveloper/Documents/AndelaProjects/PostIt/server/routes/group.js","statementMap":{"0":{"start":{"line":3,"column":13},"end":{"line":3,"column":40}},"1":{"start":{"line":4,"column":22},"end":{"line":4,"column":53}},"2":{"start":{"line":5,"column":19},"end":{"line":5,"column":57}},"3":{"start":{"line":7,"column":0},"end":{"line":11,"column":3}},"4":{"start":{"line":8,"column":4},"end":{"line":10,"column":5}},"5":{"start":{"line":9,"column":8},"end":{"line":9,"column":53}},"6":{"start":{"line":12,"column":0},"end":{"line":32,"column":49}},"7":{"start":{"line":33,"column":0},"end":{"line":52,"column":52}},"8":{"start":{"line":53,"column":0},"end":{"line":90,"column":48}},"9":{"start":{"line":91,"column":0},"end":{"line":105,"column":49}},"10":{"start":{"line":108,"column":0},"end":{"line":131,"column":48}},"11":{"start":{"line":132,"column":0},"end":{"line":159,"column":50}},"12":{"start":{"line":160,"column":0},"end":{"line":174,"column":61}},"13":{"start":{"line":175,"column":0},"end":{"line":202,"column":50}},"14":{"start":{"line":203,"column":0},"end":{"line":243,"column":53}},"15":{"start":{"line":244,"column":0},"end":{"line":298,"column":48}},"16":{"start":{"line":299,"column":0},"end":{"line":299,"column":24}}},"fnMap":{"0":{"name":"(anonymous_0)","decl":{"start":{"line":7,"column":51},"end":{"line":7,"column":52}},"loc":{"start":{"line":7,"column":71},"end":{"line":11,"column":1}},"line":7}},"branchMap":{"0":{"loc":{"start":{"line":8,"column":4},"end":{"line":10,"column":5}},"type":"if","locations":[{"start":{"line":8,"column":4},"end":{"line":10,"column":5}},{"start":{"line":8,"column":4},"end":{"line":10,"column":5}}],"line":8}},"s":{"0":1,"1":1,"2":1,"3":1,"4":1,"5":1,"6":1,"7":1,"8":1,"9":1,"10":1,"11":1,"12":1,"13":1,"14":1,"15":1,"16":1},"f":{"0":1},"b":{"0":[1,0]},"_coverageSchema":"332fd63041d2c1bcb487cc26dd0d5f7d97098a6c","hash":"71cbc4c5a74adfabb5d9660421e8dc191c543551","contentHash":"d67fc51663da8bb38a5df1db8e6f385d_11.1.0"},"/Users/andeladeveloper/Documents/AndelaProjects/PostIt/server/controllers/group.js":{"path":"/Users/andeladeveloper/Documents/AndelaProjects/PostIt/server/controllers/group.js","statementMap":{"0":{"start":{"line":3,"column":13},"end":{"line":3,"column":30}},"1":{"start":{"line":4,"column":8},"end":{"line":4,"column":27}},"2":{"start":{"line":5,"column":11},"end":{"line":5,"column":45}},"3":{"start":{"line":6,"column":12},"end":{"line":6,"column":47}},"4":{"start":{"line":7,"column":16},"end":{"line":7,"column":55}},"5":{"start":{"line":8,"column":19},"end":{"line":8,"column":61}},"6":{"start":{"line":9,"column":14},"end":{"line":9,"column":51}},"7":{"start":{"line":10,"column":16},"end":{"line":10,"column":47}},"8":{"start":{"line":12,"column":15},"end":{"line":12,"column":44}},"9":{"start":{"line":13,"column":14},"end":{"line":13,"column":30}},"10":{"start":{"line":14,"column":15},"end":{"line":14,"column":32}},"11":{"start":{"line":15,"column":18},"end":{"line":15,"column":38}},"12":{"start":{"line":16,"column":20},"end":{"line":16,"column":42}},"13":{"start":{"line":18,"column":0},"end":{"line":719,"column":2}},"14":{"start":{"line":21,"column":4},"end":{"line":74,"column":5}},"15":{"start":{"line":22,"column":6},"end":{"line":24,"column":7}},"16":{"start":{"line":23,"column":8},"end":{"line":23,"column":55}},"17":{"start":{"line":26,"column":17},"end":{"line":26,"column":44}},"18":{"start":{"line":27,"column":22},"end":{"line":27,"column":33}},"19":{"start":{"line":31,"column":6},"end":{"line":68,"column":9}},"20":{"start":{"line":34,"column":8},"end":{"line":36,"column":9}},"21":{"start":{"line":35,"column":10},"end":{"line":35,"column":61}},"22":{"start":{"line":38,"column":8},"end":{"line":41,"column":11}},"23":{"start":{"line":44,"column":8},"end":{"line":46,"column":9}},"24":{"start":{"line":45,"column":10},"end":{"line":45,"column":65}},"25":{"start":{"line":49,"column":28},"end":{"line":52,"column":10}},"26":{"start":{"line":55,"column":26},"end":{"line":59,"column":10}},"27":{"start":{"line":61,"column":8},"end":{"line":61,"column":71}},"28":{"start":{"line":65,"column":8},"end":{"line":65,"column":55}},"29":{"start":{"line":67,"column":8},"end":{"line":67,"column":37}},"30":{"start":{"line":72,"column":6},"end":{"line":73,"column":66}},"31":{"start":{"line":80,"column":4},"end":{"line":82,"column":5}},"32":{"start":{"line":81,"column":6},"end":{"line":81,"column":78}},"33":{"start":{"line":84,"column":4},"end":{"line":86,"column":5}},"34":{"start":{"line":85,"column":6},"end":{"line":85,"column":60}},"35":{"start":{"line":88,"column":4},"end":{"line":90,"column":5}},"36":{"start":{"line":89,"column":6},"end":{"line":89,"column":75}},"37":{"start":{"line":92,"column":15},"end":{"line":92,"column":28}},"38":{"start":{"line":93,"column":18},"end":{"line":93,"column":36}},"39":{"start":{"line":95,"column":4},"end":{"line":156,"column":7}},"40":{"start":{"line":96,"column":6},"end":{"line":98,"column":7}},"41":{"start":{"line":97,"column":8},"end":{"line":97,"column":71}},"42":{"start":{"line":100,"column":6},"end":{"line":102,"column":9}},"43":{"start":{"line":106,"column":6},"end":{"line":108,"column":7}},"44":{"start":{"line":107,"column":8},"end":{"line":107,"column":84}},"45":{"start":{"line":110,"column":6},"end":{"line":112,"column":7}},"46":{"start":{"line":111,"column":8},"end":{"line":111,"column":85}},"47":{"start":{"line":115,"column":6},"end":{"line":119,"column":9}},"48":{"start":{"line":121,"column":6},"end":{"line":123,"column":7}},"49":{"start":{"line":122,"column":8},"end":{"line":122,"column":72}},"50":{"start":{"line":125,"column":22},"end":{"line":127,"column":8}},"51":{"start":{"line":128,"column":6},"end":{"line":128,"column":49}},"52":{"start":{"line":131,"column":6},"end":{"line":133,"column":7}},"53":{"start":{"line":132,"column":8},"end":{"line":132,"column":68}},"54":{"start":{"line":137,"column":22},"end":{"line":138,"column":42}},"55":{"start":{"line":141,"column":25},"end":{"line":143,"column":8}},"56":{"start":{"line":145,"column":6},"end":{"line":145,"column":74}},"57":{"start":{"line":148,"column":27},"end":{"line":152,"column":7}},"58":{"start":{"line":153,"column":6},"end":{"line":153,"column":53}},"59":{"start":{"line":155,"column":6},"end":{"line":155,"column":35}},"60":{"start":{"line":162,"column":4},"end":{"line":164,"column":5}},"61":{"start":{"line":163,"column":6},"end":{"line":163,"column":78}},"62":{"start":{"line":165,"column":4},"end":{"line":290,"column":5}},"63":{"start":{"line":166,"column":6},"end":{"line":168,"column":7}},"64":{"start":{"line":167,"column":8},"end":{"line":167,"column":57}},"65":{"start":{"line":169,"column":21},"end":{"line":169,"column":29}},"66":{"start":{"line":170,"column":6},"end":{"line":177,"column":7}},"67":{"start":{"line":171,"column":25},"end":{"line":171,"column":57}},"68":{"start":{"line":172,"column":8},"end":{"line":174,"column":9}},"69":{"start":{"line":173,"column":10},"end":{"line":173,"column":106}},"70":{"start":{"line":176,"column":8},"end":{"line":176,"column":51}},"71":{"start":{"line":178,"column":19},"end":{"line":178,"column":30}},"72":{"start":{"line":179,"column":17},"end":{"line":179,"column":33}},"73":{"start":{"line":180,"column":20},"end":{"line":180,"column":38}},"74":{"start":{"line":182,"column":6},"end":{"line":289,"column":9}},"75":{"start":{"line":183,"column":8},"end":{"line":185,"column":9}},"76":{"start":{"line":184,"column":10},"end":{"line":184,"column":73}},"77":{"start":{"line":187,"column":8},"end":{"line":187,"column":33}},"78":{"start":{"line":191,"column":8},"end":{"line":193,"column":11}},"79":{"start":{"line":195,"column":8},"end":{"line":197,"column":9}},"80":{"start":{"line":196,"column":10},"end":{"line":196,"column":102}},"81":{"start":{"line":199,"column":8},"end":{"line":199,"column":100}},"82":{"start":{"line":201,"column":8},"end":{"line":204,"column":9}},"83":{"start":{"line":202,"column":10},"end":{"line":203,"column":63}},"84":{"start":{"line":208,"column":8},"end":{"line":208,"column":46}},"85":{"start":{"line":209,"column":8},"end":{"line":213,"column":11}},"86":{"start":{"line":216,"column":8},"end":{"line":286,"column":9}},"87":{"start":{"line":217,"column":10},"end":{"line":217,"column":66}},"88":{"start":{"line":218,"column":10},"end":{"line":245,"column":11}},"89":{"start":{"line":220,"column":12},"end":{"line":244,"column":15}},"90":{"start":{"line":224,"column":14},"end":{"line":230,"column":16}},"91":{"start":{"line":228,"column":18},"end":{"line":228,"column":51}},"92":{"start":{"line":233,"column":25},"end":{"line":233,"column":54}},"93":{"start":{"line":234,"column":23},"end":{"line":234,"column":40}},"94":{"start":{"line":235,"column":28},"end":{"line":235,"column":54}},"95":{"start":{"line":236,"column":28},"end":{"line":236,"column":264}},"96":{"start":{"line":237,"column":14},"end":{"line":241,"column":17}},"97":{"start":{"line":238,"column":16},"end":{"line":238,"column":74}},"98":{"start":{"line":240,"column":16},"end":{"line":240,"column":40}},"99":{"start":{"line":243,"column":14},"end":{"line":243,"column":38}},"100":{"start":{"line":247,"column":15},"end":{"line":286,"column":9}},"101":{"start":{"line":248,"column":10},"end":{"line":248,"column":66}},"102":{"start":{"line":249,"column":10},"end":{"line":282,"column":11}},"103":{"start":{"line":251,"column":12},"end":{"line":281,"column":15}},"104":{"start":{"line":255,"column":14},"end":{"line":267,"column":16}},"105":{"start":{"line":260,"column":27},"end":{"line":260,"column":43}},"106":{"start":{"line":261,"column":29},"end":{"line":261,"column":43}},"107":{"start":{"line":262,"column":32},"end":{"line":262,"column":223}},"108":{"start":{"line":263,"column":18},"end":{"line":263,"column":45}},"109":{"start":{"line":265,"column":18},"end":{"line":265,"column":51}},"110":{"start":{"line":270,"column":25},"end":{"line":270,"column":54}},"111":{"start":{"line":271,"column":23},"end":{"line":271,"column":40}},"112":{"start":{"line":272,"column":28},"end":{"line":272,"column":54}},"113":{"start":{"line":273,"column":28},"end":{"line":273,"column":265}},"114":{"start":{"line":274,"column":14},"end":{"line":278,"column":17}},"115":{"start":{"line":275,"column":16},"end":{"line":275,"column":73}},"116":{"start":{"line":277,"column":16},"end":{"line":277,"column":40}},"117":{"start":{"line":280,"column":14},"end":{"line":280,"column":38}},"118":{"start":{"line":285,"column":10},"end":{"line":285,"column":73}},"119":{"start":{"line":288,"column":8},"end":{"line":288,"column":37}},"120":{"start":{"line":295,"column":4},"end":{"line":297,"column":5}},"121":{"start":{"line":296,"column":6},"end":{"line":296,"column":78}},"122":{"start":{"line":298,"column":4},"end":{"line":343,"column":5}},"123":{"start":{"line":299,"column":19},"end":{"line":299,"column":30}},"124":{"start":{"line":300,"column":20},"end":{"line":300,"column":38}},"125":{"start":{"line":301,"column":6},"end":{"line":303,"column":7}},"126":{"start":{"line":302,"column":8},"end":{"line":302,"column":138}},"127":{"start":{"line":304,"column":18},"end":{"line":304,"column":46}},"128":{"start":{"line":305,"column":6},"end":{"line":342,"column":9}},"129":{"start":{"line":306,"column":8},"end":{"line":308,"column":9}},"130":{"start":{"line":307,"column":10},"end":{"line":307,"column":73}},"131":{"start":{"line":310,"column":8},"end":{"line":312,"column":11}},"132":{"start":{"line":314,"column":8},"end":{"line":316,"column":9}},"133":{"start":{"line":315,"column":10},"end":{"line":315,"column":86}},"134":{"start":{"line":319,"column":22},"end":{"line":319,"column":53}},"135":{"start":{"line":320,"column":26},"end":{"line":320,"column":47}},"136":{"start":{"line":321,"column":21},"end":{"line":321,"column":48}},"137":{"start":{"line":322,"column":8},"end":{"line":339,"column":11}},"138":{"start":{"line":330,"column":22},"end":{"line":330,"column":57}},"139":{"start":{"line":331,"column":32},"end":{"line":335,"column":11}},"140":{"start":{"line":336,"column":10},"end":{"line":336,"column":58}},"141":{"start":{"line":338,"column":10},"end":{"line":338,"column":39}},"142":{"start":{"line":341,"column":8},"end":{"line":341,"column":37}},"143":{"start":{"line":348,"column":4},"end":{"line":350,"column":5}},"144":{"start":{"line":349,"column":6},"end":{"line":349,"column":78}},"145":{"start":{"line":351,"column":4},"end":{"line":380,"column":5}},"146":{"start":{"line":352,"column":19},"end":{"line":352,"column":30}},"147":{"start":{"line":353,"column":20},"end":{"line":353,"column":38}},"148":{"start":{"line":354,"column":22},"end":{"line":354,"column":42}},"149":{"start":{"line":355,"column":6},"end":{"line":379,"column":9}},"150":{"start":{"line":356,"column":8},"end":{"line":358,"column":9}},"151":{"start":{"line":357,"column":10},"end":{"line":357,"column":73}},"152":{"start":{"line":360,"column":8},"end":{"line":362,"column":11}},"153":{"start":{"line":364,"column":8},"end":{"line":366,"column":9}},"154":{"start":{"line":365,"column":10},"end":{"line":365,"column":86}},"155":{"start":{"line":368,"column":8},"end":{"line":371,"column":11}},"156":{"start":{"line":373,"column":8},"end":{"line":375,"column":9}},"157":{"start":{"line":374,"column":10},"end":{"line":374,"column":53}},"158":{"start":{"line":376,"column":8},"end":{"line":376,"column":48}},"159":{"start":{"line":378,"column":8},"end":{"line":378,"column":37}},"160":{"start":{"line":386,"column":4},"end":{"line":388,"column":5}},"161":{"start":{"line":387,"column":6},"end":{"line":387,"column":78}},"162":{"start":{"line":389,"column":4},"end":{"line":420,"column":5}},"163":{"start":{"line":390,"column":19},"end":{"line":390,"column":30}},"164":{"start":{"line":391,"column":22},"end":{"line":391,"column":42}},"165":{"start":{"line":393,"column":6},"end":{"line":419,"column":9}},"166":{"start":{"line":394,"column":8},"end":{"line":397,"column":9}},"167":{"start":{"line":395,"column":10},"end":{"line":396,"column":62}},"168":{"start":{"line":399,"column":8},"end":{"line":416,"column":11}},"169":{"start":{"line":402,"column":10},"end":{"line":404,"column":11}},"170":{"start":{"line":403,"column":12},"end":{"line":403,"column":69}},"171":{"start":{"line":406,"column":10},"end":{"line":406,"column":41}},"172":{"start":{"line":407,"column":10},"end":{"line":411,"column":13}},"173":{"start":{"line":413,"column":10},"end":{"line":413,"column":47}},"174":{"start":{"line":415,"column":10},"end":{"line":415,"column":39}},"175":{"start":{"line":418,"column":8},"end":{"line":418,"column":37}},"176":{"start":{"line":425,"column":4},"end":{"line":427,"column":5}},"177":{"start":{"line":426,"column":6},"end":{"line":426,"column":78}},"178":{"start":{"line":428,"column":4},"end":{"line":512,"column":5}},"179":{"start":{"line":429,"column":19},"end":{"line":429,"column":30}},"180":{"start":{"line":430,"column":20},"end":{"line":430,"column":38}},"181":{"start":{"line":431,"column":6},"end":{"line":511,"column":7}},"182":{"start":{"line":433,"column":20},"end":{"line":433,"column":48}},"183":{"start":{"line":434,"column":8},"end":{"line":508,"column":11}},"184":{"start":{"line":435,"column":10},"end":{"line":437,"column":11}},"185":{"start":{"line":436,"column":12},"end":{"line":436,"column":75}},"186":{"start":{"line":439,"column":26},"end":{"line":446,"column":12}},"187":{"start":{"line":442,"column":12},"end":{"line":444,"column":13}},"188":{"start":{"line":443,"column":14},"end":{"line":443,"column":90}},"189":{"start":{"line":445,"column":12},"end":{"line":445,"column":51}},"190":{"start":{"line":447,"column":10},"end":{"line":447,"column":49}},"191":{"start":{"line":449,"column":10},"end":{"line":451,"column":11}},"192":{"start":{"line":450,"column":12},"end":{"line":450,"column":88}},"193":{"start":{"line":453,"column":22},"end":{"line":453,"column":42}},"194":{"start":{"line":454,"column":10},"end":{"line":505,"column":11}},"195":{"start":{"line":456,"column":12},"end":{"line":473,"column":15}},"196":{"start":{"line":464,"column":35},"end":{"line":469,"column":15}},"197":{"start":{"line":470,"column":14},"end":{"line":470,"column":61}},"198":{"start":{"line":472,"column":14},"end":{"line":472,"column":43}},"199":{"start":{"line":477,"column":26},"end":{"line":477,"column":56}},"200":{"start":{"line":478,"column":30},"end":{"line":478,"column":51}},"201":{"start":{"line":479,"column":25},"end":{"line":479,"column":52}},"202":{"start":{"line":480,"column":12},"end":{"line":504,"column":15}},"203":{"start":{"line":489,"column":14},"end":{"line":491,"column":15}},"204":{"start":{"line":490,"column":16},"end":{"line":490,"column":57}},"205":{"start":{"line":493,"column":26},"end":{"line":493,"column":69}},"206":{"start":{"line":494,"column":35},"end":{"line":500,"column":15}},"207":{"start":{"line":501,"column":14},"end":{"line":501,"column":61}},"208":{"start":{"line":503,"column":14},"end":{"line":503,"column":43}},"209":{"start":{"line":507,"column":10},"end":{"line":507,"column":39}},"210":{"start":{"line":510,"column":8},"end":{"line":510,"column":120}},"211":{"start":{"line":517,"column":4},"end":{"line":575,"column":5}},"212":{"start":{"line":518,"column":19},"end":{"line":518,"column":30}},"213":{"start":{"line":519,"column":6},"end":{"line":574,"column":7}},"214":{"start":{"line":520,"column":8},"end":{"line":522,"column":9}},"215":{"start":{"line":521,"column":10},"end":{"line":521,"column":104}},"216":{"start":{"line":524,"column":20},"end":{"line":524,"column":48}},"217":{"start":{"line":526,"column":8},"end":{"line":571,"column":9}},"218":{"start":{"line":527,"column":10},"end":{"line":541,"column":13}},"219":{"start":{"line":531,"column":33},"end":{"line":537,"column":13}},"220":{"start":{"line":538,"column":12},"end":{"line":538,"column":59}},"221":{"start":{"line":540,"column":12},"end":{"line":540,"column":41}},"222":{"start":{"line":545,"column":24},"end":{"line":545,"column":54}},"223":{"start":{"line":546,"column":28},"end":{"line":546,"column":49}},"224":{"start":{"line":549,"column":23},"end":{"line":549,"column":50}},"225":{"start":{"line":551,"column":10},"end":{"line":570,"column":13}},"226":{"start":{"line":558,"column":24},"end":{"line":558,"column":57}},"227":{"start":{"line":559,"column":33},"end":{"line":566,"column":13}},"228":{"start":{"line":567,"column":12},"end":{"line":567,"column":59}},"229":{"start":{"line":569,"column":12},"end":{"line":569,"column":41}},"230":{"start":{"line":573,"column":8},"end":{"line":573,"column":120}},"231":{"start":{"line":580,"column":4},"end":{"line":648,"column":5}},"232":{"start":{"line":581,"column":19},"end":{"line":581,"column":30}},"233":{"start":{"line":582,"column":6},"end":{"line":647,"column":7}},"234":{"start":{"line":584,"column":8},"end":{"line":644,"column":11}},"235":{"start":{"line":587,"column":29},"end":{"line":589,"column":12}},"236":{"start":{"line":588,"column":12},"end":{"line":588,"column":37}},"237":{"start":{"line":590,"column":10},"end":{"line":590,"column":30}},"238":{"start":{"line":594,"column":37},"end":{"line":594,"column":98}},"239":{"start":{"line":595,"column":10},"end":{"line":595,"column":67}},"240":{"start":{"line":598,"column":37},"end":{"line":598,"column":58}},"241":{"start":{"line":599,"column":29},"end":{"line":599,"column":50}},"242":{"start":{"line":601,"column":22},"end":{"line":601,"column":50}},"243":{"start":{"line":603,"column":24},"end":{"line":603,"column":57}},"244":{"start":{"line":604,"column":28},"end":{"line":604,"column":49}},"245":{"start":{"line":605,"column":23},"end":{"line":605,"column":50}},"246":{"start":{"line":608,"column":40},"end":{"line":610,"column":12}},"247":{"start":{"line":609,"column":12},"end":{"line":609,"column":71}},"248":{"start":{"line":613,"column":22},"end":{"line":613,"column":73}},"249":{"start":{"line":615,"column":10},"end":{"line":641,"column":13}},"250":{"start":{"line":628,"column":37},"end":{"line":630,"column":14}},"251":{"start":{"line":629,"column":14},"end":{"line":629,"column":73}},"252":{"start":{"line":631,"column":35},"end":{"line":637,"column":13}},"253":{"start":{"line":638,"column":12},"end":{"line":638,"column":61}},"254":{"start":{"line":640,"column":12},"end":{"line":640,"column":41}},"255":{"start":{"line":643,"column":10},"end":{"line":643,"column":39}},"256":{"start":{"line":646,"column":8},"end":{"line":646,"column":126}},"257":{"start":{"line":654,"column":4},"end":{"line":717,"column":5}},"258":{"start":{"line":655,"column":6},"end":{"line":716,"column":7}},"259":{"start":{"line":657,"column":20},"end":{"line":657,"column":50}},"260":{"start":{"line":658,"column":21},"end":{"line":658,"column":38}},"261":{"start":{"line":659,"column":8},"end":{"line":713,"column":11}},"262":{"start":{"line":667,"column":10},"end":{"line":710,"column":11}},"263":{"start":{"line":669,"column":12},"end":{"line":671,"column":13}},"264":{"start":{"line":670,"column":14},"end":{"line":670,"column":70}},"265":{"start":{"line":674,"column":26},"end":{"line":674,"column":43}},"266":{"start":{"line":675,"column":25},"end":{"line":675,"column":36}},"267":{"start":{"line":676,"column":12},"end":{"line":705,"column":15}},"268":{"start":{"line":677,"column":14},"end":{"line":679,"column":15}},"269":{"start":{"line":678,"column":16},"end":{"line":678,"column":79}},"270":{"start":{"line":681,"column":14},"end":{"line":683,"column":17}},"271":{"start":{"line":685,"column":14},"end":{"line":687,"column":15}},"272":{"start":{"line":686,"column":16},"end":{"line":686,"column":97}},"273":{"start":{"line":689,"column":14},"end":{"line":692,"column":17}},"274":{"start":{"line":695,"column":40},"end":{"line":697,"column":16}},"275":{"start":{"line":696,"column":16},"end":{"line":696,"column":40}},"276":{"start":{"line":698,"column":33},"end":{"line":701,"column":15}},"277":{"start":{"line":702,"column":14},"end":{"line":702,"column":59}},"278":{"start":{"line":704,"column":14},"end":{"line":704,"column":43}},"279":{"start":{"line":709,"column":12},"end":{"line":709,"column":50}},"280":{"start":{"line":712,"column":10},"end":{"line":712,"column":39}},"281":{"start":{"line":715,"column":8},"end":{"line":715,"column":119}}},"fnMap":{"0":{"name":"createGroup","decl":{"start":{"line":20,"column":24},"end":{"line":20,"column":35}},"loc":{"start":{"line":20,"column":46},"end":{"line":75,"column":3}},"line":20},"1":{"name":"(anonymous_1)","decl":{"start":{"line":33,"column":14},"end":{"line":33,"column":15}},"loc":{"start":{"line":33,"column":36},"end":{"line":42,"column":7}},"line":33},"2":{"name":"(anonymous_2)","decl":{"start":{"line":42,"column":14},"end":{"line":42,"column":15}},"loc":{"start":{"line":42,"column":38},"end":{"line":62,"column":7}},"line":42},"3":{"name":"(anonymous_3)","decl":{"start":{"line":64,"column":12},"end":{"line":64,"column":13}},"loc":{"start":{"line":64,"column":35},"end":{"line":66,"column":7}},"line":64},"4":{"name":"(anonymous_4)","decl":{"start":{"line":66,"column":15},"end":{"line":66,"column":16}},"loc":{"start":{"line":66,"column":30},"end":{"line":68,"column":7}},"line":66},"5":{"name":"addUserToGroup","decl":{"start":{"line":78,"column":27},"end":{"line":78,"column":41}},"loc":{"start":{"line":78,"column":52},"end":{"line":157,"column":3}},"line":78},"6":{"name":"(anonymous_6)","decl":{"start":{"line":95,"column":33},"end":{"line":95,"column":34}},"loc":{"start":{"line":95,"column":50},"end":{"line":103,"column":5}},"line":95},"7":{"name":"(anonymous_7)","decl":{"start":{"line":103,"column":12},"end":{"line":103,"column":13}},"loc":{"start":{"line":103,"column":41},"end":{"line":120,"column":5}},"line":103},"8":{"name":"(anonymous_8)","decl":{"start":{"line":120,"column":12},"end":{"line":120,"column":13}},"loc":{"start":{"line":120,"column":33},"end":{"line":129,"column":5}},"line":120},"9":{"name":"(anonymous_9)","decl":{"start":{"line":129,"column":12},"end":{"line":129,"column":13}},"loc":{"start":{"line":129,"column":41},"end":{"line":146,"column":5}},"line":129},"10":{"name":"(anonymous_10)","decl":{"start":{"line":146,"column":12},"end":{"line":146,"column":13}},"loc":{"start":{"line":146,"column":35},"end":{"line":154,"column":5}},"line":146},"11":{"name":"(anonymous_11)","decl":{"start":{"line":154,"column":13},"end":{"line":154,"column":14}},"loc":{"start":{"line":154,"column":28},"end":{"line":156,"column":5}},"line":154},"12":{"name":"postMessage","decl":{"start":{"line":160,"column":24},"end":{"line":160,"column":35}},"loc":{"start":{"line":160,"column":46},"end":{"line":291,"column":3}},"line":160},"13":{"name":"(anonymous_13)","decl":{"start":{"line":182,"column":35},"end":{"line":182,"column":36}},"loc":{"start":{"line":182,"column":52},"end":{"line":188,"column":7}},"line":182},"14":{"name":"(anonymous_14)","decl":{"start":{"line":190,"column":12},"end":{"line":190,"column":13}},"loc":{"start":{"line":190,"column":24},"end":{"line":194,"column":7}},"line":190},"15":{"name":"(anonymous_15)","decl":{"start":{"line":194,"column":14},"end":{"line":194,"column":15}},"loc":{"start":{"line":194,"column":43},"end":{"line":200,"column":7}},"line":194},"16":{"name":"(anonymous_16)","decl":{"start":{"line":200,"column":14},"end":{"line":200,"column":15}},"l
[...]
n":32}},{"start":{"line":216,"column":6},"end":{"line":216,"column":32}}],"line":216},"19":{"loc":{"start":{"line":223,"column":6},"end":{"line":223,"column":32}},"type":"if","locations":[{"start":{"line":223,"column":6},"end":{"line":223,"column":32}},{"start":{"line":223,"column":6},"end":{"line":223,"column":32}}],"line":223},"20":{"loc":{"start":{"line":260,"column":6},"end":{"line":260,"column":32}},"type":"if","locations":[{"start":{"line":260,"column":6},"end":{"line":260,"column":32}},{"start":{"line":260,"column":6},"end":{"line":260,"column":32}}],"line":260},"21":{"loc":{"start":{"line":267,"column":6},"end":{"line":267,"column":32}},"type":"if","locations":[{"start":{"line":267,"column":6},"end":{"line":267,"column":32}},{"start":{"line":267,"column":6},"end":{"line":267,"column":32}}],"line":267},"22":{"loc":{"start":{"line":277,"column":6},"end":{"line":277,"column":32}},"type":"if","locations":[{"start":{"line":277,"column":6},"end":{"line":277,"column":32}},{"start":{"line":277,"column":6},"end":{"line":277,"column":32}}],"line":277},"23":{"loc":{"start":{"line":284,"column":6},"end":{"line":284,"column":32}},"type":"if","locations":[{"start":{"line":284,"column":6},"end":{"line":284,"column":32}},{"start":{"line":284,"column":6},"end":{"line":284,"column":32}}],"line":284},"24":{"loc":{"start":{"line":291,"column":6},"end":{"line":291,"column":32}},"type":"if","locations":[{"start":{"line":291,"column":6},"end":{"line":291,"column":32}},{"start":{"line":291,"column":6},"end":{"line":291,"column":32}}],"line":291},"25":{"loc":{"start":{"line":331,"column":6},"end":{"line":331,"column":32}},"type":"if","locations":[{"start":{"line":331,"column":6},"end":{"line":331,"column":32}},{"start":{"line":331,"column":6},"end":{"line":331,"column":32}}],"line":331},"26":{"loc":{"start":{"line":338,"column":6},"end":{"line":338,"column":32}},"type":"if","locations":[{"start":{"line":338,"column":6},"end":{"line":338,"column":32}},{"start":{"line":338,"column":6},"end":{"line":338,"column":32}}],"line":338},"27":{"loc":{"start":{"line":345,"column":6},"end":{"line":345,"column":32}},"type":"if","locations":[{"start":{"line":345,"column":6},"end":{"line":345,"column":32}},{"start":{"line":345,"column":6},"end":{"line":345,"column":32}}],"line":345},"28":{"loc":{"start":{"line":352,"column":6},"end":{"line":352,"column":32}},"type":"if","locations":[{"start":{"line":352,"column":6},"end":{"line":352,"column":32}},{"start":{"line":352,"column":6},"end":{"line":352,"column":32}}],"line":352},"29":{"loc":{"start":{"line":359,"column":6},"end":{"line":359,"column":32}},"type":"if","locations":[{"start":{"line":359,"column":6},"end":{"line":359,"column":32}},{"start":{"line":359,"column":6},"end":{"line":359,"column":32}}],"line":359},"30":{"loc":{"start":{"line":366,"column":6},"end":{"line":366,"column":32}},"type":"if","locations":[{"start":{"line":366,"column":6},"end":{"line":366,"column":32}},{"start":{"line":366,"column":6},"end":{"line":366,"column":32}}],"line":366},"31":{"loc":{"start":{"line":373,"column":6},"end":{"line":373,"column":32}},"type":"if","locations":[{"start":{"line":373,"column":6},"end":{"line":373,"column":32}},{"start":{"line":373,"column":6},"end":{"line":373,"column":32}}],"line":373},"32":{"loc":{"start":{"line":411,"column":6},"end":{"line":411,"column":32}},"type":"if","locations":[{"start":{"line":411,"column":6},"end":{"line":411,"column":32}},{"start":{"line":411,"column":6},"end":{"line":411,"column":32}}],"line":411},"33":{"loc":{"start":{"line":418,"column":6},"end":{"line":418,"column":32}},"type":"if","locations":[{"start":{"line":418,"column":6},"end":{"line":418,"column":32}},{"start":{"line":418,"column":6},"end":{"line":418,"column":32}}],"line":418},"34":{"loc":{"start":{"line":425,"column":6},"end":{"line":425,"column":32}},"type":"if","locations":[{"start":{"line":425,"column":6},"end":{"line":425,"column":32}},{"start":{"line":425,"column":6},"end":{"line":425,"column":32}}],"line":425},"35":{"loc":{"start":{"line":432,"column":6},"end":{"line":432,"column":32}},"type":"if","locations":[{"start":{"line":432,"column":6},"end":{"line":432,"column":32}},{"start":{"line":432,"column":6},"end":{"line":432,"column":32}}],"line":432},"36":{"loc":{"start":{"line":439,"column":6},"end":{"line":439,"column":32}},"type":"if","locations":[{"start":{"line":439,"column":6},"end":{"line":439,"column":32}},{"start":{"line":439,"column":6},"end":{"line":439,"column":32}}],"line":439},"37":{"loc":{"start":{"line":469,"column":6},"end":{"line":469,"column":32}},"type":"if","locations":[{"start":{"line":469,"column":6},"end":{"line":469,"column":32}},{"start":{"line":469,"column":6},"end":{"line":469,"column":32}}],"line":469},"38":{"loc":{"start":{"line":476,"column":6},"end":{"line":476,"column":32}},"type":"if","locations":[{"start":{"line":476,"column":6},"end":{"line":476,"column":32}},{"start":{"line":476,"column":6},"end":{"line":476,"column":32}}],"line":476},"39":{"loc":{"start":{"line":483,"column":6},"end":{"line":483,"column":32}},"type":"if","locations":[{"start":{"line":483,"column":6},"end":{"line":483,"column":32}},{"start":{"line":483,"column":6},"end":{"line":483,"column":32}}],"line":483},"40":{"loc":{"start":{"line":490,"column":6},"end":{"line":490,"column":32}},"type":"if","locations":[{"start":{"line":490,"column":6},"end":{"line":490,"column":32}},{"start":{"line":490,"column":6},"end":{"line":490,"column":32}}],"line":490},"41":{"loc":{"start":{"line":497,"column":6},"end":{"line":497,"column":32}},"type":"if","locations":[{"start":{"line":497,"column":6},"end":{"line":497,"column":32}},{"start":{"line":497,"column":6},"end":{"line":497,"column":32}}],"line":497},"42":{"loc":{"start":{"line":504,"column":6},"end":{"line":504,"column":32}},"type":"if","locations":[{"start":{"line":504,"column":6},"end":{"line":504,"column":32}},{"start":{"line":504,"column":6},"end":{"line":504,"column":32}}],"line":504},"43":{"loc":{"start":{"line":511,"column":6},"end":{"line":511,"column":32}},"type":"if","locations":[{"start":{"line":511,"column":6},"end":{"line":511,"column":32}},{"start":{"line":511,"column":6},"end":{"line":511,"column":32}}],"line":511},"44":{"loc":{"start":{"line":544,"column":6},"end":{"line":544,"column":32}},"type":"if","locations":[{"start":{"line":544,"column":6},"end":{"line":544,"column":32}},{"start":{"line":544,"column":6},"end":{"line":544,"column":32}}],"line":544},"45":{"loc":{"start":{"line":551,"column":6},"end":{"line":551,"column":32}},"type":"if","locations":[{"start":{"line":551,"column":6},"end":{"line":551,"column":32}},{"start":{"line":551,"column":6},"end":{"line":551,"column":32}}],"line":551},"46":{"loc":{"start":{"line":558,"column":6},"end":{"line":558,"column":32}},"type":"if","locations":[{"start":{"line":558,"column":6},"end":{"line":558,"column":32}},{"start":{"line":558,"column":6},"end":{"line":558,"column":32}}],"line":558},"47":{"loc":{"start":{"line":565,"column":6},"end":{"line":565,"column":32}},"type":"if","locations":[{"start":{"line":565,"column":6},"end":{"line":565,"column":32}},{"start":{"line":565,"column":6},"end":{"line":565,"column":32}}],"line":565},"48":{"loc":{"start":{"line":605,"column":6},"end":{"line":605,"column":32}},"type":"if","locations":[{"start":{"line":605,"column":6},"end":{"line":605,"column":32}},{"start":{"line":605,"column":6},"end":{"line":605,"column":32}}],"line":605},"49":{"loc":{"start":{"line":612,"column":6},"end":{"line":612,"column":32}},"type":"if","locations":[{"start":{"line":612,"column":6},"end":{"line":612,"column":32}},{"start":{"line":612,"column":6},"end":{"line":612,"column":32}}],"line":612},"50":{"loc":{"start":{"line":620,"column":6},"end":{"line":620,"column":32}},"type":"if","locations":[{"start":{"line":620,"column":6},"end":{"line":620,"column":32}},{"start":{"line":620,"column":6},"end":{"line":620,"column":32}}],"line":620},"51":{"loc":{"start":{"line":628,"column":6},"end":{"line":628,"column":32}},"type":"if","locations":[{"start":{"line":628,"column":6},"end":{"line":628,"column":32}},{"start":{"line":628,"column":6},"end":{"line":628,"column":32}}],"line":628},"52":{"loc":{"start":{"line":664,"column":6},"end":{"line":664,"column":32}},"type":"if","locations":[{"start":{"line":664,"column":6},"end":{"line":664,"column":32}},{"start":{"line":664,"column":6},"end":{"line":664,"column":32}}],"line":664},"53":{"loc":{"start":{"line":671,"column":6},"end":{"line":671,"column":32}},"type":"if","locations":[{"start":{"line":671,"column":6},"end":{"line":671,"column":32}},{"start":{"line":671,"column":6},"end":{"line":671,"column":32}}],"line":671},"54":{"loc":{"start":{"line":678,"column":6},"end":{"line":678,"column":32}},"type":"if","locations":[{"start":{"line":678,"column":6},"end":{"line":678,"column":32}},{"start":{"line":678,"column":6},"end":{"line":678,"column":32}}],"line":678},"55":{"loc":{"start":{"line":693,"column":6},"end":{"line":693,"column":32}},"type":"if","locations":[{"start":{"line":693,"column":6},"end":{"line":693,"column":32}},{"start":{"line":693,"column":6},"end":{"line":693,"column":32}}],"line":693},"56":{"loc":{"start":{"line":700,"column":6},"end":{"line":700,"column":32}},"type":"if","locations":[{"start":{"line":700,"column":6},"end":{"line":700,"column":32}},{"start":{"line":700,"column":6},"end":{"line":700,"column":32}}],"line":700},"57":{"loc":{"start":{"line":707,"column":6},"end":{"line":707,"column":32}},"type":"if","locations":[{"start":{"line":707,"column":6},"end":{"line":707,"column":32}},{"start":{"line":707,"column":6},"end":{"line":707,"column":32}}],"line":707},"58":{"loc":{"start":{"line":715,"column":6},"end":{"line":715,"column":32}},"type":"if","locations":[{"start":{"line":715,"column":6},"end":{"line":715,"column":32}},{"start":{"line":715,"column":6},"end":{"line":715,"column":32}}],"line":715},"59":{"loc":{"start":{"line":733,"column":6},"end":{"line":733,"column":32}},"type":"if","locations":[{"start":{"line":733,"column":6},"end":{"line":733,"column":32}},{"start":{"line":733,"column":6},"end":{"line":733,"column":32}}],"line":733},"60":{"loc":{"start":{"line":765,"column":6},"end":{"line":765,"column":32}},"type":"if","locations":[{"start":{"line":765,"column":6},"end":{"line":765,"column":32}},{"start":{"line":765,"column":6},"end":{"line":765,"column":32}}],"line":765},"61":{"loc":{"start":{"line":773,"column":6},"end":{"line":773,"column":32}},"type":"if","locations":[{"start":{"line":773,"column":6},"end":{"line":773,"column":32}},{"start":{"line":773,"column":6},"end":{"line":773,"column":32}}],"line":773},"62":{"loc":{"start":{"line":780,"column":6},"end":{"line":780,"column":32}},"type":"if","locations":[{"start":{"line":780,"column":6},"end":{"line":780,"column":32}},{"start":{"line":780,"column":6},"end":{"line":780,"column":32}}],"line":780},"63":{"loc":{"start":{"line":788,"column":6},"end":{"line":788,"column":32}},"type":"if","locations":[{"start":{"line":788,"column":6},"end":{"line":788,"column":32}},{"start":{"line":788,"column":6},"end":{"line":788,"column":32}}],"line":788},"64":{"loc":{"start":{"line":796,"column":6},"end":{"line":804,"column":7}},"type":"if","locations":[{"start":{"line":796,"column":6},"end":{"line":804,"column":7}},{"start":{"line":796,"column":6},"end":{"line":804,"column":7}}],"line":796},"65":{"loc":{"start":{"line":798,"column":10},"end":{"line":798,"column":36}},"type":"if","locations":[{"start":{"line":798,"column":10},"end":{"line":798,"column":36}},{"start":{"line":798,"column":10},"end":{"line":798,"column":36}}],"line":798},"66":{"loc":{"start":{"line":811,"column":6},"end":{"line":811,"column":32}},"type":"if","locations":[{"start":{"line":811,"column":6},"end":{"line":811,"column":32}},{"start":{"line":811,"column":6},"end":{"line":811,"column":32}}],"line":811}},"s":{"0":1,"1":1,"2":1,"3":1,"4":1,"5":1,"6":1,"7":1,"8":1,"9":1,"10":1,"11":1,"12":1,"13":1,"14":1,"15":1,"16":1,"17":1,"18":1,"19":1,"20":1,"21":1,"22":1,"23":0,"24":1,"25":1,"26":1,"27":1,"28":1,"29":0,"30":1,"31":1,"32":1,"33":1,"34":1,"35":0,"36":1,"37":1,"38":1,"39":1,"40":1,"41":0,"42":1,"43":1,"44":1,"45":0,"46":1,"47":1,"48":1,"49":1,"50":1,"51":1,"52":1,"53":1,"54":1,"55":1,"56":1,"57":1,"58":1,"59":1,"60":1,"61":1,"62":1,"63":0,"64":1,"65":1,"66":1,"67":1,"68":1,"69":0,"70":1,"71":1,"72":1,"73":1,"74":1,"75":0,"76":1,"77":1,"78":1,"79":1,"80":1,"81":0,"82":1,"83":1,"84":1,"85":1,"86":1,"87":0,"88":1,"89":1,"90":1,"91":1,"92":1,"93":0,"94":1,"95":1,"96":1,"97":1,"98":1,"99":0,"100":1,"101":1,"102":1,"103":1,"104":1,"105":0,"106":1,"107":1,"108":1,"109":1,"110":1,"111":0,"112":1,"113":1,"114":1,"115":1,"116":1,"117":1,"118":1,"119":1,"120":1,"121":1,"122":1,"123":1,"124":1,"125":1,"126":1,"127":1,"128":1,"129":1,"130":1,"131":1,"132":1,"133":1,"134":0,"135":1,"136":1,"137":1,"138":1,"139":1,"140":0,"141":1,"142":1,"143":1,"144":1,"145":1,"146":0,"147":1,"148":1,"149":1,"150":1,"151":1,"152":0,"153":1,"154":1,"155":1,"156":1,"157":1,"158":0,"159":1,"160":1,"161":1,"162":1,"163":1,"164":0,"165":1,"166":1,"167":1,"168":1,"169":1,"170":0,"171":1,"172":1,"173":1,"174":1,"175":1,"176":1,"177":1,"178":1,"179":1,"180":1,"181":1,"182":1,"183":1,"184":1,"185":1,"186":1,"187":1,"188":1,"189":1,"190":1,"191":1,"192":1,"193":0,"194":1,"195":1,"196":1,"197":1,"198":1,"199":0,"200":1,"201":1,"202":1,"203":1,"204":1,"205":1,"206":1,"207":0,"208":1,"209":1,"210":1,"211":1,"212":1,"213":0,"214":1,"215":1,"216":1,"217":1,"218":1,"219":0,"220":1,"221":1,"222":1,"223":1,"224":1,"225":1,"226":1,"227":1,"228":1,"229":1,"230":1,"231":1,"232":1,"233":1,"234":1,"235":1,"236":1,"237":1,"238":1,"239":1,"240":1,"241":1,"242":1,"243":1,"244":0,"245":1,"246":1,"247":1,"248":1,"249":1,"250":0,"251":1,"252":1,"253":1,"254":1,"255":1,"256":0,"257":1,"258":1,"259":1,"260":1,"261":1,"262":0,"263":1,"264":1,"265":1,"266":1,"267":1,"268":0,"269":1,"270":1,"271":1,"272":1,"273":1,"274":0,"275":1,"276":1,"277":1,"278":1,"279":1,"280":0,"281":1,"282":1,"283":1,"284":1,"285":1,"286":1,"287":1,"288":1,"289":1,"290":1,"291":1,"292":1,"293":1,"294":1,"295":1,"296":1,"297":1,"298":1,"299":1,"300":1,"301":1,"302":1,"303":0,"304":1,"305":1,"306":1,"307":1,"308":1,"309":0,"310":1,"311":1,"312":1,"313":1,"314":1,"315":0,"316":1,"317":1,"318":1,"319":1,"320":1,"321":0,"322":1,"323":1,"324":1,"325":1,"326":1,"327":0,"328":1,"329":1,"330":1,"331":1,"332":1,"333":1,"334":1,"335":1,"336":1,"337":1,"338":1,"339":1,"340":1,"341":1,"342":1,"343":1,"344":1,"345":1,"346":1,"347":0,"348":1,"349":1,"350":1,"351":1,"352":1,"353":0,"354":1,"355":1,"356":1,"357":1,"358":1,"359":0,"360":1,"361":1,"362":1,"363":1,"364":1,"365":0,"366":1,"367":1,"368":1,"369":1,"370":1,"371":0,"372":1,"373":1,"374":1,"375":1,"376":1,"377":0,"378":1,"379":1,"380":1,"381":1,"382":1,"383":0,"384":1,"385":1,"386":1,"387":1,"388":1,"389":1,"390":1,"391":1,"392":1,"393":1,"394":1,"395":1,"396":1,"397":1,"398":1,"399":1,"400":1,"401":1,"402":1,"403":1,"404":1,"405":1,"406":0,"407":1,"408":1,"409":1,"410":1,"411":1,"412":0,"413":1,"414":1,"415":1,"416":1,"417":1,"418":0,"419":1,"420":1,"421":1,"422":1,"423":1,"424":0,"425":1,"426":1,"427":1,"428":1,"429":1,"430":1,"431":1,"432":1,"433":1,"434":1,"435":1,"436":1,"437":1,"438":1,"439":1,"440":1,"441":1,"442":1,"443":1,"444":1,"445":1,"446":1,"447":1,"448":1,"449":0,"450":1,"451":1,"452":1,"453":1,"454":1,"455":0,"456":1,"457":1,"458":1,"459":1,"460":1,"461":1,"462":0,"463":1,"464":1,"465":1,"466":1,"467":1,"468":1,"469":0,"470":1,"471":1,"472":1,"473":1,"474":1,"475":1,"476":1,"477":1,"478":1,"479":1,"480":1,"481":1,"482":1,"483":1,"484":1,"485":1,"486":1,"487":1,"488":1,"489":1,"490":1,"491":1,"492":1,"493":0,"494":1,"495":1,"496":1,"497":1,"498":1,"499":0,"500":1,"501":1,"502":1,"503":1,"504":1,"505":0,"506":1,"507":1,"508":1,"509":1,"510":1,"511":1,"512":0,"513":1,"514":1,"515":1,"516":1,"517":1,"518":0,"519":1,"520":1,"521":1,"522":1,"523":1,"524":0,"525":1,"526":1,"527":1,"528":1,"529":1,"530":0,"531":1,"532":1,"533":1,"534":1,"535":1,"536":1,"537":1,"538":0,"539":1,"540":1,"541":1,"542":1,"543":1,"544":1,"545":1,"546":1,"547":1,"548":1,"549":1,"550":1,"551":1,"552":1,"553":1,"554":0,"555":1,"556":1,"557":1,"558":1,"559":1,"560":1,"561":0,"562":1,"563":1,"564":1,"565":1,"566":1,"567":0,"568":1,"569":1,"570":1,"571":1,"572":1,"573":1,"574":0,"575":1,"576":1,"577":1,"578":1,"579":1,"580":1,"581":1,"582":0,"583":1,"584":1,"585":0,"586":0,"587":1,"588":1,"589":1,"590":0,"591":1,"592":1},"f":{"0":1,"1":1,"2":1,"3":1,"4":1,"5":1,"6":1,"7":1,"8":1,"9":1,"10":0,"11":1,"12":1,"13":1,"14":1,"15":1,"16":1,"17":1,"18":1,"19":1,"20":1,"21":1,"22":1,"23":1,"24":1,"25":1,"26":1,"27":1,"28":1,"29":1,"30":1,"31":1,"32":1,"33":1,"34":1,"35":1,"36":1,"37":1,"38":1,"39":1,"40":1,"41":1,"42":1,"43":1,"44":1,"45":1,"46":1,"47":1,"48":1,"49":1,"50":1,"51":1,"52":1,"53":1,"54":1,"55":1,"56":1,"57":1,"58":1,"59":1,"60":1,"61":1,"62":1,"63":1,"64":1,"65":1,"66":1,"67":1,"68":1,"69":1,"70":1,"71":1,"72":1,"73":1,"74":1,"75":1,"76":1,"77":1,"78":1,"79":1,"80":1,"81":1,"82":1,"83":1,"84":1,"85":1,"86":1,"87":1,"88":1,"89":1,"90":1,"91":1,"92":1,"93":1,"94":1,"95":1,"96":1,"97":1,"98":1,"99":1,"100":1,"101":1,"102":1,"103":1,"104":1,"105":1,"106":1,"107":1,"108":1,"109":1,"110":1,"111":1,"112":1,"113":1,"114":1,"115":1,"116":1,"117":1,"118":1,"119":1,"120":1,"121":1,"122":1,"123":1,"124":1,"125":1,"126":1,"127":1,"128":1,"129":1,"130":1,"131":1,"132":1,"133":1,"134":1,"135":1,"136":1,"137":1,"138":1,"139":1,"140":1,"141":1,"142":1,"143":1,"144":1,"145":0,"146":1,"147":1},"b":{"0":[0,1],"1":[0,1],"2":[0,1],"3":[0,1],"4":[0,1],"5":[0,1],"6":[0,1],"7":[0,1],"8":[0,1],"9":[0,1],"10":[0,1],"11":[0,1],"12":[0,1],"13":[0,1],"14":[0,1],"15":[0,1],"16":[0,1],"17":[0,1],"18":[0,1],"19":[0,1],"20":[0,1],"21":[0,1],"22":[0,1],"23":[0,1],"24":[0,1],"25":[0,1],"26":[0,1],"27":[0,1],"28":[0,1],"29":[0,1],"30":[0,1],"31":[0,1],"32":[0,1],"33":[0,1],"34":[0,1],"35":[0,1],"36":[0,1],"37":[0,1],"38":[0,1],"39":[0,1],"40":[0,1],"41":[0,1],"42":[0,1],"43":[0,1],"44":[0,1],"45":[0,1],"46":[0,1],"47":[0,1],"48":[0,1],"49":[0,1],"50":[0,1],"51":[0,1],"52":[0,1],"53":[0,1],"54":[0,1],"55":[0,1],"56":[0,1],"57":[0,1],"58":[0,1],"59":[0,1],"60":[0,1],"61":[0,1],"62":[0,1],"63":[0,1],"64":[1,0],"65":[0,1],"66":[0,1]},"_coverageSchema":"332fd63041d2c1bcb487cc26dd0d5f7d97098a6c","hash":"c5878c5022fb9286bfd55b81853a17a3e08d64db","contentHash":"6732e37c111128573c8eed1b852cf1d4_11.1.0"},"/Users/andeladeveloper/Documents/AndelaProjects/PostIt/server/tests/index.test.js":{"path":"/Users/andeladeveloper/Documents/AndelaProjects/PostIt/server/tests/index.test.js","statementMap":{"0":{"start":{"line":3,"column":0},"end":{"line":3,"column":27}},"1":{"start":{"line":5,"column":14},"end":{"line":5,"column":34}},"2":{"start":{"line":6,"column":10},"end":{"line":6,"column":32}},"3":{"start":{"line":9,"column":0},"end":{"line":16,"column":3}},"4":{"start":{"line":10,"column":2},"end":{"line":12,"column":5}},"5":{"start":{"line":11,"column":4},"end":{"line":11,"column":61}},"6":{"start":{"line":13,"column":2},"end":{"line":15,"column":5}},"7":{"start":{"line":14,"column":4},"end":{"line":14,"column":51}}},"fnMap":{"0":{"name":"(anonymous_0)","decl":{"start":{"line":9,"column":26},"end":{"line":9,"column":27}},"loc":{"start":{"line":9,"column":38},"end":{"line":16,"column":1}},"line":9},"1":{"name":"(anonymous_1)","decl":{"start":{"line":10,"column":76},"end":{"line":10,"column":77}},"loc":{"start":{"line":10,"column":92},"end":{"line":12,"column":3}},"line":10},"2":{"name":"(anonymous_2)","decl":{"start":{"line":13,"column":71},"end":{"line":13,"column":72}},"loc":{"start":{"line":13,"column":87},"end":{"line":15,"column":3}},"line":13}},"branchMap":{},"s":{"0":1,"1":1,"2":1,"3":1,"4":1,"5":1,"6":1,"7":1},"f":{"0":1,"1":1,"2":1},"b":{},"_coverageSchema":"332fd63041d2c1bcb487cc26dd0d5f7d97098a6c","hash":"cfe1c52d8ea298859ae3625727f921d31ffe6d76","contentHash":"5cd4d19b5d6bd5c24b1c0f8990f72f2e_11.1.0"}}